-------------------------------------------------------------------------------
Test set: com.udacity.webcrawler.profiler.ProfilerImplTest
-------------------------------------------------------------------------------
Tests run: 7, Failures: 2, Errors: 5, Skipped: 0, Time elapsed: 0.736 s <<< FAILURE! - in com.udacity.webcrawler.profiler.ProfilerImplTest
com.udacity.webcrawler.profiler.ProfilerImplTest.delegateHasNoMethodsAnnotated  Time elapsed: 0.052 s  <<< FAILURE!
org.opentest4j.AssertionFailedError: Profiler.wrap() should throw an IllegalArgumentException if the wrapped interface does not contain a @Profiled method. ==> Expected java.lang.IllegalArgumentException to be thrown, but nothing was thrown.
	at org.junit.jupiter.api.AssertThrows.assertThrows(AssertThrows.java:71)
	at org.junit.jupiter.api.AssertThrows.assertThrows(AssertThrows.java:41)
	at org.junit.jupiter.api.Assertions.assertThrows(Assertions.java:3098)
	at com.udacity.webcrawler.profiler.ProfilerImplTest.delegateHasNoMethodsAnnotated(ProfilerImplTest.java:21)
	at java.base/jdk.internal.reflect.DirectMethodHandleAccessor.invoke(DirectMethodHandleAccessor.java:104)
	at java.base/java.lang.reflect.Method.invoke(Method.java:578)
	at org.junit.platform.commons.util.ReflectionUtils.invokeMethod(ReflectionUtils.java:725)
	at org.junit.jupiter.engine.execution.MethodInvocation.proceed(MethodInvocation.java:60)
	at org.junit.jupiter.engine.execution.InvocationInterceptorChain$ValidatingInvocation.proceed(InvocationInterceptorChain.java:131)
	at org.junit.jupiter.engine.extension.TimeoutExtension.intercept(TimeoutExtension.java:149)
	at org.junit.jupiter.engine.extension.TimeoutExtension.interceptTestableMethod(TimeoutExtension.java:140)
	at org.junit.jupiter.engine.extension.TimeoutExtension.interceptTestMethod(TimeoutExtension.java:84)
	at org.junit.jupiter.engine.execution.ExecutableInvoker$ReflectiveInterceptorCall.lambda$ofVoidMethod$0(ExecutableInvoker.java:115)
	at org.junit.jupiter.engine.execution.ExecutableInvoker.lambda$invoke$0(ExecutableInvoker.java:105)
	at org.junit.jupiter.engine.execution.InvocationInterceptorChain$InterceptedInvocation.proceed(InvocationInterceptorChain.java:106)
	at org.junit.jupiter.engine.execution.InvocationInterceptorChain.proceed(InvocationInterceptorChain.java:64)
	at org.junit.jupiter.engine.execution.InvocationInterceptorChain.chainAndInvoke(InvocationInterceptorChain.java:45)
	at org.junit.jupiter.engine.execution.InvocationInterceptorChain.invoke(InvocationInterceptorChain.java:37)
	at org.junit.jupiter.engine.execution.ExecutableInvoker.invoke(ExecutableInvoker.java:104)
	at org.junit.jupiter.engine.execution.ExecutableInvoker.invoke(ExecutableInvoker.java:98)
	at org.junit.jupiter.engine.descriptor.TestMethodTestDescriptor.lambda$invokeTestMethod$7(TestMethodTestDescriptor.java:214)
	at org.junit.platform.engine.support.hierarchical.ThrowableCollector.execute(ThrowableCollector.java:73)
	at org.junit.jupiter.engine.descriptor.TestMethodTestDescriptor.invokeTestMethod(TestMethodTestDescriptor.java:210)
	at org.junit.jupiter.engine.descriptor.TestMethodTestDescriptor.execute(TestMethodTestDescriptor.java:135)
	at org.junit.jupiter.engine.descriptor.TestMethodTestDescriptor.execute(TestMethodTestDescriptor.java:66)
	at org.junit.platform.engine.support.hierarchical.NodeTestTask.lambda$executeRecursively$6(NodeTestTask.java:151)
	at org.junit.platform.engine.support.hierarchical.ThrowableCollector.execute(ThrowableCollector.java:73)
	at org.junit.platform.engine.support.hierarchical.NodeTestTask.lambda$executeRecursively$8(NodeTestTask.java:141)
	at org.junit.platform.engine.support.hierarchical.Node.around(Node.java:137)
	at org.junit.platform.engine.support.hierarchical.NodeTestTask.lambda$executeRecursively$9(NodeTestTask.java:139)
	at org.junit.platform.engine.support.hierarchical.ThrowableCollector.execute(ThrowableCollector.java:73)
	at org.junit.platform.engine.support.hierarchical.NodeTestTask.executeRecursively(NodeTestTask.java:138)
	at org.junit.platform.engine.support.hierarchical.NodeTestTask.execute(NodeTestTask.java:95)
	at java.base/java.util.ArrayList.forEach(ArrayList.java:1511)
	at org.junit.platform.engine.support.hierarchical.SameThreadHierarchicalTestExecutorService.invokeAll(SameThreadHierarchicalTestExecutorService.java:41)
	at org.junit.platform.engine.support.hierarchical.NodeTestTask.lambda$executeRecursively$6(NodeTestTask.java:155)
	at org.junit.platform.engine.support.hierarchical.ThrowableCollector.execute(ThrowableCollector.java:73)
	at org.junit.platform.engine.support.hierarchical.NodeTestTask.lambda$executeRecursively$8(NodeTestTask.java:141)
	at org.junit.platform.engine.support.hierarchical.Node.around(Node.java:137)
	at org.junit.platform.engine.support.hierarchical.NodeTestTask.lambda$executeRecursively$9(NodeTestTask.java:139)
	at org.junit.platform.engine.support.hierarchical.ThrowableCollector.execute(ThrowableCollector.java:73)
	at org.junit.platform.engine.support.hierarchical.NodeTestTask.executeRecursively(NodeTestTask.java:138)
	at org.junit.platform.engine.support.hierarchical.NodeTestTask.execute(NodeTestTask.java:95)
	at java.base/java.util.ArrayList.forEach(ArrayList.java:1511)
	at org.junit.platform.engine.support.hierarchical.SameThreadHierarchicalTestExecutorService.invokeAll(SameThreadHierarchicalTestExecutorService.java:41)
	at org.junit.platform.engine.support.hierarchical.NodeTestTask.lambda$executeRecursively$6(NodeTestTask.java:155)
	at org.junit.platform.engine.support.hierarchical.ThrowableCollector.execute(ThrowableCollector.java:73)
	at org.junit.platform.engine.support.hierarchical.NodeTestTask.lambda$executeRecursively$8(NodeTestTask.java:141)
	at org.junit.platform.engine.support.hierarchical.Node.around(Node.java:137)
	at org.junit.platform.engine.support.hierarchical.NodeTestTask.lambda$executeRecursively$9(NodeTestTask.java:139)
	at org.junit.platform.engine.support.hierarchical.ThrowableCollector.execute(ThrowableCollector.java:73)
	at org.junit.platform.engine.support.hierarchical.NodeTestTask.executeRecursively(NodeTestTask.java:138)
	at org.junit.platform.engine.support.hierarchical.NodeTestTask.execute(NodeTestTask.java:95)
	at org.junit.platform.engine.support.hierarchical.SameThreadHierarchicalTestExecutorService.submit(SameThreadHierarchicalTestExecutorService.java:35)
	at org.junit.platform.engine.support.hierarchical.HierarchicalTestExecutor.execute(HierarchicalTestExecutor.java:57)
	at org.junit.platform.engine.support.hierarchical.HierarchicalTestEngine.execute(HierarchicalTestEngine.java:54)
	at org.junit.platform.launcher.core.DefaultLauncher.execute(DefaultLauncher.java:220)
	at org.junit.platform.launcher.core.DefaultLauncher.lambda$execute$6(DefaultLauncher.java:188)
	at org.junit.platform.launcher.core.DefaultLauncher.withInterceptedStreams(DefaultLauncher.java:202)
	at org.junit.platform.launcher.core.DefaultLauncher.execute(DefaultLauncher.java:181)
	at org.junit.platform.launcher.core.DefaultLauncher.execute(DefaultLauncher.java:128)
	at org.apache.maven.surefire.junitplatform.JUnitPlatformProvider.execute(JUnitPlatformProvider.java:188)
	at org.apache.maven.surefire.junitplatform.JUnitPlatformProvider.invokeAllTests(JUnitPlatformProvider.java:154)
	at org.apache.maven.surefire.junitplatform.JUnitPlatformProvider.invoke(JUnitPlatformProvider.java:128)
	at org.apache.maven.surefire.booter.ForkedBooter.runSuitesInProcess(ForkedBooter.java:428)
	at org.apache.maven.surefire.booter.ForkedBooter.execute(ForkedBooter.java:162)
	at org.apache.maven.surefire.booter.ForkedBooter.run(ForkedBooter.java:562)
	at org.apache.maven.surefire.booter.ForkedBooter.main(ForkedBooter.java:548)

com.udacity.webcrawler.profiler.ProfilerImplTest.testNonObjectEquals  Time elapsed: 0.028 s  <<< ERROR!
java.lang.ClassCastException: class com.udacity.webcrawler.profiler.$Proxy9 cannot be cast to class java.lang.Boolean (com.udacity.webcrawler.profiler.$Proxy9 is in unnamed module of loader 'app'; java.lang.Boolean is in module java.base of loader 'bootstrap')
	at com.udacity.webcrawler.profiler.$Proxy9.equals(Unknown Source)
	at com.udacity.webcrawler.profiler.ProfilerImplTest.testNonObjectEquals(ProfilerImplTest.java:71)
	at java.base/jdk.internal.reflect.DirectMethodHandleAccessor.invoke(DirectMethodHandleAccessor.java:104)
	at java.base/java.lang.reflect.Method.invoke(Method.java:578)
	at org.junit.platform.commons.util.ReflectionUtils.invokeMethod(ReflectionUtils.java:725)
	at org.junit.jupiter.engine.execution.MethodInvocation.proceed(MethodInvocation.java:60)
	at org.junit.jupiter.engine.execution.InvocationInterceptorChain$ValidatingInvocation.proceed(InvocationInterceptorChain.java:131)
	at org.junit.jupiter.engine.extension.TimeoutExtension.intercept(TimeoutExtension.java:149)
	at org.junit.jupiter.engine.extension.TimeoutExtension.interceptTestableMethod(TimeoutExtension.java:140)
	at org.junit.jupiter.engine.extension.TimeoutExtension.interceptTestMethod(TimeoutExtension.java:84)
	at org.junit.jupiter.engine.execution.ExecutableInvoker$ReflectiveInterceptorCall.lambda$ofVoidMethod$0(ExecutableInvoker.java:115)
	at org.junit.jupiter.engine.execution.ExecutableInvoker.lambda$invoke$0(ExecutableInvoker.java:105)
	at org.junit.jupiter.engine.execution.InvocationInterceptorChain$InterceptedInvocation.proceed(InvocationInterceptorChain.java:106)
	at org.junit.jupiter.engine.execution.InvocationInterceptorChain.proceed(InvocationInterceptorChain.java:64)
	at org.junit.jupiter.engine.execution.InvocationInterceptorChain.chainAndInvoke(InvocationInterceptorChain.java:45)
	at org.junit.jupiter.engine.execution.InvocationInterceptorChain.invoke(InvocationInterceptorChain.java:37)
	at org.junit.jupiter.engine.execution.ExecutableInvoker.invoke(ExecutableInvoker.java:104)
	at org.junit.jupiter.engine.execution.ExecutableInvoker.invoke(ExecutableInvoker.java:98)
	at org.junit.jupiter.engine.descriptor.TestMethodTestDescriptor.lambda$invokeTestMethod$7(TestMethodTestDescriptor.java:214)
	at org.junit.platform.engine.support.hierarchical.ThrowableCollector.execute(ThrowableCollector.java:73)
	at org.junit.jupiter.engine.descriptor.TestMethodTestDescriptor.invokeTestMethod(TestMethodTestDescriptor.java:210)
	at org.junit.jupiter.engine.descriptor.TestMethodTestDescriptor.execute(TestMethodTestDescriptor.java:135)
	at org.junit.jupiter.engine.descriptor.TestMethodTestDescriptor.execute(TestMethodTestDescriptor.java:66)
	at org.junit.platform.engine.support.hierarchical.NodeTestTask.lambda$executeRecursively$6(NodeTestTask.java:151)
	at org.junit.platform.engine.support.hierarchical.ThrowableCollector.execute(ThrowableCollector.java:73)
	at org.junit.platform.engine.support.hierarchical.NodeTestTask.lambda$executeRecursively$8(NodeTestTask.java:141)
	at org.junit.platform.engine.support.hierarchical.Node.around(Node.java:137)
	at org.junit.platform.engine.support.hierarchical.NodeTestTask.lambda$executeRecursively$9(NodeTestTask.java:139)
	at org.junit.platform.engine.support.hierarchical.ThrowableCollector.execute(ThrowableCollector.java:73)
	at org.junit.platform.engine.support.hierarchical.NodeTestTask.executeRecursively(NodeTestTask.java:138)
	at org.junit.platform.engine.support.hierarchical.NodeTestTask.execute(NodeTestTask.java:95)
	at java.base/java.util.ArrayList.forEach(ArrayList.java:1511)
	at org.junit.platform.engine.support.hierarchical.SameThreadHierarchicalTestExecutorService.invokeAll(SameThreadHierarchicalTestExecutorService.java:41)
	at org.junit.platform.engine.support.hierarchical.NodeTestTask.lambda$executeRecursively$6(NodeTestTask.java:155)
	at org.junit.platform.engine.support.hierarchical.ThrowableCollector.execute(ThrowableCollector.java:73)
	at org.junit.platform.engine.support.hierarchical.NodeTestTask.lambda$executeRecursively$8(NodeTestTask.java:141)
	at org.junit.platform.engine.support.hierarchical.Node.around(Node.java:137)
	at org.junit.platform.engine.support.hierarchical.NodeTestTask.lambda$executeRecursively$9(NodeTestTask.java:139)
	at org.junit.platform.engine.support.hierarchical.ThrowableCollector.execute(ThrowableCollector.java:73)
	at org.junit.platform.engine.support.hierarchical.NodeTestTask.executeRecursively(NodeTestTask.java:138)
	at org.junit.platform.engine.support.hierarchical.NodeTestTask.execute(NodeTestTask.java:95)
	at java.base/java.util.ArrayList.forEach(ArrayList.java:1511)
	at org.junit.platform.engine.support.hierarchical.SameThreadHierarchicalTestExecutorService.invokeAll(SameThreadHierarchicalTestExecutorService.java:41)
	at org.junit.platform.engine.support.hierarchical.NodeTestTask.lambda$executeRecursively$6(NodeTestTask.java:155)
	at org.junit.platform.engine.support.hierarchical.ThrowableCollector.execute(ThrowableCollector.java:73)
	at org.junit.platform.engine.support.hierarchical.NodeTestTask.lambda$executeRecursively$8(NodeTestTask.java:141)
	at org.junit.platform.engine.support.hierarchical.Node.around(Node.java:137)
	at org.junit.platform.engine.support.hierarchical.NodeTestTask.lambda$executeRecursively$9(NodeTestTask.java:139)
	at org.junit.platform.engine.support.hierarchical.ThrowableCollector.execute(ThrowableCollector.java:73)
	at org.junit.platform.engine.support.hierarchical.NodeTestTask.executeRecursively(NodeTestTask.java:138)
	at org.junit.platform.engine.support.hierarchical.NodeTestTask.execute(NodeTestTask.java:95)
	at org.junit.platform.engine.support.hierarchical.SameThreadHierarchicalTestExecutorService.submit(SameThreadHierarchicalTestExecutorService.java:35)
	at org.junit.platform.engine.support.hierarchical.HierarchicalTestExecutor.execute(HierarchicalTestExecutor.java:57)
	at org.junit.platform.engine.support.hierarchical.HierarchicalTestEngine.execute(HierarchicalTestEngine.java:54)
	at org.junit.platform.launcher.core.DefaultLauncher.execute(DefaultLauncher.java:220)
	at org.junit.platform.launcher.core.DefaultLauncher.lambda$execute$6(DefaultLauncher.java:188)
	at org.junit.platform.launcher.core.DefaultLauncher.withInterceptedStreams(DefaultLauncher.java:202)
	at org.junit.platform.launcher.core.DefaultLauncher.execute(DefaultLauncher.java:181)
	at org.junit.platform.launcher.core.DefaultLauncher.execute(DefaultLauncher.java:128)
	at org.apache.maven.surefire.junitplatform.JUnitPlatformProvider.execute(JUnitPlatformProvider.java:188)
	at org.apache.maven.surefire.junitplatform.JUnitPlatformProvider.invokeAllTests(JUnitPlatformProvider.java:154)
	at org.apache.maven.surefire.junitplatform.JUnitPlatformProvider.invoke(JUnitPlatformProvider.java:128)
	at org.apache.maven.surefire.booter.ForkedBooter.runSuitesInProcess(ForkedBooter.java:428)
	at org.apache.maven.surefire.booter.ForkedBooter.execute(ForkedBooter.java:162)
	at org.apache.maven.surefire.booter.ForkedBooter.run(ForkedBooter.java:562)
	at org.apache.maven.surefire.booter.ForkedBooter.main(ForkedBooter.java:548)

com.udacity.webcrawler.profiler.ProfilerImplTest.testToString  Time elapsed: 0.002 s  <<< ERROR!
java.lang.ClassCastException: class com.udacity.webcrawler.profiler.$Proxy9 cannot be cast to class java.lang.String (com.udacity.webcrawler.profiler.$Proxy9 is in unnamed module of loader 'app'; java.lang.String is in module java.base of loader 'bootstrap')
	at com.udacity.webcrawler.profiler.$Proxy9.toString(Unknown Source)
	at com.udacity.webcrawler.profiler.ProfilerImplTest.testToString(ProfilerImplTest.java:33)
	at java.base/jdk.internal.reflect.DirectMethodHandleAccessor.invoke(DirectMethodHandleAccessor.java:104)
	at java.base/java.lang.reflect.Method.invoke(Method.java:578)
	at org.junit.platform.commons.util.ReflectionUtils.invokeMethod(ReflectionUtils.java:725)
	at org.junit.jupiter.engine.execution.MethodInvocation.proceed(MethodInvocation.java:60)
	at org.junit.jupiter.engine.execution.InvocationInterceptorChain$ValidatingInvocation.proceed(InvocationInterceptorChain.java:131)
	at org.junit.jupiter.engine.extension.TimeoutExtension.intercept(TimeoutExtension.java:149)
	at org.junit.jupiter.engine.extension.TimeoutExtension.interceptTestableMethod(TimeoutExtension.java:140)
	at org.junit.jupiter.engine.extension.TimeoutExtension.interceptTestMethod(TimeoutExtension.java:84)
	at org.junit.jupiter.engine.execution.ExecutableInvoker$ReflectiveInterceptorCall.lambda$ofVoidMethod$0(ExecutableInvoker.java:115)
	at org.junit.jupiter.engine.execution.ExecutableInvoker.lambda$invoke$0(ExecutableInvoker.java:105)
	at org.junit.jupiter.engine.execution.InvocationInterceptorChain$InterceptedInvocation.proceed(InvocationInterceptorChain.java:106)
	at org.junit.jupiter.engine.execution.InvocationInterceptorChain.proceed(InvocationInterceptorChain.java:64)
	at org.junit.jupiter.engine.execution.InvocationInterceptorChain.chainAndInvoke(InvocationInterceptorChain.java:45)
	at org.junit.jupiter.engine.execution.InvocationInterceptorChain.invoke(InvocationInterceptorChain.java:37)
	at org.junit.jupiter.engine.execution.ExecutableInvoker.invoke(ExecutableInvoker.java:104)
	at org.junit.jupiter.engine.execution.ExecutableInvoker.invoke(ExecutableInvoker.java:98)
	at org.junit.jupiter.engine.descriptor.TestMethodTestDescriptor.lambda$invokeTestMethod$7(TestMethodTestDescriptor.java:214)
	at org.junit.platform.engine.support.hierarchical.ThrowableCollector.execute(ThrowableCollector.java:73)
	at org.junit.jupiter.engine.descriptor.TestMethodTestDescriptor.invokeTestMethod(TestMethodTestDescriptor.java:210)
	at org.junit.jupiter.engine.descriptor.TestMethodTestDescriptor.execute(TestMethodTestDescriptor.java:135)
	at org.junit.jupiter.engine.descriptor.TestMethodTestDescriptor.execute(TestMethodTestDescriptor.java:66)
	at org.junit.platform.engine.support.hierarchical.NodeTestTask.lambda$executeRecursively$6(NodeTestTask.java:151)
	at org.junit.platform.engine.support.hierarchical.ThrowableCollector.execute(ThrowableCollector.java:73)
	at org.junit.platform.engine.support.hierarchical.NodeTestTask.lambda$executeRecursively$8(NodeTestTask.java:141)
	at org.junit.platform.engine.support.hierarchical.Node.around(Node.java:137)
	at org.junit.platform.engine.support.hierarchical.NodeTestTask.lambda$executeRecursively$9(NodeTestTask.java:139)
	at org.junit.platform.engine.support.hierarchical.ThrowableCollector.execute(ThrowableCollector.java:73)
	at org.junit.platform.engine.support.hierarchical.NodeTestTask.executeRecursively(NodeTestTask.java:138)
	at org.junit.platform.engine.support.hierarchical.NodeTestTask.execute(NodeTestTask.java:95)
	at java.base/java.util.ArrayList.forEach(ArrayList.java:1511)
	at org.junit.platform.engine.support.hierarchical.SameThreadHierarchicalTestExecutorService.invokeAll(SameThreadHierarchicalTestExecutorService.java:41)
	at org.junit.platform.engine.support.hierarchical.NodeTestTask.lambda$executeRecursively$6(NodeTestTask.java:155)
	at org.junit.platform.engine.support.hierarchical.ThrowableCollector.execute(ThrowableCollector.java:73)
	at org.junit.platform.engine.support.hierarchical.NodeTestTask.lambda$executeRecursively$8(NodeTestTask.java:141)
	at org.junit.platform.engine.support.hierarchical.Node.around(Node.java:137)
	at org.junit.platform.engine.support.hierarchical.NodeTestTask.lambda$executeRecursively$9(NodeTestTask.java:139)
	at org.junit.platform.engine.support.hierarchical.ThrowableCollector.execute(ThrowableCollector.java:73)
	at org.junit.platform.engine.support.hierarchical.NodeTestTask.executeRecursively(NodeTestTask.java:138)
	at org.junit.platform.engine.support.hierarchical.NodeTestTask.execute(NodeTestTask.java:95)
	at java.base/java.util.ArrayList.forEach(ArrayList.java:1511)
	at org.junit.platform.engine.support.hierarchical.SameThreadHierarchicalTestExecutorService.invokeAll(SameThreadHierarchicalTestExecutorService.java:41)
	at org.junit.platform.engine.support.hierarchical.NodeTestTask.lambda$executeRecursively$6(NodeTestTask.java:155)
	at org.junit.platform.engine.support.hierarchical.ThrowableCollector.execute(ThrowableCollector.java:73)
	at org.junit.platform.engine.support.hierarchical.NodeTestTask.lambda$executeRecursively$8(NodeTestTask.java:141)
	at org.junit.platform.engine.support.hierarchical.Node.around(Node.java:137)
	at org.junit.platform.engine.support.hierarchical.NodeTestTask.lambda$executeRecursively$9(NodeTestTask.java:139)
	at org.junit.platform.engine.support.hierarchical.ThrowableCollector.execute(ThrowableCollector.java:73)
	at org.junit.platform.engine.support.hierarchical.NodeTestTask.executeRecursively(NodeTestTask.java:138)
	at org.junit.platform.engine.support.hierarchical.NodeTestTask.execute(NodeTestTask.java:95)
	at org.junit.platform.engine.support.hierarchical.SameThreadHierarchicalTestExecutorService.submit(SameThreadHierarchicalTestExecutorService.java:35)
	at org.junit.platform.engine.support.hierarchical.HierarchicalTestExecutor.execute(HierarchicalTestExecutor.java:57)
	at org.junit.platform.engine.support.hierarchical.HierarchicalTestEngine.execute(HierarchicalTestEngine.java:54)
	at org.junit.platform.launcher.core.DefaultLauncher.execute(DefaultLauncher.java:220)
	at org.junit.platform.launcher.core.DefaultLauncher.lambda$execute$6(DefaultLauncher.java:188)
	at org.junit.platform.launcher.core.DefaultLauncher.withInterceptedStreams(DefaultLauncher.java:202)
	at org.junit.platform.launcher.core.DefaultLauncher.execute(DefaultLauncher.java:181)
	at org.junit.platform.launcher.core.DefaultLauncher.execute(DefaultLauncher.java:128)
	at org.apache.maven.surefire.junitplatform.JUnitPlatformProvider.execute(JUnitPlatformProvider.java:188)
	at org.apache.maven.surefire.junitplatform.JUnitPlatformProvider.invokeAllTests(JUnitPlatformProvider.java:154)
	at org.apache.maven.surefire.junitplatform.JUnitPlatformProvider.invoke(JUnitPlatformProvider.java:128)
	at org.apache.maven.surefire.booter.ForkedBooter.runSuitesInProcess(ForkedBooter.java:428)
	at org.apache.maven.surefire.booter.ForkedBooter.execute(ForkedBooter.java:162)
	at org.apache.maven.surefire.booter.ForkedBooter.run(ForkedBooter.java:562)
	at org.apache.maven.surefire.booter.ForkedBooter.main(ForkedBooter.java:548)

com.udacity.webcrawler.profiler.ProfilerImplTest.testBasicProfiling  Time elapsed: 0.207 s  <<< ERROR!
java.lang.StackOverflowError
	at java.base/java.util.ImmutableCollections$Set12.contains(ImmutableCollections.java:810)
	at java.base/java.lang.Module.allows(Module.java:672)
	at java.base/java.lang.Module.isStaticallyExportedOrOpen(Module.java:657)
	at java.base/java.lang.Module.implIsExportedOrOpen(Module.java:632)
	at java.base/java.lang.Module.isExported(Module.java:532)
	at java.base/sun.invoke.util.VerifyAccess.isModuleAccessible(VerifyAccess.java:262)
	at java.base/sun.invoke.util.VerifyAccess.isClassAccessible(VerifyAccess.java:230)
	at java.base/java.lang.invoke.MethodHandles$Lookup.isClassAccessible(MethodHandles.java:3712)
	at java.base/java.lang.invoke.MethodHandles$Lookup.checkSymbolicClass(MethodHandles.java:3700)
	at java.base/java.lang.invoke.MethodHandles$Lookup.linkMethodHandleConstant(MethodHandles.java:4150)
	at java.base/java.lang.invoke.MethodHandleNatives.linkMethodHandleConstant(MethodHandleNatives.java:612)
	at com.udacity.webcrawler.profiler.ProfilingState.record(ProfilingState.java:34)
	at com.udacity.webcrawler.profiler.ProfilingMethodInterceptor.invoke(ProfilingMethodInterceptor.java:38)
	at com.udacity.webcrawler.profiler.$Proxy9.profiled(Unknown Source)
	at java.base/jdk.internal.reflect.DirectMethodHandleAccessor.invoke(DirectMethodHandleAccessor.java:104)
	at java.base/java.lang.reflect.Method.invoke(Method.java:578)
	at com.udacity.webcrawler.profiler.ProfilingMethodInterceptor.invoke(ProfilingMethodInterceptor.java:33)
	at com.udacity.webcrawler.profiler.$Proxy9.profiled(Unknown Source)
	at java.base/jdk.internal.reflect.DirectMethodHandleAccessor.invoke(DirectMethodHandleAccessor.java:104)
	at java.base/java.lang.reflect.Method.invoke(Method.java:578)
	at com.udacity.webcrawler.profiler.ProfilingMethodInterceptor.invoke(ProfilingMethodInterceptor.java:33)
	at com.udacity.webcrawler.profiler.$Proxy9.profiled(Unknown Source)
	at java.base/jdk.internal.reflect.DirectMethodHandleAccessor.invoke(DirectMethodHandleAccessor.java:104)
	at java.base/java.lang.reflect.Method.invoke(Method.java:578)
	at com.udacity.webcrawler.profiler.ProfilingMethodInterceptor.invoke(ProfilingMethodInterceptor.java:33)
	at com.udacity.webcrawler.profiler.$Proxy9.profiled(Unknown Source)
	at java.base/jdk.internal.reflect.DirectMethodHandleAccessor.invoke(DirectMethodHandleAccessor.java:104)
	at java.base/java.lang.reflect.Method.invoke(Method.java:578)
	at com.udacity.webcrawler.profiler.ProfilingMethodInterceptor.invoke(ProfilingMethodInterceptor.java:33)
	at com.udacity.webcrawler.profiler.$Proxy9.profiled(Unknown Source)
	at java.base/jdk.internal.reflect.DirectMethodHandleAccessor.invoke(DirectMethodHandleAccessor.java:104)
	at java.base/java.lang.reflect.Method.invoke(Method.java:578)
	at com.udacity.webcrawler.profiler.ProfilingMethodInterceptor.invoke(ProfilingMethodInterceptor.java:33)
	at com.udacity.webcrawler.profiler.$Proxy9.profiled(Unknown Source)
	at java.base/jdk.internal.reflect.DirectMethodHandleAccessor.invoke(DirectMethodHandleAccessor.java:104)
	at java.base/java.lang.reflect.Method.invoke(Method.java:578)
	at com.udacity.webcrawler.profiler.ProfilingMethodInterceptor.invoke(ProfilingMethodInterceptor.java:33)
	at com.udacity.webcrawler.profiler.$Proxy9.profiled(Unknown Source)
	at java.base/jdk.internal.reflect.DirectMethodHandleAccessor.invoke(DirectMethodHandleAccessor.java:104)
	at java.base/java.lang.reflect.Method.invoke(Method.java:578)
	at com.udacity.webcrawler.profiler.ProfilingMethodInterceptor.invoke(ProfilingMethodInterceptor.java:33)
	at com.udacity.webcrawler.profiler.$Proxy9.profiled(Unknown Source)
	at java.base/jdk.internal.reflect.DirectMethodHandleAccessor.invoke(DirectMethodHandleAccessor.java:104)
	at java.base/java.lang.reflect.Method.invoke(Method.java:578)
	at com.udacity.webcrawler.profiler.ProfilingMethodInterceptor.invoke(ProfilingMethodInterceptor.java:33)
	at com.udacity.webcrawler.profiler.$Proxy9.profiled(Unknown Source)
	at java.base/jdk.internal.reflect.DirectMethodHandleAccessor.invoke(DirectMethodHandleAccessor.java:104)
	at java.base/java.lang.reflect.Method.invoke(Method.java:578)
	at com.udacity.webcrawler.profiler.ProfilingMethodInterceptor.invoke(ProfilingMethodInterceptor.java:33)
	at com.udacity.webcrawler.profiler.$Proxy9.profiled(Unknown Source)
	at java.base/jdk.internal.reflect.DirectMethodHandleAccessor.invoke(DirectMethodHandleAccessor.java:104)
	at java.base/java.lang.reflect.Method.invoke(Method.java:578)
	at com.udacity.webcrawler.profiler.ProfilingMethodInterceptor.invoke(ProfilingMethodInterceptor.java:33)
	at com.udacity.webcrawler.profiler.$Proxy9.profiled(Unknown Source)
	at java.base/jdk.internal.reflect.DirectMethodHandleAccessor.invoke(DirectMethodHandleAccessor.java:104)
	at java.base/java.lang.reflect.Method.invoke(Method.java:578)
	at com.udacity.webcrawler.profiler.ProfilingMethodInterceptor.invoke(ProfilingMethodInterceptor.java:33)
	at com.udacity.webcrawler.profiler.$Proxy9.profiled(Unknown Source)
	at java.base/jdk.internal.reflect.DirectMethodHandleAccessor.invoke(DirectMethodHandleAccessor.java:104)
	at java.base/java.lang.reflect.Method.invoke(Method.java:578)
	at com.udacity.webcrawler.profiler.ProfilingMethodInterceptor.invoke(ProfilingMethodInterceptor.java:33)
	at com.udacity.webcrawler.profiler.$Proxy9.profiled(Unknown Source)
	at java.base/jdk.internal.reflect.DirectMethodHandleAccessor.invoke(DirectMethodHandleAccessor.java:104)
	at java.base/java.lang.reflect.Method.invoke(Method.java:578)
	at com.udacity.webcrawler.profiler.ProfilingMethodInterceptor.invoke(ProfilingMethodInterceptor.java:33)
	at com.udacity.webcrawler.profiler.$Proxy9.profiled(Unknown Source)
	at java.base/jdk.internal.reflect.DirectMethodHandleAccessor.invoke(DirectMethodHandleAccessor.java:104)
	at java.base/java.lang.reflect.Method.invoke(Method.java:578)
	at com.udacity.webcrawler.profiler.ProfilingMethodInterceptor.invoke(ProfilingMethodInterceptor.java:33)
	at com.udacity.webcrawler.profiler.$Proxy9.profiled(Unknown Source)
	at java.base/jdk.internal.reflect.DirectMethodHandleAccessor.invoke(DirectMethodHandleAccessor.java:104)
	at java.base/java.lang.reflect.Method.invoke(Method.java:578)
	at com.udacity.webcrawler.profiler.ProfilingMethodInterceptor.invoke(ProfilingMethodInterceptor.java:33)
	at com.udacity.webcrawler.profiler.$Proxy9.profiled(Unknown Source)
	at java.base/jdk.internal.reflect.DirectMethodHandleAccessor.invoke(DirectMethodHandleAccessor.java:104)
	at java.base/java.lang.reflect.Method.invoke(Method.java:578)
	at com.udacity.webcrawler.profiler.ProfilingMethodInterceptor.invoke(ProfilingMethodInterceptor.java:33)
	at com.udacity.webcrawler.profiler.$Proxy9.profiled(Unknown Source)
	at java.base/jdk.internal.reflect.DirectMethodHandleAccessor.invoke(DirectMethodHandleAccessor.java:104)
	at java.base/java.lang.reflect.Method.invoke(Method.java:578)
	at com.udacity.webcrawler.profiler.ProfilingMethodInterceptor.invoke(ProfilingMethodInterceptor.java:33)
	at com.udacity.webcrawler.profiler.$Proxy9.profiled(Unknown Source)
	at java.base/jdk.internal.reflect.DirectMethodHandleAccessor.invoke(DirectMethodHandleAccessor.java:104)
	at java.base/java.lang.reflect.Method.invoke(Method.java:578)
	at com.udacity.webcrawler.profiler.ProfilingMethodInterceptor.invoke(ProfilingMethodInterceptor.java:33)
	at com.udacity.webcrawler.profiler.$Proxy9.profiled(Unknown Source)
	at java.base/jdk.internal.reflect.DirectMethodHandleAccessor.invoke(DirectMethodHandleAccessor.java:104)
	at java.base/java.lang.reflect.Method.invoke(Method.java:578)
	at com.udacity.webcrawler.profiler.ProfilingMethodInterceptor.invoke(ProfilingMethodInterceptor.java:33)
	at com.udacity.webcrawler.profiler.$Proxy9.profiled(Unknown Source)
	at java.base/jdk.internal.reflect.DirectMethodHandleAccessor.invoke(DirectMethodHandleAccessor.java:104)
	at java.base/java.lang.reflect.Method.invoke(Method.java:578)
	at com.udacity.webcrawler.profiler.ProfilingMethodInterceptor.invoke(ProfilingMethodInterceptor.java:33)
	at com.udacity.webcrawler.profiler.$Proxy9.profiled(Unknown Source)
	at java.base/jdk.internal.reflect.DirectMethodHandleAccessor.invoke(DirectMethodHandleAccessor.java:104)
	at java.base/java.lang.reflect.Method.invoke(Method.java:578)
	at com.udacity.webcrawler.profiler.ProfilingMethodInterceptor.invoke(ProfilingMethodInterceptor.java:33)
	at com.udacity.webcrawler.profiler.$Proxy9.profiled(Unknown Source)
	at java.base/jdk.internal.reflect.DirectMethodHandleAccessor.invoke(DirectMethodHandleAccessor.java:104)
	at java.base/java.lang.reflect.Method.invoke(Method.java:578)
	at com.udacity.webcrawler.profiler.ProfilingMethodInterceptor.invoke(ProfilingMethodInterceptor.java:33)
	at com.udacity.webcrawler.profiler.$Proxy9.profiled(Unknown Source)
	at java.base/jdk.internal.reflect.DirectMethodHandleAccessor.invoke(DirectMethodHandleAccessor.java:104)
	at java.base/java.lang.reflect.Method.invoke(Method.java:578)
	at com.udacity.webcrawler.profiler.ProfilingMethodInterceptor.invoke(ProfilingMethodInterceptor.java:33)
	at com.udacity.webcrawler.profiler.$Proxy9.profiled(Unknown Source)
	at java.base/jdk.internal.reflect.DirectMethodHandleAccessor.invoke(DirectMethodHandleAccessor.java:104)
	at java.base/java.lang.reflect.Method.invoke(Method.java:578)
	at com.udacity.webcrawler.profiler.ProfilingMethodInterceptor.invoke(ProfilingMethodInterceptor.java:33)
	at com.udacity.webcrawler.profiler.$Proxy9.profiled(Unknown Source)
	at java.base/jdk.internal.reflect.DirectMethodHandleAccessor.invoke(DirectMethodHandleAccessor.java:104)
	at java.base/java.lang.reflect.Method.invoke(Method.java:578)
	at com.udacity.webcrawler.profiler.ProfilingMethodInterceptor.invoke(ProfilingMethodInterceptor.java:33)
	at com.udacity.webcrawler.profiler.$Proxy9.profiled(Unknown Source)
	at java.base/jdk.internal.reflect.DirectMethodHandleAccessor.invoke(DirectMethodHandleAccessor.java:104)
	at java.base/java.lang.reflect.Method.invoke(Method.java:578)
	at com.udacity.webcrawler.profiler.ProfilingMethodInterceptor.invoke(ProfilingMethodInterceptor.java:33)
	at com.udacity.webcrawler.profiler.$Proxy9.profiled(Unknown Source)
	at java.base/jdk.internal.reflect.DirectMethodHandleAccessor.invoke(DirectMethodHandleAccessor.java:104)
	at java.base/java.lang.reflect.Method.invoke(Method.java:578)
	at com.udacity.webcrawler.profiler.ProfilingMethodInterceptor.invoke(ProfilingMethodInterceptor.java:33)
	at com.udacity.webcrawler.profiler.$Proxy9.profiled(Unknown Source)
	at java.base/jdk.internal.reflect.DirectMethodHandleAccessor.invoke(DirectMethodHandleAccessor.java:104)
	at java.base/java.lang.reflect.Method.invoke(Method.java:578)
	at com.udacity.webcrawler.profiler.ProfilingMethodInterceptor.invoke(ProfilingMethodInterceptor.java:33)
	at com.udacity.webcrawler.profiler.$Proxy9.profiled(Unknown Source)
	at java.base/jdk.internal.reflect.DirectMethodHandleAccessor.invoke(DirectMethodHandleAccessor.java:104)
	at java.base/java.lang.reflect.Method.invoke(Method.java:578)
	at com.udacity.webcrawler.profiler.ProfilingMethodInterceptor.invoke(ProfilingMethodInterceptor.java:33)
	at com.udacity.webcrawler.profiler.$Proxy9.profiled(Unknown Source)
	at java.base/jdk.internal.reflect.DirectMethodHandleAccessor.invoke(DirectMethodHandleAccessor.java:104)
	at java.base/java.lang.reflect.Method.invoke(Method.java:578)
	at com.udacity.webcrawler.profiler.ProfilingMethodInterceptor.invoke(ProfilingMethodInterceptor.java:33)
	at com.udacity.webcrawler.profiler.$Proxy9.profiled(Unknown Source)
	at java.base/jdk.internal.reflect.DirectMethodHandleAccessor.invoke(DirectMethodHandleAccessor.java:104)
	at java.base/java.lang.reflect.Method.invoke(Method.java:578)
	at com.udacity.webcrawler.profiler.ProfilingMethodInterceptor.invoke(ProfilingMethodInterceptor.java:33)
	at com.udacity.webcrawler.profiler.$Proxy9.profiled(Unknown Source)
	at java.base/jdk.internal.reflect.DirectMethodHandleAccessor.invoke(DirectMethodHandleAccessor.java:104)
	at java.base/java.lang.reflect.Method.invoke(Method.java:578)
	at com.udacity.webcrawler.profiler.ProfilingMethodInterceptor.invoke(ProfilingMethodInterceptor.java:33)
	at com.udacity.webcrawler.profiler.$Proxy9.profiled(Unknown Source)
	at java.base/jdk.internal.reflect.DirectMethodHandleAccessor.invoke(DirectMethodHandleAccessor.java:104)
	at java.base/java.lang.reflect.Method.invoke(Method.java:578)
	at com.udacity.webcrawler.profiler.ProfilingMethodInterceptor.invoke(ProfilingMethodInterceptor.java:33)
	at com.udacity.webcrawler.profiler.$Proxy9.profiled(Unknown Source)
	at java.base/jdk.internal.reflect.DirectMethodHandleAccessor.invoke(DirectMethodHandleAccessor.java:104)
	at java.base/java.lang.reflect.Method.invoke(Method.java:578)
	at com.udacity.webcrawler.profiler.ProfilingMethodInterceptor.invoke(ProfilingMethodInterceptor.java:33)
	at com.udacity.webcrawler.profiler.$Proxy9.profiled(Unknown Source)
	at java.base/jdk.internal.reflect.DirectMethodHandleAccessor.invoke(DirectMethodHandleAccessor.java:104)
	at java.base/java.lang.reflect.Method.invoke(Method.java:578)
	at com.udacity.webcrawler.profiler.ProfilingMethodInterceptor.invoke(ProfilingMethodInterceptor.java:33)
	at com.udacity.webcrawler.profiler.$Proxy9.profiled(Unknown Source)
	at java.base/jdk.internal.reflect.DirectMethodHandleAccessor.invoke(DirectMethodHandleAccessor.java:104)
	at java.base/java.lang.reflect.Method.invoke(Method.java:578)
	at com.udacity.webcrawler.profiler.ProfilingMethodInterceptor.invoke(ProfilingMethodInterceptor.java:33)
	at com.udacity.webcrawler.profiler.$Proxy9.profiled(Unknown Source)
	at java.base/jdk.internal.reflect.DirectMethodHandleAccessor.invoke(DirectMethodHandleAccessor.java:104)
	at java.base/java.lang.reflect.Method.invoke(Method.java:578)
	at com.udacity.webcrawler.profiler.ProfilingMethodInterceptor.invoke(ProfilingMethodInterceptor.java:33)
	at com.udacity.webcrawler.profiler.$Proxy9.profiled(Unknown Source)
	at java.base/jdk.internal.reflect.DirectMethodHandleAccessor.invoke(DirectMethodHandleAccessor.java:104)
	at java.base/java.lang.reflect.Method.invoke(Method.java:578)
	at com.udacity.webcrawler.profiler.ProfilingMethodInterceptor.invoke(ProfilingMethodInterceptor.java:33)
	at com.udacity.webcrawler.profiler.$Proxy9.profiled(Unknown Source)
	at java.base/jdk.internal.reflect.DirectMethodHandleAccessor.invoke(DirectMethodHandleAccessor.java:104)
	at java.base/java.lang.reflect.Method.invoke(Method.java:578)
	at com.udacity.webcrawler.profiler.ProfilingMethodInterceptor.invoke(ProfilingMethodInterceptor.java:33)
	at com.udacity.webcrawler.profiler.$Proxy9.profiled(Unknown Source)
	at java.base/jdk.internal.reflect.DirectMethodHandleAccessor.invoke(DirectMethodHandleAccessor.java:104)
	at java.base/java.lang.reflect.Method.invoke(Method.java:578)
	at com.udacity.webcrawler.profiler.ProfilingMethodInterceptor.invoke(ProfilingMethodInterceptor.java:33)
	at com.udacity.webcrawler.profiler.$Proxy9.profiled(Unknown Source)
	at java.base/jdk.internal.reflect.DirectMethodHandleAccessor.invoke(DirectMethodHandleAccessor.java:104)
	at java.base/java.lang.reflect.Method.invoke(Method.java:578)
	at com.udacity.webcrawler.profiler.ProfilingMethodInterceptor.invoke(ProfilingMethodInterceptor.java:33)
	at com.udacity.webcrawler.profiler.$Proxy9.profiled(Unknown Source)
	at java.base/jdk.internal.reflect.DirectMethodHandleAccessor.invoke(DirectMethodHandleAccessor.java:104)
	at java.base/java.lang.reflect.Method.invoke(Method.java:578)
	at com.udacity.webcrawler.profiler.ProfilingMethodInterceptor.invoke(ProfilingMethodInterceptor.java:33)
	at com.udacity.webcrawler.profiler.$Proxy9.profiled(Unknown Source)
	at java.base/jdk.internal.reflect.DirectMethodHandleAccessor.invoke(DirectMethodHandleAccessor.java:104)
	at java.base/java.lang.reflect.Method.invoke(Method.java:578)
	at com.udacity.webcrawler.profiler.ProfilingMethodInterceptor.invoke(ProfilingMethodInterceptor.java:33)
	at com.udacity.webcrawler.profiler.$Proxy9.profiled(Unknown Source)
	at java.base/jdk.internal.reflect.DirectMethodHandleAccessor.invoke(DirectMethodHandleAccessor.java:104)
	at java.base/java.lang.reflect.Method.invoke(Method.java:578)
	at com.udacity.webcrawler.profiler.ProfilingMethodInterceptor.invoke(ProfilingMethodInterceptor.java:33)
	at com.udacity.webcrawler.profiler.$Proxy9.profiled(Unknown Source)
	at java.base/jdk.internal.reflect.DirectMethodHandleAccessor.invoke(DirectMethodHandleAccessor.java:104)
	at java.base/java.lang.reflect.Method.invoke(Method.java:578)
	at com.udacity.webcrawler.profiler.ProfilingMethodInterceptor.invoke(ProfilingMethodInterceptor.java:33)
	at com.udacity.webcrawler.profiler.$Proxy9.profiled(Unknown Source)
	at java.base/jdk.internal.reflect.DirectMethodHandleAccessor.invoke(DirectMethodHandleAccessor.java:104)
	at java.base/java.lang.reflect.Method.invoke(Method.java:578)
	at com.udacity.webcrawler.profiler.ProfilingMethodInterceptor.invoke(ProfilingMethodInterceptor.java:33)
	at com.udacity.webcrawler.profiler.$Proxy9.profiled(Unknown Source)
	at java.base/jdk.internal.reflect.DirectMethodHandleAccessor.invoke(DirectMethodHandleAccessor.java:104)
	at java.base/java.lang.reflect.Method.invoke(Method.java:578)
	at com.udacity.webcrawler.profiler.ProfilingMethodInterceptor.invoke(ProfilingMethodInterceptor.java:33)
	at com.udacity.webcrawler.profiler.$Proxy9.profiled(Unknown Source)
	at java.base/jdk.internal.reflect.DirectMethodHandleAccessor.invoke(DirectMethodHandleAccessor.java:104)
	at java.base/java.lang.reflect.Method.invoke(Method.java:578)
	at com.udacity.webcrawler.profiler.ProfilingMethodInterceptor.invoke(ProfilingMethodInterceptor.java:33)
	at com.udacity.webcrawler.profiler.$Proxy9.profiled(Unknown Source)
	at java.base/jdk.internal.reflect.DirectMethodHandleAccessor.invoke(DirectMethodHandleAccessor.java:104)
	at java.base/java.lang.reflect.Method.invoke(Method.java:578)
	at com.udacity.webcrawler.profiler.ProfilingMethodInterceptor.invoke(ProfilingMethodInterceptor.java:33)
	at com.udacity.webcrawler.profiler.$Proxy9.profiled(Unknown Source)
	at java.base/jdk.internal.reflect.DirectMethodHandleAccessor.invoke(DirectMethodHandleAccessor.java:104)
	at java.base/java.lang.reflect.Method.invoke(Method.java:578)
	at com.udacity.webcrawler.profiler.ProfilingMethodInterceptor.invoke(ProfilingMethodInterceptor.java:33)
	at com.udacity.webcrawler.profiler.$Proxy9.profiled(Unknown Source)
	at java.base/jdk.internal.reflect.DirectMethodHandleAccessor.invoke(DirectMethodHandleAccessor.java:104)
	at java.base/java.lang.reflect.Method.invoke(Method.java:578)
	at com.udacity.webcrawler.profiler.ProfilingMethodInterceptor.invoke(ProfilingMethodInterceptor.java:33)
	at com.udacity.webcrawler.profiler.$Proxy9.profiled(Unknown Source)
	at java.base/jdk.internal.reflect.DirectMethodHandleAccessor.invoke(DirectMethodHandleAccessor.java:104)
	at java.base/java.lang.reflect.Method.invoke(Method.java:578)
	at com.udacity.webcrawler.profiler.ProfilingMethodInterceptor.invoke(ProfilingMethodInterceptor.java:33)
	at com.udacity.webcrawler.profiler.$Proxy9.profiled(Unknown Source)
	at java.base/jdk.internal.reflect.DirectMethodHandleAccessor.invoke(DirectMethodHandleAccessor.java:104)
	at java.base/java.lang.reflect.Method.invoke(Method.java:578)
	at com.udacity.webcrawler.profiler.ProfilingMethodInterceptor.invoke(ProfilingMethodInterceptor.java:33)
	at com.udacity.webcrawler.profiler.$Proxy9.profiled(Unknown Source)
	at java.base/jdk.internal.reflect.DirectMethodHandleAccessor.invoke(DirectMethodHandleAccessor.java:104)
	at java.base/java.lang.reflect.Method.invoke(Method.java:578)
	at com.udacity.webcrawler.profiler.ProfilingMethodInterceptor.invoke(ProfilingMethodInterceptor.java:33)
	at com.udacity.webcrawler.profiler.$Proxy9.profiled(Unknown Source)
	at java.base/jdk.internal.reflect.DirectMethodHandleAccessor.invoke(DirectMethodHandleAccessor.java:104)
	at java.base/java.lang.reflect.Method.invoke(Method.java:578)
	at com.udacity.webcrawler.profiler.ProfilingMethodInterceptor.invoke(ProfilingMethodInterceptor.java:33)
	at com.udacity.webcrawler.profiler.$Proxy9.profiled(Unknown Source)
	at java.base/jdk.internal.reflect.DirectMethodHandleAccessor.invoke(DirectMethodHandleAccessor.java:104)
	at java.base/java.lang.reflect.Method.invoke(Method.java:578)
	at com.udacity.webcrawler.profiler.ProfilingMethodInterceptor.invoke(ProfilingMethodInterceptor.java:33)
	at com.udacity.webcrawler.profiler.$Proxy9.profiled(Unknown Source)
	at java.base/jdk.internal.reflect.DirectMethodHandleAccessor.invoke(DirectMethodHandleAccessor.java:104)
	at java.base/java.lang.reflect.Method.invoke(Method.java:578)
	at com.udacity.webcrawler.profiler.ProfilingMethodInterceptor.invoke(ProfilingMethodInterceptor.java:33)
	at com.udacity.webcrawler.profiler.$Proxy9.profiled(Unknown Source)
	at java.base/jdk.internal.reflect.DirectMethodHandleAccessor.invoke(DirectMethodHandleAccessor.java:104)
	at java.base/java.lang.reflect.Method.invoke(Method.java:578)
	at com.udacity.webcrawler.profiler.ProfilingMethodInterceptor.invoke(ProfilingMethodInterceptor.java:33)
	at com.udacity.webcrawler.profiler.$Proxy9.profiled(Unknown Source)
	at java.base/jdk.internal.reflect.DirectMethodHandleAccessor.invoke(DirectMethodHandleAccessor.java:104)
	at java.base/java.lang.reflect.Method.invoke(Method.java:578)
	at com.udacity.webcrawler.profiler.ProfilingMethodInterceptor.invoke(ProfilingMethodInterceptor.java:33)
	at com.udacity.webcrawler.profiler.$Proxy9.profiled(Unknown Source)
	at java.base/jdk.internal.reflect.DirectMethodHandleAccessor.invoke(DirectMethodHandleAccessor.java:104)
	at java.base/java.lang.reflect.Method.invoke(Method.java:578)
	at com.udacity.webcrawler.profiler.ProfilingMethodInterceptor.invoke(ProfilingMethodInterceptor.java:33)
	at com.udacity.webcrawler.profiler.$Proxy9.profiled(Unknown Source)
	at java.base/jdk.internal.reflect.DirectMethodHandleAccessor.invoke(DirectMethodHandleAccessor.java:104)
	at java.base/java.lang.reflect.Method.invoke(Method.java:578)
	at com.udacity.webcrawler.profiler.ProfilingMethodInterceptor.invoke(ProfilingMethodInterceptor.java:33)
	at com.udacity.webcrawler.profiler.$Proxy9.profiled(Unknown Source)
	at java.base/jdk.internal.reflect.DirectMethodHandleAccessor.invoke(DirectMethodHandleAccessor.java:104)
	at java.base/java.lang.reflect.Method.invoke(Method.java:578)
	at com.udacity.webcrawler.profiler.ProfilingMethodInterceptor.invoke(ProfilingMethodInterceptor.java:33)
	at com.udacity.webcrawler.profiler.$Proxy9.profiled(Unknown Source)
	at java.base/jdk.internal.reflect.DirectMethodHandleAccessor.invoke(DirectMethodHandleAccessor.java:104)
	at java.base/java.lang.reflect.Method.invoke(Method.java:578)
	at com.udacity.webcrawler.profiler.ProfilingMethodInterceptor.invoke(ProfilingMethodInterceptor.java:33)
	at com.udacity.webcrawler.profiler.$Proxy9.profiled(Unknown Source)
	at java.base/jdk.internal.reflect.DirectMethodHandleAccessor.invoke(DirectMethodHandleAccessor.java:104)
	at java.base/java.lang.reflect.Method.invoke(Method.java:578)
	at com.udacity.webcrawler.profiler.ProfilingMethodInterceptor.invoke(ProfilingMethodInterceptor.java:33)
	at com.udacity.webcrawler.profiler.$Proxy9.profiled(Unknown Source)
	at java.base/jdk.internal.reflect.DirectMethodHandleAccessor.invoke(DirectMethodHandleAccessor.java:104)
	at java.base/java.lang.reflect.Method.invoke(Method.java:578)
	at com.udacity.webcrawler.profiler.ProfilingMethodInterceptor.invoke(ProfilingMethodInterceptor.java:33)
	at com.udacity.webcrawler.profiler.$Proxy9.profiled(Unknown Source)
	at java.base/jdk.internal.reflect.DirectMethodHandleAccessor.invoke(DirectMethodHandleAccessor.java:104)
	at java.base/java.lang.reflect.Method.invoke(Method.java:578)
	at com.udacity.webcrawler.profiler.ProfilingMethodInterceptor.invoke(ProfilingMethodInterceptor.java:33)
	at com.udacity.webcrawler.profiler.$Proxy9.profiled(Unknown Source)
	at java.base/jdk.internal.reflect.DirectMethodHandleAccessor.invoke(DirectMethodHandleAccessor.java:104)
	at java.base/java.lang.reflect.Method.invoke(Method.java:578)
	at com.udacity.webcrawler.profiler.ProfilingMethodInterceptor.invoke(ProfilingMethodInterceptor.java:33)
	at com.udacity.webcrawler.profiler.$Proxy9.profiled(Unknown Source)
	at java.base/jdk.internal.reflect.DirectMethodHandleAccessor.invoke(DirectMethodHandleAccessor.java:104)
	at java.base/java.lang.reflect.Method.invoke(Method.java:578)
	at com.udacity.webcrawler.profiler.ProfilingMethodInterceptor.invoke(ProfilingMethodInterceptor.java:33)
	at com.udacity.webcrawler.profiler.$Proxy9.profiled(Unknown Source)
	at java.base/jdk.internal.reflect.DirectMethodHandleAccessor.invoke(DirectMethodHandleAccessor.java:104)
	at java.base/java.lang.reflect.Method.invoke(Method.java:578)
	at com.udacity.webcrawler.profiler.ProfilingMethodInterceptor.invoke(ProfilingMethodInterceptor.java:33)
	at com.udacity.webcrawler.profiler.$Proxy9.profiled(Unknown Source)
	at java.base/jdk.internal.reflect.DirectMethodHandleAccessor.invoke(DirectMethodHandleAccessor.java:104)
	at java.base/java.lang.reflect.Method.invoke(Method.java:578)
	at com.udacity.webcrawler.profiler.ProfilingMethodInterceptor.invoke(ProfilingMethodInterceptor.java:33)
	at com.udacity.webcrawler.profiler.$Proxy9.profiled(Unknown Source)
	at java.base/jdk.internal.reflect.DirectMethodHandleAccessor.invoke(DirectMethodHandleAccessor.java:104)
	at java.base/java.lang.reflect.Method.invoke(Method.java:578)
	at com.udacity.webcrawler.profiler.ProfilingMethodInterceptor.invoke(ProfilingMethodInterceptor.java:33)
	at com.udacity.webcrawler.profiler.$Proxy9.profiled(Unknown Source)
	at java.base/jdk.internal.reflect.DirectMethodHandleAccessor.invoke(DirectMethodHandleAccessor.java:104)
	at java.base/java.lang.reflect.Method.invoke(Method.java:578)
	at com.udacity.webcrawler.profiler.ProfilingMethodInterceptor.invoke(ProfilingMethodInterceptor.java:33)
	at com.udacity.webcrawler.profiler.$Proxy9.profiled(Unknown Source)
	at java.base/jdk.internal.reflect.DirectMethodHandleAccessor.invoke(DirectMethodHandleAccessor.java:104)
	at java.base/java.lang.reflect.Method.invoke(Method.java:578)
	at com.udacity.webcrawler.profiler.ProfilingMethodInterceptor.invoke(ProfilingMethodInterceptor.java:33)
	at com.udacity.webcrawler.profiler.$Proxy9.profiled(Unknown Source)
	at java.base/jdk.internal.reflect.DirectMethodHandleAccessor.invoke(DirectMethodHandleAccessor.java:104)
	at java.base/java.lang.reflect.Method.invoke(Method.java:578)
	at com.udacity.webcrawler.profiler.ProfilingMethodInterceptor.invoke(ProfilingMethodInterceptor.java:33)
	at com.udacity.webcrawler.profiler.$Proxy9.profiled(Unknown Source)
	at java.base/jdk.internal.reflect.DirectMethodHandleAccessor.invoke(DirectMethodHandleAccessor.java:104)
	at java.base/java.lang.reflect.Method.invoke(Method.java:578)
	at com.udacity.webcrawler.profiler.ProfilingMethodInterceptor.invoke(ProfilingMethodInterceptor.java:33)
	at com.udacity.webcrawler.profiler.$Proxy9.profiled(Unknown Source)
	at java.base/jdk.internal.reflect.DirectMethodHandleAccessor.invoke(DirectMethodHandleAccessor.java:104)
	at java.base/java.lang.reflect.Method.invoke(Method.java:578)
	at com.udacity.webcrawler.profiler.ProfilingMethodInterceptor.invoke(ProfilingMethodInterceptor.java:33)
	at com.udacity.webcrawler.profiler.$Proxy9.profiled(Unknown Source)
	at java.base/jdk.internal.reflect.DirectMethodHandleAccessor.invoke(DirectMethodHandleAccessor.java:104)
	at java.base/java.lang.reflect.Method.invoke(Method.java:578)
	at com.udacity.webcrawler.profiler.ProfilingMethodInterceptor.invoke(ProfilingMethodInterceptor.java:33)
	at com.udacity.webcrawler.profiler.$Proxy9.profiled(Unknown Source)
	at java.base/jdk.internal.reflect.DirectMethodHandleAccessor.invoke(DirectMethodHandleAccessor.java:104)
	at java.base/java.lang.reflect.Method.invoke(Method.java:578)
	at com.udacity.webcrawler.profiler.ProfilingMethodInterceptor.invoke(ProfilingMethodInterceptor.java:33)
	at com.udacity.webcrawler.profiler.$Proxy9.profiled(Unknown Source)
	at java.base/jdk.internal.reflect.DirectMethodHandleAccessor.invoke(DirectMethodHandleAccessor.java:104)
	at java.base/java.lang.reflect.Method.invoke(Method.java:578)
	at com.udacity.webcrawler.profiler.ProfilingMethodInterceptor.invoke(ProfilingMethodInterceptor.java:33)
	at com.udacity.webcrawler.profiler.$Proxy9.profiled(Unknown Source)
	at java.base/jdk.internal.reflect.DirectMethodHandleAccessor.invoke(DirectMethodHandleAccessor.java:104)
	at java.base/java.lang.reflect.Method.invoke(Method.java:578)
	at com.udacity.webcrawler.profiler.ProfilingMethodInterceptor.invoke(ProfilingMethodInterceptor.java:33)
	at com.udacity.webcrawler.profiler.$Proxy9.profiled(Unknown Source)
	at java.base/jdk.internal.reflect.DirectMethodHandleAccessor.invoke(DirectMethodHandleAccessor.java:104)
	at java.base/java.lang.reflect.Method.invoke(Method.java:578)
	at com.udacity.webcrawler.profiler.ProfilingMethodInterceptor.invoke(ProfilingMethodInterceptor.java:33)
	at com.udacity.webcrawler.profiler.$Proxy9.profiled(Unknown Source)
	at java.base/jdk.internal.reflect.DirectMethodHandleAccessor.invoke(DirectMethodHandleAccessor.java:104)
	at java.base/java.lang.reflect.Method.invoke(Method.java:578)
	at com.udacity.webcrawler.profiler.ProfilingMethodInterceptor.invoke(ProfilingMethodInterceptor.java:33)
	at com.udacity.webcrawler.profiler.$Proxy9.profiled(Unknown Source)
	at java.base/jdk.internal.reflect.DirectMethodHandleAccessor.invoke(DirectMethodHandleAccessor.java:104)
	at java.base/java.lang.reflect.Method.invoke(Method.java:578)
	at com.udacity.webcrawler.profiler.ProfilingMethodInterceptor.invoke(ProfilingMethodInterceptor.java:33)
	at com.udacity.webcrawler.profiler.$Proxy9.profiled(Unknown Source)
	at java.base/jdk.internal.reflect.DirectMethodHandleAccessor.invoke(DirectMethodHandleAccessor.java:104)
	at java.base/java.lang.reflect.Method.invoke(Method.java:578)
	at com.udacity.webcrawler.profiler.ProfilingMethodInterceptor.invoke(ProfilingMethodInterceptor.java:33)
	at com.udacity.webcrawler.profiler.$Proxy9.profiled(Unknown Source)
	at java.base/jdk.internal.reflect.DirectMethodHandleAccessor.invoke(DirectMethodHandleAccessor.java:104)
	at java.base/java.lang.reflect.Method.invoke(Method.java:578)
	at com.udacity.webcrawler.profiler.ProfilingMethodInterceptor.invoke(ProfilingMethodInterceptor.java:33)
	at com.udacity.webcrawler.profiler.$Proxy9.profiled(Unknown Source)
	at java.base/jdk.internal.reflect.DirectMethodHandleAccessor.invoke(DirectMethodHandleAccessor.java:104)
	at java.base/java.lang.reflect.Method.invoke(Method.java:578)
	at com.udacity.webcrawler.profiler.ProfilingMethodInterceptor.invoke(ProfilingMethodInterceptor.java:33)
	at com.udacity.webcrawler.profiler.$Proxy9.profiled(Unknown Source)
	at java.base/jdk.internal.reflect.DirectMethodHandleAccessor.invoke(DirectMethodHandleAccessor.java:104)
	at java.base/java.lang.reflect.Method.invoke(Method.java:578)
	at com.udacity.webcrawler.profiler.ProfilingMethodInterceptor.invoke(ProfilingMethodInterceptor.java:33)
	at com.udacity.webcrawler.profiler.$Proxy9.profiled(Unknown Source)
	at java.base/jdk.internal.reflect.DirectMethodHandleAccessor.invoke(DirectMethodHandleAccessor.java:104)
	at java.base/java.lang.reflect.Method.invoke(Method.java:578)
	at com.udacity.webcrawler.profiler.ProfilingMethodInterceptor.invoke(ProfilingMethodInterceptor.java:33)
	at com.udacity.webcrawler.profiler.$Proxy9.profiled(Unknown Source)
	at java.base/jdk.internal.reflect.DirectMethodHandleAccessor.invoke(DirectMethodHandleAccessor.java:104)
	at java.base/java.lang.reflect.Method.invoke(Method.java:578)
	at com.udacity.webcrawler.profiler.ProfilingMethodInterceptor.invoke(ProfilingMethodInterceptor.java:33)
	at com.udacity.webcrawler.profiler.$Proxy9.profiled(Unknown Source)
	at java.base/jdk.internal.reflect.DirectMethodHandleAccessor.invoke(DirectMethodHandleAccessor.java:104)
	at java.base/java.lang.reflect.Method.invoke(Method.java:578)
	at com.udacity.webcrawler.profiler.ProfilingMethodInterceptor.invoke(ProfilingMethodInterceptor.java:33)
	at com.udacity.webcrawler.profiler.$Proxy9.profiled(Unknown Source)
	at java.base/jdk.internal.reflect.DirectMethodHandleAccessor.invoke(DirectMethodHandleAccessor.java:104)
	at java.base/java.lang.reflect.Method.invoke(Method.java:578)
	at com.udacity.webcrawler.profiler.ProfilingMethodInterceptor.invoke(ProfilingMethodInterceptor.java:33)
	at com.udacity.webcrawler.profiler.$Proxy9.profiled(Unknown Source)
	at java.base/jdk.internal.reflect.DirectMethodHandleAccessor.invoke(DirectMethodHandleAccessor.java:104)
	at java.base/java.lang.reflect.Method.invoke(Method.java:578)
	at com.udacity.webcrawler.profiler.ProfilingMethodInterceptor.invoke(ProfilingMethodInterceptor.java:33)
	at com.udacity.webcrawler.profiler.$Proxy9.profiled(Unknown Source)
	at java.base/jdk.internal.reflect.DirectMethodHandleAccessor.invoke(DirectMethodHandleAccessor.java:104)
	at java.base/java.lang.reflect.Method.invoke(Method.java:578)
	at com.udacity.webcrawler.profiler.ProfilingMethodInterceptor.invoke(ProfilingMethodInterceptor.java:33)
	at com.udacity.webcrawler.profiler.$Proxy9.profiled(Unknown Source)
	at java.base/jdk.internal.reflect.DirectMethodHandleAccessor.invoke(DirectMethodHandleAccessor.java:104)
	at java.base/java.lang.reflect.Method.invoke(Method.java:578)
	at com.udacity.webcrawler.profiler.ProfilingMethodInterceptor.invoke(ProfilingMethodInterceptor.java:33)
	at com.udacity.webcrawler.profiler.$Proxy9.profiled(Unknown Source)
	at java.base/jdk.internal.reflect.DirectMethodHandleAccessor.invoke(DirectMethodHandleAccessor.java:104)
	at java.base/java.lang.reflect.Method.invoke(Method.java:578)
	at com.udacity.webcrawler.profiler.ProfilingMethodInterceptor.invoke(ProfilingMethodInterceptor.java:33)
	at com.udacity.webcrawler.profiler.$Proxy9.profiled(Unknown Source)
	at java.base/jdk.internal.reflect.DirectMethodHandleAccessor.invoke(DirectMethodHandleAccessor.java:104)
	at java.base/java.lang.reflect.Method.invoke(Method.java:578)
	at com.udacity.webcrawler.profiler.ProfilingMethodInterceptor.invoke(ProfilingMethodInterceptor.java:33)
	at com.udacity.webcrawler.profiler.$Proxy9.profiled(Unknown Source)
	at java.base/jdk.internal.reflect.DirectMethodHandleAccessor.invoke(DirectMethodHandleAccessor.java:104)
	at java.base/java.lang.reflect.Method.invoke(Method.java:578)
	at com.udacity.webcrawler.profiler.ProfilingMethodInterceptor.invoke(ProfilingMethodInterceptor.java:33)
	at com.udacity.webcrawler.profiler.$Proxy9.profiled(Unknown Source)
	at java.base/jdk.internal.reflect.DirectMethodHandleAccessor.invoke(DirectMethodHandleAccessor.java:104)
	at java.base/java.lang.reflect.Method.invoke(Method.java:578)
	at com.udacity.webcrawler.profiler.ProfilingMethodInterceptor.invoke(ProfilingMethodInterceptor.java:33)
	at com.udacity.webcrawler.profiler.$Proxy9.profiled(Unknown Source)
	at java.base/jdk.internal.reflect.DirectMethodHandleAccessor.invoke(DirectMethodHandleAccessor.java:104)
	at java.base/java.lang.reflect.Method.invoke(Method.java:578)
	at com.udacity.webcrawler.profiler.ProfilingMethodInterceptor.invoke(ProfilingMethodInterceptor.java:33)
	at com.udacity.webcrawler.profiler.$Proxy9.profiled(Unknown Source)
	at java.base/jdk.internal.reflect.DirectMethodHandleAccessor.invoke(DirectMethodHandleAccessor.java:104)
	at java.base/java.lang.reflect.Method.invoke(Method.java:578)
	at com.udacity.webcrawler.profiler.ProfilingMethodInterceptor.invoke(ProfilingMethodInterceptor.java:33)
	at com.udacity.webcrawler.profiler.$Proxy9.profiled(Unknown Source)
	at java.base/jdk.internal.reflect.DirectMethodHandleAccessor.invoke(DirectMethodHandleAccessor.java:104)
	at java.base/java.lang.reflect.Method.invoke(Method.java:578)
	at com.udacity.webcrawler.profiler.ProfilingMethodInterceptor.invoke(ProfilingMethodInterceptor.java:33)
	at com.udacity.webcrawler.profiler.$Proxy9.profiled(Unknown Source)
	at java.base/jdk.internal.reflect.DirectMethodHandleAccessor.invoke(DirectMethodHandleAccessor.java:104)
	at java.base/java.lang.reflect.Method.invoke(Method.java:578)
	at com.udacity.webcrawler.profiler.ProfilingMethodInterceptor.invoke(ProfilingMethodInterceptor.java:33)
	at com.udacity.webcrawler.profiler.$Proxy9.profiled(Unknown Source)
	at java.base/jdk.internal.reflect.DirectMethodHandleAccessor.invoke(DirectMethodHandleAccessor.java:104)
	at java.base/java.lang.reflect.Method.invoke(Method.java:578)
	at com.udacity.webcrawler.profiler.ProfilingMethodInterceptor.invoke(ProfilingMethodInterceptor.java:33)
	at com.udacity.webcrawler.profiler.$Proxy9.profiled(Unknown Source)
	at java.base/jdk.internal.reflect.DirectMethodHandleAccessor.invoke(DirectMethodHandleAccessor.java:104)
	at java.base/java.lang.reflect.Method.invoke(Method.java:578)
	at com.udacity.webcrawler.profiler.ProfilingMethodInterceptor.invoke(ProfilingMethodInterceptor.java:33)
	at com.udacity.webcrawler.profiler.$Proxy9.profiled(Unknown Source)
	at java.base/jdk.internal.reflect.DirectMethodHandleAccessor.invoke(DirectMethodHandleAccessor.java:104)
	at java.base/java.lang.reflect.Method.invoke(Method.java:578)
	at com.udacity.webcrawler.profiler.ProfilingMethodInterceptor.invoke(ProfilingMethodInterceptor.java:33)
	at com.udacity.webcrawler.profiler.$Proxy9.profiled(Unknown Source)
	at java.base/jdk.internal.reflect.DirectMethodHandleAccessor.invoke(DirectMethodHandleAccessor.java:104)
	at java.base/java.lang.reflect.Method.invoke(Method.java:578)
	at com.udacity.webcrawler.profiler.ProfilingMethodInterceptor.invoke(ProfilingMethodInterceptor.java:33)
	at com.udacity.webcrawler.profiler.$Proxy9.profiled(Unknown Source)
	at java.base/jdk.internal.reflect.DirectMethodHandleAccessor.invoke(DirectMethodHandleAccessor.java:104)
	at java.base/java.lang.reflect.Method.invoke(Method.java:578)
	at com.udacity.webcrawler.profiler.ProfilingMethodInterceptor.invoke(ProfilingMethodInterceptor.java:33)
	at com.udacity.webcrawler.profiler.$Proxy9.profiled(Unknown Source)
	at java.base/jdk.internal.reflect.DirectMethodHandleAccessor.invoke(DirectMethodHandleAccessor.java:104)
	at java.base/java.lang.reflect.Method.invoke(Method.java:578)
	at com.udacity.webcrawler.profiler.ProfilingMethodInterceptor.invoke(ProfilingMethodInterceptor.java:33)
	at com.udacity.webcrawler.profiler.$Proxy9.profiled(Unknown Source)
	at java.base/jdk.internal.reflect.DirectMethodHandleAccessor.invoke(DirectMethodHandleAccessor.java:104)
	at java.base/java.lang.reflect.Method.invoke(Method.java:578)
	at com.udacity.webcrawler.profiler.ProfilingMethodInterceptor.invoke(ProfilingMethodInterceptor.java:33)
	at com.udacity.webcrawler.profiler.$Proxy9.profiled(Unknown Source)
	at java.base/jdk.internal.reflect.DirectMethodHandleAccessor.invoke(DirectMethodHandleAccessor.java:104)
	at java.base/java.lang.reflect.Method.invoke(Method.java:578)
	at com.udacity.webcrawler.profiler.ProfilingMethodInterceptor.invoke(ProfilingMethodInterceptor.java:33)
	at com.udacity.webcrawler.profiler.$Proxy9.profiled(Unknown Source)
	at java.base/jdk.internal.reflect.DirectMethodHandleAccessor.invoke(DirectMethodHandleAccessor.java:104)
	at java.base/java.lang.reflect.Method.invoke(Method.java:578)
	at com.udacity.webcrawler.profiler.ProfilingMethodInterceptor.invoke(ProfilingMethodInterceptor.java:33)
	at com.udacity.webcrawler.profiler.$Proxy9.profiled(Unknown Source)
	at java.base/jdk.internal.reflect.DirectMethodHandleAccessor.invoke(DirectMethodHandleAccessor.java:104)
	at java.base/java.lang.reflect.Method.invoke(Method.java:578)
	at com.udacity.webcrawler.profiler.ProfilingMethodInterceptor.invoke(ProfilingMethodInterceptor.java:33)
	at com.udacity.webcrawler.profiler.$Proxy9.profiled(Unknown Source)
	at java.base/jdk.internal.reflect.DirectMethodHandleAccessor.invoke(DirectMethodHandleAccessor.java:104)
	at java.base/java.lang.reflect.Method.invoke(Method.java:578)
	at com.udacity.webcrawler.profiler.ProfilingMethodInterceptor.invoke(ProfilingMethodInterceptor.java:33)
	at com.udacity.webcrawler.profiler.$Proxy9.profiled(Unknown Source)
	at java.base/jdk.internal.reflect.DirectMethodHandleAccessor.invoke(DirectMethodHandleAccessor.java:104)
	at java.base/java.lang.reflect.Method.invoke(Method.java:578)
	at com.udacity.webcrawler.profiler.ProfilingMethodInterceptor.invoke(ProfilingMethodInterceptor.java:33)
	at com.udacity.webcrawler.profiler.$Proxy9.profiled(Unknown Source)
	at java.base/jdk.internal.reflect.DirectMethodHandleAccessor.invoke(DirectMethodHandleAccessor.java:104)
	at java.base/java.lang.reflect.Method.invoke(Method.java:578)
	at com.udacity.webcrawler.profiler.ProfilingMethodInterceptor.invoke(ProfilingMethodInterceptor.java:33)
	at com.udacity.webcrawler.profiler.$Proxy9.profiled(Unknown Source)
	at java.base/jdk.internal.reflect.DirectMethodHandleAccessor.invoke(DirectMethodHandleAccessor.java:104)
	at java.base/java.lang.reflect.Method.invoke(Method.java:578)
	at com.udacity.webcrawler.profiler.ProfilingMethodInterceptor.invoke(ProfilingMethodInterceptor.java:33)
	at com.udacity.webcrawler.profiler.$Proxy9.profiled(Unknown Source)
	at java.base/jdk.internal.reflect.DirectMethodHandleAccessor.invoke(DirectMethodHandleAccessor.java:104)
	at java.base/java.lang.reflect.Method.invoke(Method.java:578)
	at com.udacity.webcrawler.profiler.ProfilingMethodInterceptor.invoke(ProfilingMethodInterceptor.java:33)
	at com.udacity.webcrawler.profiler.$Proxy9.profiled(Unknown Source)
	at java.base/jdk.internal.reflect.DirectMethodHandleAccessor.invoke(DirectMethodHandleAccessor.java:104)
	at java.base/java.lang.reflect.Method.invoke(Method.java:578)
	at com.udacity.webcrawler.profiler.ProfilingMethodInterceptor.invoke(ProfilingMethodInterceptor.java:33)
	at com.udacity.webcrawler.profiler.$Proxy9.profiled(Unknown Source)
	at java.base/jdk.internal.reflect.DirectMethodHandleAccessor.invoke(DirectMethodHandleAccessor.java:104)
	at java.base/java.lang.reflect.Method.invoke(Method.java:578)
	at com.udacity.webcrawler.profiler.ProfilingMethodInterceptor.invoke(ProfilingMethodInterceptor.java:33)
	at com.udacity.webcrawler.profiler.$Proxy9.profiled(Unknown Source)
	at java.base/jdk.internal.reflect.DirectMethodHandleAccessor.invoke(DirectMethodHandleAccessor.java:104)
	at java.base/java.lang.reflect.Method.invoke(Method.java:578)
	at com.udacity.webcrawler.profiler.ProfilingMethodInterceptor.invoke(ProfilingMethodInterceptor.java:33)
	at com.udacity.webcrawler.profiler.$Proxy9.profiled(Unknown Source)
	at java.base/jdk.internal.reflect.DirectMethodHandleAccessor.invoke(DirectMethodHandleAccessor.java:104)
	at java.base/java.lang.reflect.Method.invoke(Method.java:578)
	at com.udacity.webcrawler.profiler.ProfilingMethodInterceptor.invoke(ProfilingMethodInterceptor.java:33)
	at com.udacity.webcrawler.profiler.$Proxy9.profiled(Unknown Source)
	at java.base/jdk.internal.reflect.DirectMethodHandleAccessor.invoke(DirectMethodHandleAccessor.java:104)
	at java.base/java.lang.reflect.Method.invoke(Method.java:578)
	at com.udacity.webcrawler.profiler.ProfilingMethodInterceptor.invoke(ProfilingMethodInterceptor.java:33)
	at com.udacity.webcrawler.profiler.$Proxy9.profiled(Unknown Source)
	at java.base/jdk.internal.reflect.DirectMethodHandleAccessor.invoke(DirectMethodHandleAccessor.java:104)
	at java.base/java.lang.reflect.Method.invoke(Method.java:578)
	at com.udacity.webcrawler.profiler.ProfilingMethodInterceptor.invoke(ProfilingMethodInterceptor.java:33)
	at com.udacity.webcrawler.profiler.$Proxy9.profiled(Unknown Source)
	at java.base/jdk.internal.reflect.DirectMethodHandleAccessor.invoke(DirectMethodHandleAccessor.java:104)
	at java.base/java.lang.reflect.Method.invoke(Method.java:578)
	at com.udacity.webcrawler.profiler.ProfilingMethodInterceptor.invoke(ProfilingMethodInterceptor.java:33)
	at com.udacity.webcrawler.profiler.$Proxy9.profiled(Unknown Source)
	at java.base/jdk.internal.reflect.DirectMethodHandleAccessor.invoke(DirectMethodHandleAccessor.java:104)
	at java.base/java.lang.reflect.Method.invoke(Method.java:578)
	at com.udacity.webcrawler.profiler.ProfilingMethodInterceptor.invoke(ProfilingMethodInterceptor.java:33)
	at com.udacity.webcrawler.profiler.$Proxy9.profiled(Unknown Source)
	at java.base/jdk.internal.reflect.DirectMethodHandleAccessor.invoke(DirectMethodHandleAccessor.java:104)
	at java.base/java.lang.reflect.Method.invoke(Method.java:578)
	at com.udacity.webcrawler.profiler.ProfilingMethodInterceptor.invoke(ProfilingMethodInterceptor.java:33)
	at com.udacity.webcrawler.profiler.$Proxy9.profiled(Unknown Source)
	at java.base/jdk.internal.reflect.DirectMethodHandleAccessor.invoke(DirectMethodHandleAccessor.java:104)
	at java.base/java.lang.reflect.Method.invoke(Method.java:578)
	at com.udacity.webcrawler.profiler.ProfilingMethodInterceptor.invoke(ProfilingMethodInterceptor.java:33)
	at com.udacity.webcrawler.profiler.$Proxy9.profiled(Unknown Source)
	at java.base/jdk.internal.reflect.DirectMethodHandleAccessor.invoke(DirectMethodHandleAccessor.java:104)
	at java.base/java.lang.reflect.Method.invoke(Method.java:578)
	at com.udacity.webcrawler.profiler.ProfilingMethodInterceptor.invoke(ProfilingMethodInterceptor.java:33)
	at com.udacity.webcrawler.profiler.$Proxy9.profiled(Unknown Source)
	at java.base/jdk.internal.reflect.DirectMethodHandleAccessor.invoke(DirectMethodHandleAccessor.java:104)
	at java.base/java.lang.reflect.Method.invoke(Method.java:578)
	at com.udacity.webcrawler.profiler.ProfilingMethodInterceptor.invoke(ProfilingMethodInterceptor.java:33)
	at com.udacity.webcrawler.profiler.$Proxy9.profiled(Unknown Source)
	at java.base/jdk.internal.reflect.DirectMethodHandleAccessor.invoke(DirectMethodHandleAccessor.java:104)
	at java.base/java.lang.reflect.Method.invoke(Method.java:578)
	at com.udacity.webcrawler.profiler.ProfilingMethodInterceptor.invoke(ProfilingMethodInterceptor.java:33)
	at com.udacity.webcrawler.profiler.$Proxy9.profiled(Unknown Source)
	at java.base/jdk.internal.reflect.DirectMethodHandleAccessor.invoke(DirectMethodHandleAccessor.java:104)
	at java.base/java.lang.reflect.Method.invoke(Method.java:578)
	at com.udacity.webcrawler.profiler.ProfilingMethodInterceptor.invoke(ProfilingMethodInterceptor.java:33)
	at com.udacity.webcrawler.profiler.$Proxy9.profiled(Unknown Source)
	at java.base/jdk.internal.reflect.DirectMethodHandleAccessor.invoke(DirectMethodHandleAccessor.java:104)
	at java.base/java.lang.reflect.Method.invoke(Method.java:578)
	at com.udacity.webcrawler.profiler.ProfilingMethodInterceptor.invoke(ProfilingMethodInterceptor.java:33)
	at com.udacity.webcrawler.profiler.$Proxy9.profiled(Unknown Source)
	at java.base/jdk.internal.reflect.DirectMethodHandleAccessor.invoke(DirectMethodHandleAccessor.java:104)
	at java.base/java.lang.reflect.Method.invoke(Method.java:578)
	at com.udacity.webcrawler.profiler.ProfilingMethodInterceptor.invoke(ProfilingMethodInterceptor.java:33)
	at com.udacity.webcrawler.profiler.$Proxy9.profiled(Unknown Source)
	at java.base/jdk.internal.reflect.DirectMethodHandleAccessor.invoke(DirectMethodHandleAccessor.java:104)
	at java.base/java.lang.reflect.Method.invoke(Method.java:578)
	at com.udacity.webcrawler.profiler.ProfilingMethodInterceptor.invoke(ProfilingMethodInterceptor.java:33)
	at com.udacity.webcrawler.profiler.$Proxy9.profiled(Unknown Source)
	at java.base/jdk.internal.reflect.DirectMethodHandleAccessor.invoke(DirectMethodHandleAccessor.java:104)
	at java.base/java.lang.reflect.Method.invoke(Method.java:578)
	at com.udacity.webcrawler.profiler.ProfilingMethodInterceptor.invoke(ProfilingMethodInterceptor.java:33)
	at com.udacity.webcrawler.profiler.$Proxy9.profiled(Unknown Source)
	at java.base/jdk.internal.reflect.DirectMethodHandleAccessor.invoke(DirectMethodHandleAccessor.java:104)
	at java.base/java.lang.reflect.Method.invoke(Method.java:578)
	at com.udacity.webcrawler.profiler.ProfilingMethodInterceptor.invoke(ProfilingMethodInterceptor.java:33)
	at com.udacity.webcrawler.profiler.$Proxy9.profiled(Unknown Source)
	at java.base/jdk.internal.reflect.DirectMethodHandleAccessor.invoke(DirectMethodHandleAccessor.java:104)
	at java.base/java.lang.reflect.Method.invoke(Method.java:578)
	at com.udacity.webcrawler.profiler.ProfilingMethodInterceptor.invoke(ProfilingMethodInterceptor.java:33)
	at com.udacity.webcrawler.profiler.$Proxy9.profiled(Unknown Source)
	at java.base/jdk.internal.reflect.DirectMethodHandleAccessor.invoke(DirectMethodHandleAccessor.java:104)
	at java.base/java.lang.reflect.Method.invoke(Method.java:578)
	at com.udacity.webcrawler.profiler.ProfilingMethodInterceptor.invoke(ProfilingMethodInterceptor.java:33)
	at com.udacity.webcrawler.profiler.$Proxy9.profiled(Unknown Source)
	at java.base/jdk.internal.reflect.DirectMethodHandleAccessor.invoke(DirectMethodHandleAccessor.java:104)
	at java.base/java.lang.reflect.Method.invoke(Method.java:578)
	at com.udacity.webcrawler.profiler.ProfilingMethodInterceptor.invoke(ProfilingMethodInterceptor.java:33)
	at com.udacity.webcrawler.profiler.$Proxy9.profiled(Unknown Source)
	at java.base/jdk.internal.reflect.DirectMethodHandleAccessor.invoke(DirectMethodHandleAccessor.java:104)
	at java.base/java.lang.reflect.Method.invoke(Method.java:578)
	at com.udacity.webcrawler.profiler.ProfilingMethodInterceptor.invoke(ProfilingMethodInterceptor.java:33)
	at com.udacity.webcrawler.profiler.$Proxy9.profiled(Unknown Source)
	at java.base/jdk.internal.reflect.DirectMethodHandleAccessor.invoke(DirectMethodHandleAccessor.java:104)
	at java.base/java.lang.reflect.Method.invoke(Method.java:578)
	at com.udacity.webcrawler.profiler.ProfilingMethodInterceptor.invoke(ProfilingMethodInterceptor.java:33)
	at com.udacity.webcrawler.profiler.$Proxy9.profiled(Unknown Source)
	at java.base/jdk.internal.reflect.DirectMethodHandleAccessor.invoke(DirectMethodHandleAccessor.java:104)
	at java.base/java.lang.reflect.Method.invoke(Method.java:578)
	at com.udacity.webcrawler.profiler.ProfilingMethodInterceptor.invoke(ProfilingMethodInterceptor.java:33)
	at com.udacity.webcrawler.profiler.$Proxy9.profiled(Unknown Source)
	at java.base/jdk.internal.reflect.DirectMethodHandleAccessor.invoke(DirectMethodHandleAccessor.java:104)
	at java.base/java.lang.reflect.Method.invoke(Method.java:578)
	at com.udacity.webcrawler.profiler.ProfilingMethodInterceptor.invoke(ProfilingMethodInterceptor.java:33)
	at com.udacity.webcrawler.profiler.$Proxy9.profiled(Unknown Source)
	at java.base/jdk.internal.reflect.DirectMethodHandleAccessor.invoke(DirectMethodHandleAccessor.java:104)
	at java.base/java.lang.reflect.Method.invoke(Method.java:578)
	at com.udacity.webcrawler.profiler.ProfilingMethodInterceptor.invoke(ProfilingMethodInterceptor.java:33)
	at com.udacity.webcrawler.profiler.$Proxy9.profiled(Unknown Source)
	at java.base/jdk.internal.reflect.DirectMethodHandleAccessor.invoke(DirectMethodHandleAccessor.java:104)
	at java.base/java.lang.reflect.Method.invoke(Method.java:578)
	at com.udacity.webcrawler.profiler.ProfilingMethodInterceptor.invoke(ProfilingMethodInterceptor.java:33)
	at com.udacity.webcrawler.profiler.$Proxy9.profiled(Unknown Source)
	at java.base/jdk.internal.reflect.DirectMethodHandleAccessor.invoke(DirectMethodHandleAccessor.java:104)
	at java.base/java.lang.reflect.Method.invoke(Method.java:578)
	at com.udacity.webcrawler.profiler.ProfilingMethodInterceptor.invoke(ProfilingMethodInterceptor.java:33)
	at com.udacity.webcrawler.profiler.$Proxy9.profiled(Unknown Source)
	at java.base/jdk.internal.reflect.DirectMethodHandleAccessor.invoke(DirectMethodHandleAccessor.java:104)
	at java.base/java.lang.reflect.Method.invoke(Method.java:578)
	at com.udacity.webcrawler.profiler.ProfilingMethodInterceptor.invoke(ProfilingMethodInterceptor.java:33)
	at com.udacity.webcrawler.profiler.$Proxy9.profiled(Unknown Source)
	at java.base/jdk.internal.reflect.DirectMethodHandleAccessor.invoke(DirectMethodHandleAccessor.java:104)
	at java.base/java.lang.reflect.Method.invoke(Method.java:578)
	at com.udacity.webcrawler.profiler.ProfilingMethodInterceptor.invoke(ProfilingMethodInterceptor.java:33)
	at com.udacity.webcrawler.profiler.$Proxy9.profiled(Unknown Source)
	at java.base/jdk.internal.reflect.DirectMethodHandleAccessor.invoke(DirectMethodHandleAccessor.java:104)
	at java.base/java.lang.reflect.Method.invoke(Method.java:578)
	at com.udacity.webcrawler.profiler.ProfilingMethodInterceptor.invoke(ProfilingMethodInterceptor.java:33)
	at com.udacity.webcrawler.profiler.$Proxy9.profiled(Unknown Source)
	at java.base/jdk.internal.reflect.DirectMethodHandleAccessor.invoke(DirectMethodHandleAccessor.java:104)
	at java.base/java.lang.reflect.Method.invoke(Method.java:578)
	at com.udacity.webcrawler.profiler.ProfilingMethodInterceptor.invoke(ProfilingMethodInterceptor.java:33)
	at com.udacity.webcrawler.profiler.$Proxy9.profiled(Unknown Source)
	at java.base/jdk.internal.reflect.DirectMethodHandleAccessor.invoke(DirectMethodHandleAccessor.java:104)
	at java.base/java.lang.reflect.Method.invoke(Method.java:578)
	at com.udacity.webcrawler.profiler.ProfilingMethodInterceptor.invoke(ProfilingMethodInterceptor.java:33)
	at com.udacity.webcrawler.profiler.$Proxy9.profiled(Unknown Source)
	at java.base/jdk.internal.reflect.DirectMethodHandleAccessor.invoke(DirectMethodHandleAccessor.java:104)
	at java.base/java.lang.reflect.Method.invoke(Method.java:578)
	at com.udacity.webcrawler.profiler.ProfilingMethodInterceptor.invoke(ProfilingMethodInterceptor.java:33)
	at com.udacity.webcrawler.profiler.$Proxy9.profiled(Unknown Source)
	at java.base/jdk.internal.reflect.DirectMethodHandleAccessor.invoke(DirectMethodHandleAccessor.java:104)
	at java.base/java.lang.reflect.Method.invoke(Method.java:578)
	at com.udacity.webcrawler.profiler.ProfilingMethodInterceptor.invoke(ProfilingMethodInterceptor.java:33)
	at com.udacity.webcrawler.profiler.$Proxy9.profiled(Unknown Source)
	at java.base/jdk.internal.reflect.DirectMethodHandleAccessor.invoke(DirectMethodHandleAccessor.java:104)
	at java.base/java.lang.reflect.Method.invoke(Method.java:578)
	at com.udacity.webcrawler.profiler.ProfilingMethodInterceptor.invoke(ProfilingMethodInterceptor.java:33)
	at com.udacity.webcrawler.profiler.$Proxy9.profiled(Unknown Source)
	at java.base/jdk.internal.reflect.DirectMethodHandleAccessor.invoke(DirectMethodHandleAccessor.java:104)
	at java.base/java.lang.reflect.Method.invoke(Method.java:578)
	at com.udacity.webcrawler.profiler.ProfilingMethodInterceptor.invoke(ProfilingMethodInterceptor.java:33)
	at com.udacity.webcrawler.profiler.$Proxy9.profiled(Unknown Source)
	at java.base/jdk.internal.reflect.DirectMethodHandleAccessor.invoke(DirectMethodHandleAccessor.java:104)
	at java.base/java.lang.reflect.Method.invoke(Method.java:578)
	at com.udacity.webcrawler.profiler.ProfilingMethodInterceptor.invoke(ProfilingMethodInterceptor.java:33)
	at com.udacity.webcrawler.profiler.$Proxy9.profiled(Unknown Source)
	at java.base/jdk.internal.reflect.DirectMethodHandleAccessor.invoke(DirectMethodHandleAccessor.java:104)
	at java.base/java.lang.reflect.Method.invoke(Method.java:578)
	at com.udacity.webcrawler.profiler.ProfilingMethodInterceptor.invoke(ProfilingMethodInterceptor.java:33)
	at com.udacity.webcrawler.profiler.$Proxy9.profiled(Unknown Source)
	at java.base/jdk.internal.reflect.DirectMethodHandleAccessor.invoke(DirectMethodHandleAccessor.java:104)
	at java.base/java.lang.reflect.Method.invoke(Method.java:578)
	at com.udacity.webcrawler.profiler.ProfilingMethodInterceptor.invoke(ProfilingMethodInterceptor.java:33)
	at com.udacity.webcrawler.profiler.$Proxy9.profiled(Unknown Source)
	at java.base/jdk.internal.reflect.DirectMethodHandleAccessor.invoke(DirectMethodHandleAccessor.java:104)
	at java.base/java.lang.reflect.Method.invoke(Method.java:578)
	at com.udacity.webcrawler.profiler.ProfilingMethodInterceptor.invoke(ProfilingMethodInterceptor.java:33)
	at com.udacity.webcrawler.profiler.$Proxy9.profiled(Unknown Source)
	at java.base/jdk.internal.reflect.DirectMethodHandleAccessor.invoke(DirectMethodHandleAccessor.java:104)
	at java.base/java.lang.reflect.Method.invoke(Method.java:578)
	at com.udacity.webcrawler.profiler.ProfilingMethodInterceptor.invoke(ProfilingMethodInterceptor.java:33)
	at com.udacity.webcrawler.profiler.$Proxy9.profiled(Unknown Source)
	at java.base/jdk.internal.reflect.DirectMethodHandleAccessor.invoke(DirectMethodHandleAccessor.java:104)
	at java.base/java.lang.reflect.Method.invoke(Method.java:578)
	at com.udacity.webcrawler.profiler.ProfilingMethodInterceptor.invoke(ProfilingMethodInterceptor.java:33)
	at com.udacity.webcrawler.profiler.$Proxy9.profiled(Unknown Source)
	at java.base/jdk.internal.reflect.DirectMethodHandleAccessor.invoke(DirectMethodHandleAccessor.java:104)
	at java.base/java.lang.reflect.Method.invoke(Method.java:578)
	at com.udacity.webcrawler.profiler.ProfilingMethodInterceptor.invoke(ProfilingMethodInterceptor.java:33)
	at com.udacity.webcrawler.profiler.$Proxy9.profiled(Unknown Source)
	at java.base/jdk.internal.reflect.DirectMethodHandleAccessor.invoke(DirectMethodHandleAccessor.java:104)
	at java.base/java.lang.reflect.Method.invoke(Method.java:578)
	at com.udacity.webcrawler.profiler.ProfilingMethodInterceptor.invoke(ProfilingMethodInterceptor.java:33)
	at com.udacity.webcrawler.profiler.$Proxy9.profiled(Unknown Source)
	at java.base/jdk.internal.reflect.DirectMethodHandleAccessor.invoke(DirectMethodHandleAccessor.java:104)
	at java.base/java.lang.reflect.Method.invoke(Method.java:578)
	at com.udacity.webcrawler.profiler.ProfilingMethodInterceptor.invoke(ProfilingMethodInterceptor.java:33)
	at com.udacity.webcrawler.profiler.$Proxy9.profiled(Unknown Source)
	at java.base/jdk.internal.reflect.DirectMethodHandleAccessor.invoke(DirectMethodHandleAccessor.java:104)
	at java.base/java.lang.reflect.Method.invoke(Method.java:578)
[...]
	at com.udacity.webcrawler.profiler.$Proxy9.throwSomething(Unknown Source)
	at [[Reflective call: 2 frames collapsed (https://goo.gl/aH3UyP)]].(:0)
	at com.udacity.webcrawler.profiler.ProfilingMethodInterceptor.invoke(ProfilingMethodInterceptor.java:33)
	at com.udacity.webcrawler.profiler.$Proxy9.throwSomething(Unknown Source)
	at [[Reflective call: 2 frames collapsed (https://goo.gl/aH3UyP)]].(:0)
	at com.udacity.webcrawler.profiler.ProfilingMethodInterceptor.invoke(ProfilingMethodInterceptor.java:33)
	at com.udacity.webcrawler.profiler.$Proxy9.throwSomething(Unknown Source)
	at [[Reflective call: 2 frames collapsed (https://goo.gl/aH3UyP)]].(:0)
	at com.udacity.webcrawler.profiler.ProfilingMethodInterceptor.invoke(ProfilingMethodInterceptor.java:33)
	at com.udacity.webcrawler.profiler.$Proxy9.throwSomething(Unknown Source)
	at [[Reflective call: 2 frames collapsed (https://goo.gl/aH3UyP)]].(:0)
	at com.udacity.webcrawler.profiler.ProfilingMethodInterceptor.invoke(ProfilingMethodInterceptor.java:33)
	at com.udacity.webcrawler.profiler.$Proxy9.throwSomething(Unknown Source)
	at [[Reflective call: 2 frames collapsed (https://goo.gl/aH3UyP)]].(:0)
	at com.udacity.webcrawler.profiler.ProfilingMethodInterceptor.invoke(ProfilingMethodInterceptor.java:33)
	at com.udacity.webcrawler.profiler.$Proxy9.throwSomething(Unknown Source)
	at [[Reflective call: 2 frames collapsed (https://goo.gl/aH3UyP)]].(:0)
	at com.udacity.webcrawler.profiler.ProfilingMethodInterceptor.invoke(ProfilingMethodInterceptor.java:33)
	at com.udacity.webcrawler.profiler.$Proxy9.throwSomething(Unknown Source)
	at [[Reflective call: 2 frames collapsed (https://goo.gl/aH3UyP)]].(:0)
	at com.udacity.webcrawler.profiler.ProfilingMethodInterceptor.invoke(ProfilingMethodInterceptor.java:33)
	at com.udacity.webcrawler.profiler.$Proxy9.throwSomething(Unknown Source)
	at [[Reflective call: 2 frames collapsed (https://goo.gl/aH3UyP)]].(:0)
	at com.udacity.webcrawler.profiler.ProfilingMethodInterceptor.invoke(ProfilingMethodInterceptor.java:33)
	at com.udacity.webcrawler.profiler.$Proxy9.throwSomething(Unknown Source)
	at [[Reflective call: 2 frames collapsed (https://goo.gl/aH3UyP)]].(:0)
	at com.udacity.webcrawler.profiler.ProfilingMethodInterceptor.invoke(ProfilingMethodInterceptor.java:33)
	at com.udacity.webcrawler.profiler.$Proxy9.throwSomething(Unknown Source)
	at [[Reflective call: 2 frames collapsed (https://goo.gl/aH3UyP)]].(:0)
	at com.udacity.webcrawler.profiler.ProfilingMethodInterceptor.invoke(ProfilingMethodInterceptor.java:33)
	at com.udacity.webcrawler.profiler.$Proxy9.throwSomething(Unknown Source)
	at [[Reflective call: 2 frames collapsed (https://goo.gl/aH3UyP)]].(:0)
	at com.udacity.webcrawler.profiler.ProfilingMethodInterceptor.invoke(ProfilingMethodInterceptor.java:33)
	at com.udacity.webcrawler.profiler.$Proxy9.throwSomething(Unknown Source)
	at [[Reflective call: 2 frames collapsed (https://goo.gl/aH3UyP)]].(:0)
	at com.udacity.webcrawler.profiler.ProfilingMethodInterceptor.invoke(ProfilingMethodInterceptor.java:33)
	at com.udacity.webcrawler.profiler.$Proxy9.throwSomething(Unknown Source)
	at [[Reflective call: 2 frames collapsed (https://goo.gl/aH3UyP)]].(:0)
	at com.udacity.webcrawler.profiler.ProfilingMethodInterceptor.invoke(ProfilingMethodInterceptor.java:33)
	at com.udacity.webcrawler.profiler.$Proxy9.throwSomething(Unknown Source)
	at [[Reflective call: 2 frames collapsed (https://goo.gl/aH3UyP)]].(:0)
	at com.udacity.webcrawler.profiler.ProfilingMethodInterceptor.invoke(ProfilingMethodInterceptor.java:33)
	at com.udacity.webcrawler.profiler.$Proxy9.throwSomething(Unknown Source)
	at [[Reflective call: 2 frames collapsed (https://goo.gl/aH3UyP)]].(:0)
	at com.udacity.webcrawler.profiler.ProfilingMethodInterceptor.invoke(ProfilingMethodInterceptor.java:33)
	at com.udacity.webcrawler.profiler.$Proxy9.throwSomething(Unknown Source)
	at [[Reflective call: 2 frames collapsed (https://goo.gl/aH3UyP)]].(:0)
	at com.udacity.webcrawler.profiler.ProfilingMethodInterceptor.invoke(ProfilingMethodInterceptor.java:33)
	at com.udacity.webcrawler.profiler.$Proxy9.throwSomething(Unknown Source)
	at [[Reflective call: 2 frames collapsed (https://goo.gl/aH3UyP)]].(:0)
	at com.udacity.webcrawler.profiler.ProfilingMethodInterceptor.invoke(ProfilingMethodInterceptor.java:33)
	at com.udacity.webcrawler.profiler.$Proxy9.throwSomething(Unknown Source)
	at [[Reflective call: 2 frames collapsed (https://goo.gl/aH3UyP)]].(:0)
	at com.udacity.webcrawler.profiler.ProfilingMethodInterceptor.invoke(ProfilingMethodInterceptor.java:33)
	at com.udacity.webcrawler.profiler.$Proxy9.throwSomething(Unknown Source)
	at [[Reflective call: 2 frames collapsed (https://goo.gl/aH3UyP)]].(:0)
	at com.udacity.webcrawler.profiler.ProfilingMethodInterceptor.invoke(ProfilingMethodInterceptor.java:33)
	at com.udacity.webcrawler.profiler.$Proxy9.throwSomething(Unknown Source)
	at [[Reflective call: 2 frames collapsed (https://goo.gl/aH3UyP)]].(:0)
	at com.udacity.webcrawler.profiler.ProfilingMethodInterceptor.invoke(ProfilingMethodInterceptor.java:33)
	at com.udacity.webcrawler.profiler.$Proxy9.throwSomething(Unknown Source)
	at [[Reflective call: 2 frames collapsed (https://goo.gl/aH3UyP)]].(:0)
	at com.udacity.webcrawler.profiler.ProfilingMethodInterceptor.invoke(ProfilingMethodInterceptor.java:33)

com.udacity.webcrawler.profiler.ProfilerImplTest.testHashCode  Time elapsed: 0.005 s  <<< ERROR!
java.lang.ClassCastException: class com.udacity.webcrawler.profiler.$Proxy9 cannot be cast to class java.lang.Integer (com.udacity.webcrawler.profiler.$Proxy9 is in unnamed module of loader 'app'; java.lang.Integer is in module java.base of loader 'bootstrap')
	at com.udacity.webcrawler.profiler.$Proxy9.hashCode(Unknown Source)
	at com.udacity.webcrawler.profiler.ProfilerImplTest.testHashCode(ProfilerImplTest.java:42)
	at java.base/jdk.internal.reflect.DirectMethodHandleAccessor.invoke(DirectMethodHandleAccessor.java:104)
	at java.base/java.lang.reflect.Method.invoke(Method.java:578)
	at org.junit.platform.commons.util.ReflectionUtils.invokeMethod(ReflectionUtils.java:725)
	at org.junit.jupiter.engine.execution.MethodInvocation.proceed(MethodInvocation.java:60)
	at org.junit.jupiter.engine.execution.InvocationInterceptorChain$ValidatingInvocation.proceed(InvocationInterceptorChain.java:131)
	at org.junit.jupiter.engine.extension.TimeoutExtension.intercept(TimeoutExtension.java:149)
	at org.junit.jupiter.engine.extension.TimeoutExtension.interceptTestableMethod(TimeoutExtension.java:140)
	at org.junit.jupiter.engine.extension.TimeoutExtension.interceptTestMethod(TimeoutExtension.java:84)
	at org.junit.jupiter.engine.execution.ExecutableInvoker$ReflectiveInterceptorCall.lambda$ofVoidMethod$0(ExecutableInvoker.java:115)
	at org.junit.jupiter.engine.execution.ExecutableInvoker.lambda$invoke$0(ExecutableInvoker.java:105)
	at org.junit.jupiter.engine.execution.InvocationInterceptorChain$InterceptedInvocation.proceed(InvocationInterceptorChain.java:106)
	at org.junit.jupiter.engine.execution.InvocationInterceptorChain.proceed(InvocationInterceptorChain.java:64)
	at org.junit.jupiter.engine.execution.InvocationInterceptorChain.chainAndInvoke(InvocationInterceptorChain.java:45)
	at org.junit.jupiter.engine.execution.InvocationInterceptorChain.invoke(InvocationInterceptorChain.java:37)
	at org.junit.jupiter.engine.execution.ExecutableInvoker.invoke(ExecutableInvoker.java:104)
	at org.junit.jupiter.engine.execution.ExecutableInvoker.invoke(ExecutableInvoker.java:98)
	at org.junit.jupiter.engine.descriptor.TestMethodTestDescriptor.lambda$invokeTestMethod$7(TestMethodTestDescriptor.java:214)
	at org.junit.platform.engine.support.hierarchical.ThrowableCollector.execute(ThrowableCollector.java:73)
	at org.junit.jupiter.engine.descriptor.TestMethodTestDescriptor.invokeTestMethod(TestMethodTestDescriptor.java:210)
	at org.junit.jupiter.engine.descriptor.TestMethodTestDescriptor.execute(TestMethodTestDescriptor.java:135)
	at org.junit.jupiter.engine.descriptor.TestMethodTestDescriptor.execute(TestMethodTestDescriptor.java:66)
	at org.junit.platform.engine.support.hierarchical.NodeTestTask.lambda$executeRecursively$6(NodeTestTask.java:151)
	at org.junit.platform.engine.support.hierarchical.ThrowableCollector.execute(ThrowableCollector.java:73)
	at org.junit.platform.engine.support.hierarchical.NodeTestTask.lambda$executeRecursively$8(NodeTestTask.java:141)
	at org.junit.platform.engine.support.hierarchical.Node.around(Node.java:137)
	at org.junit.platform.engine.support.hierarchical.NodeTestTask.lambda$executeRecursively$9(NodeTestTask.java:139)
	at org.junit.platform.engine.support.hierarchical.ThrowableCollector.execute(ThrowableCollector.java:73)
	at org.junit.platform.engine.support.hierarchical.NodeTestTask.executeRecursively(NodeTestTask.java:138)
	at org.junit.platform.engine.support.hierarchical.NodeTestTask.execute(NodeTestTask.java:95)
	at java.base/java.util.ArrayList.forEach(ArrayList.java:1511)
	at org.junit.platform.engine.support.hierarchical.SameThreadHierarchicalTestExecutorService.invokeAll(SameThreadHierarchicalTestExecutorService.java:41)
	at org.junit.platform.engine.support.hierarchical.NodeTestTask.lambda$executeRecursively$6(NodeTestTask.java:155)
	at org.junit.platform.engine.support.hierarchical.ThrowableCollector.execute(ThrowableCollector.java:73)
	at org.junit.platform.engine.support.hierarchical.NodeTestTask.lambda$executeRecursively$8(NodeTestTask.java:141)
	at org.junit.platform.engine.support.hierarchical.Node.around(Node.java:137)
	at org.junit.platform.engine.support.hierarchical.NodeTestTask.lambda$executeRecursively$9(NodeTestTask.java:139)
	at org.junit.platform.engine.support.hierarchical.ThrowableCollector.execute(ThrowableCollector.java:73)
	at org.junit.platform.engine.support.hierarchical.NodeTestTask.executeRecursively(NodeTestTask.java:138)
	at org.junit.platform.engine.support.hierarchical.NodeTestTask.execute(NodeTestTask.java:95)
	at java.base/java.util.ArrayList.forEach(ArrayList.java:1511)
	at org.junit.platform.engine.support.hierarchical.SameThreadHierarchicalTestExecutorService.invokeAll(SameThreadHierarchicalTestExecutorService.java:41)
	at org.junit.platform.engine.support.hierarchical.NodeTestTask.lambda$executeRecursively$6(NodeTestTask.java:155)
	at org.junit.platform.engine.support.hierarchical.ThrowableCollector.execute(ThrowableCollector.java:73)
	at org.junit.platform.engine.support.hierarchical.NodeTestTask.lambda$executeRecursively$8(NodeTestTask.java:141)
	at org.junit.platform.engine.support.hierarchical.Node.around(Node.java:137)
	at org.junit.platform.engine.support.hierarchical.NodeTestTask.lambda$executeRecursively$9(NodeTestTask.java:139)
	at org.junit.platform.engine.support.hierarchical.ThrowableCollector.execute(ThrowableCollector.java:73)
	at org.junit.platform.engine.support.hierarchical.NodeTestTask.executeRecursively(NodeTestTask.java:138)
	at org.junit.platform.engine.support.hierarchical.NodeTestTask.execute(NodeTestTask.java:95)
	at org.junit.platform.engine.support.hierarchical.SameThreadHierarchicalTestExecutorService.submit(SameThreadHierarchicalTestExecutorService.java:35)
	at org.junit.platform.engine.support.hierarchical.HierarchicalTestExecutor.execute(HierarchicalTestExecutor.java:57)
	at org.junit.platform.engine.support.hierarchical.HierarchicalTestEngine.execute(HierarchicalTestEngine.java:54)
	at org.junit.platform.launcher.core.DefaultLauncher.execute(DefaultLauncher.java:220)
	at org.junit.platform.launcher.core.DefaultLauncher.lambda$execute$6(DefaultLauncher.java:188)
	at org.junit.platform.launcher.core.DefaultLauncher.withInterceptedStreams(DefaultLauncher.java:202)
	at org.junit.platform.launcher.core.DefaultLauncher.execute(DefaultLauncher.java:181)
	at org.junit.platform.launcher.core.DefaultLauncher.execute(DefaultLauncher.java:128)
	at org.apache.maven.surefire.junitplatform.JUnitPlatformProvider.execute(JUnitPlatformProvider.java:188)
	at org.apache.maven.surefire.junitplatform.JUnitPlatformProvider.invokeAllTests(JUnitPlatformProvider.java:154)
	at org.apache.maven.surefire.junitplatform.JUnitPlatformProvider.invoke(JUnitPlatformProvider.java:128)
	at org.apache.maven.surefire.booter.ForkedBooter.runSuitesInProcess(ForkedBooter.java:428)
	at org.apache.maven.surefire.booter.ForkedBooter.execute(ForkedBooter.java:162)
	at org.apache.maven.surefire.booter.ForkedBooter.run(ForkedBooter.java:562)
	at org.apache.maven.surefire.booter.ForkedBooter.main(ForkedBooter.java:548)

com.udacity.webcrawler.profiler.ProfilerImplTest.testEquals  Time elapsed: 0.004 s  <<< ERROR!
java.lang.ClassCastException: class com.udacity.webcrawler.profiler.$Proxy9 cannot be cast to class java.lang.Boolean (com.udacity.webcrawler.profiler.$Proxy9 is in unnamed module of loader 'app'; java.lang.Boolean is in module java.base of loader 'bootstrap')
	at com.udacity.webcrawler.profiler.$Proxy9.equals(Unknown Source)
	at com.google.common.truth.Subject.compareForEquality(Subject.java:243)
	at com.google.common.truth.Subject.standardIsEqualTo(Subject.java:173)
	at com.google.common.truth.Subject.isEqualTo(Subject.java:169)
	at com.udacity.webcrawler.profiler.ProfilerImplTest.testEquals(ProfilerImplTest.java:52)
	at java.base/jdk.internal.reflect.DirectMethodHandleAccessor.invoke(DirectMethodHandleAccessor.java:104)
	at java.base/java.lang.reflect.Method.invoke(Method.java:578)
	at org.junit.platform.commons.util.ReflectionUtils.invokeMethod(ReflectionUtils.java:725)
	at org.junit.jupiter.engine.execution.MethodInvocation.proceed(MethodInvocation.java:60)
	at org.junit.jupiter.engine.execution.InvocationInterceptorChain$ValidatingInvocation.proceed(InvocationInterceptorChain.java:131)
	at org.junit.jupiter.engine.extension.TimeoutExtension.intercept(TimeoutExtension.java:149)
	at org.junit.jupiter.engine.extension.TimeoutExtension.interceptTestableMethod(TimeoutExtension.java:140)
	at org.junit.jupiter.engine.extension.TimeoutExtension.interceptTestMethod(TimeoutExtension.java:84)
	at org.junit.jupiter.engine.execution.ExecutableInvoker$ReflectiveInterceptorCall.lambda$ofVoidMethod$0(ExecutableInvoker.java:115)
	at org.junit.jupiter.engine.execution.ExecutableInvoker.lambda$invoke$0(ExecutableInvoker.java:105)
	at org.junit.jupiter.engine.execution.InvocationInterceptorChain$InterceptedInvocation.proceed(InvocationInterceptorChain.java:106)
	at org.junit.jupiter.engine.execution.InvocationInterceptorChain.proceed(InvocationInterceptorChain.java:64)
	at org.junit.jupiter.engine.execution.InvocationInterceptorChain.chainAndInvoke(InvocationInterceptorChain.java:45)
	at org.junit.jupiter.engine.execution.InvocationInterceptorChain.invoke(InvocationInterceptorChain.java:37)
	at org.junit.jupiter.engine.execution.ExecutableInvoker.invoke(ExecutableInvoker.java:104)
	at org.junit.jupiter.engine.execution.ExecutableInvoker.invoke(ExecutableInvoker.java:98)
	at org.junit.jupiter.engine.descriptor.TestMethodTestDescriptor.lambda$invokeTestMethod$7(TestMethodTestDescriptor.java:214)
	at org.junit.platform.engine.support.hierarchical.ThrowableCollector.execute(ThrowableCollector.java:73)
	at org.junit.jupiter.engine.descriptor.TestMethodTestDescriptor.invokeTestMethod(TestMethodTestDescriptor.java:210)
	at org.junit.jupiter.engine.descriptor.TestMethodTestDescriptor.execute(TestMethodTestDescriptor.java:135)
	at org.junit.jupiter.engine.descriptor.TestMethodTestDescriptor.execute(TestMethodTestDescriptor.java:66)
	at org.junit.platform.engine.support.hierarchical.NodeTestTask.lambda$executeRecursively$6(NodeTestTask.java:151)
	at org.junit.platform.engine.support.hierarchical.ThrowableCollector.execute(ThrowableCollector.java:73)
	at org.junit.platform.engine.support.hierarchical.NodeTestTask.lambda$executeRecursively$8(NodeTestTask.java:141)
	at org.junit.platform.engine.support.hierarchical.Node.around(Node.java:137)
	at org.junit.platform.engine.support.hierarchical.NodeTestTask.lambda$executeRecursively$9(NodeTestTask.java:139)
	at org.junit.platform.engine.support.hierarchical.ThrowableCollector.execute(ThrowableCollector.java:73)
	at org.junit.platform.engine.support.hierarchical.NodeTestTask.executeRecursively(NodeTestTask.java:138)
	at org.junit.platform.engine.support.hierarchical.NodeTestTask.execute(NodeTestTask.java:95)
	at java.base/java.util.ArrayList.forEach(ArrayList.java:1511)
	at org.junit.platform.engine.support.hierarchical.SameThreadHierarchicalTestExecutorService.invokeAll(SameThreadHierarchicalTestExecutorService.java:41)
	at org.junit.platform.engine.support.hierarchical.NodeTestTask.lambda$executeRecursively$6(NodeTestTask.java:155)
	at org.junit.platform.engine.support.hierarchical.ThrowableCollector.execute(ThrowableCollector.java:73)
	at org.junit.platform.engine.support.hierarchical.NodeTestTask.lambda$executeRecursively$8(NodeTestTask.java:141)
	at org.junit.platform.engine.support.hierarchical.Node.around(Node.java:137)
	at org.junit.platform.engine.support.hierarchical.NodeTestTask.lambda$executeRecursively$9(NodeTestTask.java:139)
	at org.junit.platform.engine.support.hierarchical.ThrowableCollector.execute(ThrowableCollector.java:73)
	at org.junit.platform.engine.support.hierarchical.NodeTestTask.executeRecursively(NodeTestTask.java:138)
	at org.junit.platform.engine.support.hierarchical.NodeTestTask.execute(NodeTestTask.java:95)
	at java.base/java.util.ArrayList.forEach(ArrayList.java:1511)
	at org.junit.platform.engine.support.hierarchical.SameThreadHierarchicalTestExecutorService.invokeAll(SameThreadHierarchicalTestExecutorService.java:41)
	at org.junit.platform.engine.support.hierarchical.NodeTestTask.lambda$executeRecursively$6(NodeTestTask.java:155)
	at org.junit.platform.engine.support.hierarchical.ThrowableCollector.execute(ThrowableCollector.java:73)
	at org.junit.platform.engine.support.hierarchical.NodeTestTask.lambda$executeRecursively$8(NodeTestTask.java:141)
	at org.junit.platform.engine.support.hierarchical.Node.around(Node.java:137)
	at org.junit.platform.engine.support.hierarchical.NodeTestTask.lambda$executeRecursively$9(NodeTestTask.java:139)
	at org.junit.platform.engine.support.hierarchical.ThrowableCollector.execute(ThrowableCollector.java:73)
	at org.junit.platform.engine.support.hierarchical.NodeTestTask.executeRecursively(NodeTestTask.java:138)
	at org.junit.platform.engine.support.hierarchical.NodeTestTask.execute(NodeTestTask.java:95)
	at org.junit.platform.engine.support.hierarchical.SameThreadHierarchicalTestExecutorService.submit(SameThreadHierarchicalTestExecutorService.java:35)
	at org.junit.platform.engine.support.hierarchical.HierarchicalTestExecutor.execute(HierarchicalTestExecutor.java:57)
	at org.junit.platform.engine.support.hierarchical.HierarchicalTestEngine.execute(HierarchicalTestEngine.java:54)
	at org.junit.platform.launcher.core.DefaultLauncher.execute(DefaultLauncher.java:220)
	at org.junit.platform.launcher.core.DefaultLauncher.lambda$execute$6(DefaultLauncher.java:188)
	at org.junit.platform.launcher.core.DefaultLauncher.withInterceptedStreams(DefaultLauncher.java:202)
	at org.junit.platform.launcher.core.DefaultLauncher.execute(DefaultLauncher.java:181)
	at org.junit.platform.launcher.core.DefaultLauncher.execute(DefaultLauncher.java:128)
	at org.apache.maven.surefire.junitplatform.JUnitPlatformProvider.execute(JUnitPlatformProvider.java:188)
	at org.apache.maven.surefire.junitplatform.JUnitPlatformProvider.invokeAllTests(JUnitPlatformProvider.java:154)
	at org.apache.maven.surefire.junitplatform.JUnitPlatformProvider.invoke(JUnitPlatformProvider.java:128)
	at org.apache.maven.surefire.booter.ForkedBooter.runSuitesInProcess(ForkedBooter.java:428)
	at org.apache.maven.surefire.booter.ForkedBooter.execute(ForkedBooter.java:162)
	at org.apache.maven.surefire.booter.ForkedBooter.run(ForkedBooter.java:562)
	at org.apache.maven.surefire.booter.ForkedBooter.main(ForkedBooter.java:548)

