<?xml version="1.0" encoding="UTF-8"?>
<testsuite xmlns:xsi="http://www.w3.org/2001/XMLSchema-instance" xsi:noNamespaceSchemaLocation="https://maven.apache.org/surefire/maven-surefire-plugin/xsd/surefire-test-report-3.0.xsd" version="3.0" name="com.udacity.webcrawler.profiler.ProfilerImplTest" time="0.316" tests="7" errors="5" skipped="0" failures="1">
  <properties>
[...]
</properties>
  <testcase name="delegateHasNoMethodsAnnotated" classname="com.udacity.webcrawler.profiler.ProfilerImplTest" time="0.02"/>
  <testcase name="testNonObjectEquals" classname="com.udacity.webcrawler.profiler.ProfilerImplTest" time="0.012">
    <error type="java.lang.IllegalArgumentException"><![CDATA[java.lang.IllegalArgumentException: Method is not annotated with @Profiled
	at com.udacity.webcrawler.profiler.ProfilingMethodInterceptor.invoke(ProfilingMethodInterceptor.java:43)
	at com.udacity.webcrawler.profiler.$Proxy9.equals(Unknown Source)
	at com.udacity.webcrawler.profiler.ProfilerImplTest.testNonObjectEquals(ProfilerImplTest.java:71)
	at java.base/jdk.internal.reflect.DirectMethodHandleAccessor.invoke(DirectMethodHandleAccessor.java:104)
	at java.base/java.lang.reflect.Method.invoke(Method.java:578)
	at org.junit.platform.commons.util.ReflectionUtils.invokeMethod(ReflectionUtils.java:725)
	at org.junit.jupiter.engine.execution.MethodInvocation.proceed(MethodInvocation.java:60)
	at org.junit.jupiter.engine.execution.InvocationInterceptorChain$ValidatingInvocation.proceed(InvocationInterceptorChain.java:131)
	at org.junit.jupiter.engine.extension.TimeoutExtension.intercept(TimeoutExtension.java:149)
	at org.junit.jupiter.engine.extension.TimeoutExtension.interceptTestableMethod(TimeoutExtension.java:140)
	at org.junit.jupiter.engine.extension.TimeoutExtension.interceptTestMethod(TimeoutExtension.java:84)
	at org.junit.jupiter.engine.execution.ExecutableInvoker$ReflectiveInterceptorCall.lambda$ofVoidMethod$0(ExecutableInvoker.java:115)
	at org.junit.jupiter.engine.execution.ExecutableInvoker.lambda$invoke$0(ExecutableInvoker.java:105)
	at org.junit.jupiter.engine.execution.InvocationInterceptorChain$InterceptedInvocation.proceed(InvocationInterceptorChain.java:106)
	at org.junit.jupiter.engine.execution.InvocationInterceptorChain.proceed(InvocationInterceptorChain.java:64)
	at org.junit.jupiter.engine.execution.InvocationInterceptorChain.chainAndInvoke(InvocationInterceptorChain.java:45)
	at org.junit.jupiter.engine.execution.InvocationInterceptorChain.invoke(InvocationInterceptorChain.java:37)
	at org.junit.jupiter.engine.execution.ExecutableInvoker.invoke(ExecutableInvoker.java:104)
	at org.junit.jupiter.engine.execution.ExecutableInvoker.invoke(ExecutableInvoker.java:98)
	at org.junit.jupiter.engine.descriptor.TestMethodTestDescriptor.lambda$invokeTestMethod$7(TestMethodTestDescriptor.java:214)
	at org.junit.platform.engine.support.hierarchical.ThrowableCollector.execute(ThrowableCollector.java:73)
	at org.junit.jupiter.engine.descriptor.TestMethodTestDescriptor.invokeTestMethod(TestMethodTestDescriptor.java:210)
	at org.junit.jupiter.engine.descriptor.TestMethodTestDescriptor.execute(TestMethodTestDescriptor.java:135)
	at org.junit.jupiter.engine.descriptor.TestMethodTestDescriptor.execute(TestMethodTestDescriptor.java:66)
	at org.junit.platform.engine.support.hierarchical.NodeTestTask.lambda$executeRecursively$6(NodeTestTask.java:151)
	at org.junit.platform.engine.support.hierarchical.ThrowableCollector.execute(ThrowableCollector.java:73)
	at org.junit.platform.engine.support.hierarchical.NodeTestTask.lambda$executeRecursively$8(NodeTestTask.java:141)
	at org.junit.platform.engine.support.hierarchical.Node.around(Node.java:137)
	at org.junit.platform.engine.support.hierarchical.NodeTestTask.lambda$executeRecursively$9(NodeTestTask.java:139)
	at org.junit.platform.engine.support.hierarchical.ThrowableCollector.execute(ThrowableCollector.java:73)
	at org.junit.platform.engine.support.hierarchical.NodeTestTask.executeRecursively(NodeTestTask.java:138)
	at org.junit.platform.engine.support.hierarchical.NodeTestTask.execute(NodeTestTask.java:95)
	at java.base/java.util.ArrayList.forEach(ArrayList.java:1511)
	at org.junit.platform.engine.support.hierarchical.SameThreadHierarchicalTestExecutorService.invokeAll(SameThreadHierarchicalTestExecutorService.java:41)
	at org.junit.platform.engine.support.hierarchical.NodeTestTask.lambda$executeRecursively$6(NodeTestTask.java:155)
	at org.junit.platform.engine.support.hierarchical.ThrowableCollector.execute(ThrowableCollector.java:73)
	at org.junit.platform.engine.support.hierarchical.NodeTestTask.lambda$executeRecursively$8(NodeTestTask.java:141)
	at org.junit.platform.engine.support.hierarchical.Node.around(Node.java:137)
	at org.junit.platform.engine.support.hierarchical.NodeTestTask.lambda$executeRecursively$9(NodeTestTask.java:139)
	at org.junit.platform.engine.support.hierarchical.ThrowableCollector.execute(ThrowableCollector.java:73)
	at org.junit.platform.engine.support.hierarchical.NodeTestTask.executeRecursively(NodeTestTask.java:138)
	at org.junit.platform.engine.support.hierarchical.NodeTestTask.execute(NodeTestTask.java:95)
	at java.base/java.util.ArrayList.forEach(ArrayList.java:1511)
	at org.junit.platform.engine.support.hierarchical.SameThreadHierarchicalTestExecutorService.invokeAll(SameThreadHierarchicalTestExecutorService.java:41)
	at org.junit.platform.engine.support.hierarchical.NodeTestTask.lambda$executeRecursively$6(NodeTestTask.java:155)
	at org.junit.platform.engine.support.hierarchical.ThrowableCollector.execute(ThrowableCollector.java:73)
	at org.junit.platform.engine.support.hierarchical.NodeTestTask.lambda$executeRecursively$8(NodeTestTask.java:141)
	at org.junit.platform.engine.support.hierarchical.Node.around(Node.java:137)
	at org.junit.platform.engine.support.hierarchical.NodeTestTask.lambda$executeRecursively$9(NodeTestTask.java:139)
	at org.junit.platform.engine.support.hierarchical.ThrowableCollector.execute(ThrowableCollector.java:73)
	at org.junit.platform.engine.support.hierarchical.NodeTestTask.executeRecursively(NodeTestTask.java:138)
	at org.junit.platform.engine.support.hierarchical.NodeTestTask.execute(NodeTestTask.java:95)
	at org.junit.platform.engine.support.hierarchical.SameThreadHierarchicalTestExecutorService.submit(SameThreadHierarchicalTestExecutorService.java:35)
	at org.junit.platform.engine.support.hierarchical.HierarchicalTestExecutor.execute(HierarchicalTestExecutor.java:57)
	at org.junit.platform.engine.support.hierarchical.HierarchicalTestEngine.execute(HierarchicalTestEngine.java:54)
	at org.junit.platform.launcher.core.DefaultLauncher.execute(DefaultLauncher.java:220)
	at org.junit.platform.launcher.core.DefaultLauncher.lambda$execute$6(DefaultLauncher.java:188)
	at org.junit.platform.launcher.core.DefaultLauncher.withInterceptedStreams(DefaultLauncher.java:202)
	at org.junit.platform.launcher.core.DefaultLauncher.execute(DefaultLauncher.java:181)
	at org.junit.platform.launcher.core.DefaultLauncher.execute(DefaultLauncher.java:128)
	at org.apache.maven.surefire.junitplatform.JUnitPlatformProvider.execute(JUnitPlatformProvider.java:188)
	at org.apache.maven.surefire.junitplatform.JUnitPlatformProvider.invokeAllTests(JUnitPlatformProvider.java:154)
	at org.apache.maven.surefire.junitplatform.JUnitPlatformProvider.invoke(JUnitPlatformProvider.java:128)
	at org.apache.maven.surefire.booter.ForkedBooter.runSuitesInProcess(ForkedBooter.java:428)
	at org.apache.maven.surefire.booter.ForkedBooter.execute(ForkedBooter.java:162)
	at org.apache.maven.surefire.booter.ForkedBooter.run(ForkedBooter.java:562)
	at org.apache.maven.surefire.booter.ForkedBooter.main(ForkedBooter.java:548)
]]></error>
  </testcase>
  <testcase name="testToString" classname="com.udacity.webcrawler.profiler.ProfilerImplTest" time="0.001">
    <error type="java.lang.IllegalArgumentException"><![CDATA[java.lang.IllegalArgumentException: Method is not annotated with @Profiled
	at com.udacity.webcrawler.profiler.ProfilingMethodInterceptor.invoke(ProfilingMethodInterceptor.java:43)
	at com.udacity.webcrawler.profiler.$Proxy9.toString(Unknown Source)
	at com.udacity.webcrawler.profiler.ProfilerImplTest.testToString(ProfilerImplTest.java:33)
	at java.base/jdk.internal.reflect.DirectMethodHandleAccessor.invoke(DirectMethodHandleAccessor.java:104)
	at java.base/java.lang.reflect.Method.invoke(Method.java:578)
	at org.junit.platform.commons.util.ReflectionUtils.invokeMethod(ReflectionUtils.java:725)
	at org.junit.jupiter.engine.execution.MethodInvocation.proceed(MethodInvocation.java:60)
	at org.junit.jupiter.engine.execution.InvocationInterceptorChain$ValidatingInvocation.proceed(InvocationInterceptorChain.java:131)
	at org.junit.jupiter.engine.extension.TimeoutExtension.intercept(TimeoutExtension.java:149)
	at org.junit.jupiter.engine.extension.TimeoutExtension.interceptTestableMethod(TimeoutExtension.java:140)
	at org.junit.jupiter.engine.extension.TimeoutExtension.interceptTestMethod(TimeoutExtension.java:84)
	at org.junit.jupiter.engine.execution.ExecutableInvoker$ReflectiveInterceptorCall.lambda$ofVoidMethod$0(ExecutableInvoker.java:115)
	at org.junit.jupiter.engine.execution.ExecutableInvoker.lambda$invoke$0(ExecutableInvoker.java:105)
	at org.junit.jupiter.engine.execution.InvocationInterceptorChain$InterceptedInvocation.proceed(InvocationInterceptorChain.java:106)
	at org.junit.jupiter.engine.execution.InvocationInterceptorChain.proceed(InvocationInterceptorChain.java:64)
	at org.junit.jupiter.engine.execution.InvocationInterceptorChain.chainAndInvoke(InvocationInterceptorChain.java:45)
	at org.junit.jupiter.engine.execution.InvocationInterceptorChain.invoke(InvocationInterceptorChain.java:37)
	at org.junit.jupiter.engine.execution.ExecutableInvoker.invoke(ExecutableInvoker.java:104)
	at org.junit.jupiter.engine.execution.ExecutableInvoker.invoke(ExecutableInvoker.java:98)
	at org.junit.jupiter.engine.descriptor.TestMethodTestDescriptor.lambda$invokeTestMethod$7(TestMethodTestDescriptor.java:214)
	at org.junit.platform.engine.support.hierarchical.ThrowableCollector.execute(ThrowableCollector.java:73)
	at org.junit.jupiter.engine.descriptor.TestMethodTestDescriptor.invokeTestMethod(TestMethodTestDescriptor.java:210)
	at org.junit.jupiter.engine.descriptor.TestMethodTestDescriptor.execute(TestMethodTestDescriptor.java:135)
	at org.junit.jupiter.engine.descriptor.TestMethodTestDescriptor.execute(TestMethodTestDescriptor.java:66)
	at org.junit.platform.engine.support.hierarchical.NodeTestTask.lambda$executeRecursively$6(NodeTestTask.java:151)
	at org.junit.platform.engine.support.hierarchical.ThrowableCollector.execute(ThrowableCollector.java:73)
	at org.junit.platform.engine.support.hierarchical.NodeTestTask.lambda$executeRecursively$8(NodeTestTask.java:141)
	at org.junit.platform.engine.support.hierarchical.Node.around(Node.java:137)
	at org.junit.platform.engine.support.hierarchical.NodeTestTask.lambda$executeRecursively$9(NodeTestTask.java:139)
	at org.junit.platform.engine.support.hierarchical.ThrowableCollector.execute(ThrowableCollector.java:73)
	at org.junit.platform.engine.support.hierarchical.NodeTestTask.executeRecursively(NodeTestTask.java:138)
	at org.junit.platform.engine.support.hierarchical.NodeTestTask.execute(NodeTestTask.java:95)
	at java.base/java.util.ArrayList.forEach(ArrayList.java:1511)
	at org.junit.platform.engine.support.hierarchical.SameThreadHierarchicalTestExecutorService.invokeAll(SameThreadHierarchicalTestExecutorService.java:41)
	at org.junit.platform.engine.support.hierarchical.NodeTestTask.lambda$executeRecursively$6(NodeTestTask.java:155)
	at org.junit.platform.engine.support.hierarchical.ThrowableCollector.execute(ThrowableCollector.java:73)
	at org.junit.platform.engine.support.hierarchical.NodeTestTask.lambda$executeRecursively$8(NodeTestTask.java:141)
	at org.junit.platform.engine.support.hierarchical.Node.around(Node.java:137)
	at org.junit.platform.engine.support.hierarchical.NodeTestTask.lambda$executeRecursively$9(NodeTestTask.java:139)
	at org.junit.platform.engine.support.hierarchical.ThrowableCollector.execute(ThrowableCollector.java:73)
	at org.junit.platform.engine.support.hierarchical.NodeTestTask.executeRecursively(NodeTestTask.java:138)
	at org.junit.platform.engine.support.hierarchical.NodeTestTask.execute(NodeTestTask.java:95)
	at java.base/java.util.ArrayList.forEach(ArrayList.java:1511)
	at org.junit.platform.engine.support.hierarchical.SameThreadHierarchicalTestExecutorService.invokeAll(SameThreadHierarchicalTestExecutorService.java:41)
	at org.junit.platform.engine.support.hierarchical.NodeTestTask.lambda$executeRecursively$6(NodeTestTask.java:155)
	at org.junit.platform.engine.support.hierarchical.ThrowableCollector.execute(ThrowableCollector.java:73)
	at org.junit.platform.engine.support.hierarchical.NodeTestTask.lambda$executeRecursively$8(NodeTestTask.java:141)
	at org.junit.platform.engine.support.hierarchical.Node.around(Node.java:137)
	at org.junit.platform.engine.support.hierarchical.NodeTestTask.lambda$executeRecursively$9(NodeTestTask.java:139)
	at org.junit.platform.engine.support.hierarchical.ThrowableCollector.execute(ThrowableCollector.java:73)
	at org.junit.platform.engine.support.hierarchical.NodeTestTask.executeRecursively(NodeTestTask.java:138)
	at org.junit.platform.engine.support.hierarchical.NodeTestTask.execute(NodeTestTask.java:95)
	at org.junit.platform.engine.support.hierarchical.SameThreadHierarchicalTestExecutorService.submit(SameThreadHierarchicalTestExecutorService.java:35)
	at org.junit.platform.engine.support.hierarchical.HierarchicalTestExecutor.execute(HierarchicalTestExecutor.java:57)
	at org.junit.platform.engine.support.hierarchical.HierarchicalTestEngine.execute(HierarchicalTestEngine.java:54)
	at org.junit.platform.launcher.core.DefaultLauncher.execute(DefaultLauncher.java:220)
	at org.junit.platform.launcher.core.DefaultLauncher.lambda$execute$6(DefaultLauncher.java:188)
	at org.junit.platform.launcher.core.DefaultLauncher.withInterceptedStreams(DefaultLauncher.java:202)
	at org.junit.platform.launcher.core.DefaultLauncher.execute(DefaultLauncher.java:181)
	at org.junit.platform.launcher.core.DefaultLauncher.execute(DefaultLauncher.java:128)
	at org.apache.maven.surefire.junitplatform.JUnitPlatformProvider.execute(JUnitPlatformProvider.java:188)
	at org.apache.maven.surefire.junitplatform.JUnitPlatformProvider.invokeAllTests(JUnitPlatformProvider.java:154)
	at org.apache.maven.surefire.junitplatform.JUnitPlatformProvider.invoke(JUnitPlatformProvider.java:128)
	at org.apache.maven.surefire.booter.ForkedBooter.runSuitesInProcess(ForkedBooter.java:428)
	at org.apache.maven.surefire.booter.ForkedBooter.execute(ForkedBooter.java:162)
	at org.apache.maven.surefire.booter.ForkedBooter.run(ForkedBooter.java:562)
	at org.apache.maven.surefire.booter.ForkedBooter.main(ForkedBooter.java:548)
]]></error>
  </testcase>
  <testcase name="testBasicProfiling" classname="com.udacity.webcrawler.profiler.ProfilerImplTest" time="0.099">
    <error type="java.lang.StackOverflowError"><![CDATA[java.lang.StackOverflowError
	at java.base/sun.invoke.util.VerifyAccess.isClassAccessible(VerifyAccess.java:195)
	at java.base/sun.invoke.util.VerifyAccess.isMemberAccessible(VerifyAccess.java:104)
	at java.base/java.lang.invoke.MethodHandles$Lookup.checkAccess(MethodHandles.java:3888)
	at java.base/java.lang.invoke.MethodHandles$Lookup.checkMethod(MethodHandles.java:3837)
	at java.base/java.lang.invoke.MethodHandles$Lookup.getDirectMethodCommon(MethodHandles.java:3982)
	at java.base/java.lang.invoke.MethodHandles$Lookup.getDirectMethodNoSecurityManager(MethodHandles.java:3975)
	at java.base/java.lang.invoke.MethodHandles$Lookup.getDirectMethodForConstant(MethodHandles.java:4219)
	at java.base/java.lang.invoke.MethodHandles$Lookup.linkMethodHandleConstant(MethodHandles.java:4167)
	at java.base/java.lang.invoke.MethodHandleNatives.linkMethodHandleConstant(MethodHandleNatives.java:612)
	at com.udacity.webcrawler.profiler.ProfilingState.record(ProfilingState.java:34)
	at com.udacity.webcrawler.profiler.ProfilingMethodInterceptor.invoke(ProfilingMethodInterceptor.java:39)
	at com.udacity.webcrawler.profiler.$Proxy9.profiled(Unknown Source)
	at java.base/jdk.internal.reflect.DirectMethodHandleAccessor.invoke(DirectMethodHandleAccessor.java:104)
	at java.base/java.lang.reflect.Method.invoke(Method.java:578)
	at com.udacity.webcrawler.profiler.ProfilingMethodInterceptor.invoke(ProfilingMethodInterceptor.java:33)
	at com.udacity.webcrawler.profiler.$Proxy9.profiled(Unknown Source)
	at java.base/jdk.internal.reflect.DirectMethodHandleAccessor.invoke(DirectMethodHandleAccessor.java:104)
	at java.base/java.lang.reflect.Method.invoke(Method.java:578)
	at com.udacity.webcrawler.profiler.ProfilingMethodInterceptor.invoke(ProfilingMethodInterceptor.java:33)
	at com.udacity.webcrawler.profiler.$Proxy9.profiled(Unknown Source)
	at java.base/jdk.internal.reflect.DirectMethodHandleAccessor.invoke(DirectMethodHandleAccessor.java:104)
	at java.base/java.lang.reflect.Method.invoke(Method.java:578)
	at com.udacity.webcrawler.profiler.ProfilingMethodInterceptor.invoke(ProfilingMethodInterceptor.java:33)
	at com.udacity.webcrawler.profiler.$Proxy9.profiled(Unknown Source)
	at java.base/jdk.internal.reflect.DirectMethodHandleAccessor.invoke(DirectMethodHandleAccessor.java:104)
	at java.base/java.lang.reflect.Method.invoke(Method.java:578)
	at com.udacity.webcrawler.profiler.ProfilingMethodInterceptor.invoke(ProfilingMethodInterceptor.java:33)
	at com.udacity.webcrawler.profiler.$Proxy9.profiled(Unknown Source)
	at java.base/jdk.internal.reflect.DirectMethodHandleAccessor.invoke(DirectMethodHandleAccessor.java:104)
	at java.base/java.lang.reflect.Method.invoke(Method.java:578)
	at com.udacity.webcrawler.profiler.ProfilingMethodInterceptor.invoke(ProfilingMethodInterceptor.java:33)
	at com.udacity.webcrawler.profiler.$Proxy9.profiled(Unknown Source)
	at java.base/jdk.internal.reflect.DirectMethodHandleAccessor.invoke(DirectMethodHandleAccessor.java:104)
	at java.base/java.lang.reflect.Method.invoke(Method.java:578)
	at com.udacity.webcrawler.profiler.ProfilingMethodInterceptor.invoke(ProfilingMethodInterceptor.java:33)
	at com.udacity.webcrawler.profiler.$Proxy9.profiled(Unknown Source)
	at java.base/jdk.internal.reflect.DirectMethodHandleAccessor.invoke(DirectMethodHandleAccessor.java:104)
	at java.base/java.lang.reflect.Method.invoke(Method.java:578)
	at com.udacity.webcrawler.profiler.ProfilingMethodInterceptor.invoke(ProfilingMethodInterceptor.java:33)
	at com.udacity.webcrawler.profiler.$Proxy9.profiled(Unknown Source)
	at java.base/jdk.internal.reflect.DirectMethodHandleAccessor.invoke(DirectMethodHandleAccessor.java:104)
	at java.base/java.lang.reflect.Method.invoke(Method.java:578)
	at com.udacity.webcrawler.profiler.ProfilingMethodInterceptor.invoke(ProfilingMethodInterceptor.java:33)
	at com.udacity.webcrawler.profiler.$Proxy9.profiled(Unknown Source)
	at java.base/jdk.internal.reflect.DirectMethodHandleAccessor.invoke(DirectMethodHandleAccessor.java:104)
	at java.base/java.lang.reflect.Method.invoke(Method.java:578)
	at com.udacity.webcrawler.profiler.ProfilingMethodInterceptor.invoke(ProfilingMethodInterceptor.java:33)
	at com.udacity.webcrawler.profiler.$Proxy9.profiled(Unknown Source)
	at java.base/jdk.internal.reflect.DirectMethodHandleAccessor.invoke(DirectMethodHandleAccessor.java:104)
	at java.base/java.lang.reflect.Method.invoke(Method.java:578)
	at com.udacity.webcrawler.profiler.ProfilingMethodInterceptor.invoke(ProfilingMethodInterceptor.java:33)
	at com.udacity.webcrawler.profiler.$Proxy9.profiled(Unknown Source)
	at java.base/jdk.internal.reflect.DirectMethodHandleAccessor.invoke(DirectMethodHandleAccessor.java:104)
	at java.base/java.lang.reflect.Method.invoke(Method.java:578)
	at com.udacity.webcrawler.profiler.ProfilingMethodInterceptor.invoke(ProfilingMethodInterceptor.java:33)
	at com.udacity.webcrawler.profiler.$Proxy9.profiled(Unknown Source)
	at java.base/jdk.internal.reflect.DirectMethodHandleAccessor.invoke(DirectMethodHandleAccessor.java:104)
	at java.base/java.lang.reflect.Method.invoke(Method.java:578)
	at com.udacity.webcrawler.profiler.ProfilingMethodInterceptor.invoke(ProfilingMethodInterceptor.java:33)
	at com.udacity.webcrawler.profiler.$Proxy9.profiled(Unknown Source)
	at java.base/jdk.internal.reflect.DirectMethodHandleAccessor.invoke(DirectMethodHandleAccessor.java:104)
	at java.base/java.lang.reflect.Method.invoke(Method.java:578)
	at com.udacity.webcrawler.profiler.ProfilingMethodInterceptor.invoke(ProfilingMethodInterceptor.java:33)
	at com.udacity.webcrawler.profiler.$Proxy9.profiled(Unknown Source)
	at java.base/jdk.internal.reflect.DirectMethodHandleAccessor.invoke(DirectMethodHandleAccessor.java:104)
	at java.base/java.lang.reflect.Method.invoke(Method.java:578)
	at com.udacity.webcrawler.profiler.ProfilingMethodInterceptor.invoke(ProfilingMethodInterceptor.java:33)
	at com.udacity.webcrawler.profiler.$Proxy9.profiled(Unknown Source)
	at java.base/jdk.internal.reflect.DirectMethodHandleAccessor.invoke(DirectMethodHandleAccessor.java:104)
	at java.base/java.lang.reflect.Method.invoke(Method.java:578)
	at com.udacity.webcrawler.profiler.ProfilingMethodInterceptor.invoke(ProfilingMethodInterceptor.java:33)
	at com.udacity.webcrawler.profiler.$Proxy9.profiled(Unknown Source)
	at java.base/jdk.internal.reflect.DirectMethodHandleAccessor.invoke(DirectMethodHandleAccessor.java:104)
	at java.base/java.lang.reflect.Method.invoke(Method.java:578)
	at com.udacity.webcrawler.profiler.ProfilingMethodInterceptor.invoke(ProfilingMethodInterceptor.java:33)
	at com.udacity.webcrawler.profiler.$Proxy9.profiled(Unknown Source)
	at java.base/jdk.internal.reflect.DirectMethodHandleAccessor.invoke(DirectMethodHandleAccessor.java:104)
	at java.base/java.lang.reflect.Method.invoke(Method.java:578)
	at com.udacity.webcrawler.profiler.ProfilingMethodInterceptor.invoke(ProfilingMethodInterceptor.java:33)
	at com.udacity.webcrawler.profiler.$Proxy9.profiled(Unknown Source)
	at java.base/jdk.internal.reflect.DirectMethodHandleAccessor.invoke(DirectMethodHandleAccessor.java:104)
	at java.base/java.lang.reflect.Method.invoke(Method.java:578)
	at com.udacity.webcrawler.profiler.ProfilingMethodInterceptor.invoke(ProfilingMethodInterceptor.java:33)
	at com.udacity.webcrawler.profiler.$Proxy9.profiled(Unknown Source)
	at java.base/jdk.internal.reflect.DirectMethodHandleAccessor.invoke(DirectMethodHandleAccessor.java:104)
	at java.base/java.lang.reflect.Method.invoke(Method.java:578)
	at com.udacity.webcrawler.profiler.ProfilingMethodInterceptor.invoke(ProfilingMethodInterceptor.java:33)
	at com.udacity.webcrawler.profiler.$Proxy9.profiled(Unknown Source)
	at java.base/jdk.internal.reflect.DirectMethodHandleAccessor.invoke(DirectMethodHandleAccessor.java:104)
	at java.base/java.lang.reflect.Method.invoke(Method.java:578)
	at com.udacity.webcrawler.profiler.ProfilingMethodInterceptor.invoke(ProfilingMethodInterceptor.java:33)
	at com.udacity.webcrawler.profiler.$Proxy9.profiled(Unknown Source)
	at java.base/jdk.internal.reflect.DirectMethodHandleAccessor.invoke(DirectMethodHandleAccessor.java:104)
	at java.base/java.lang.reflect.Method.invoke(Method.java:578)
	at com.udacity.webcrawler.profiler.ProfilingMethodInterceptor.invoke(ProfilingMethodInterceptor.java:33)
	at com.udacity.webcrawler.profiler.$Proxy9.profiled(Unknown Source)
	at java.base/jdk.internal.reflect.DirectMethodHandleAccessor.invoke(DirectMethodHandleAccessor.java:104)
	at java.base/java.lang.reflect.Method.invoke(Method.java:578)
	at com.udacity.webcrawler.profiler.ProfilingMethodInterceptor.invoke(ProfilingMethodInterceptor.java:33)
	at com.udacity.webcrawler.profiler.$Proxy9.profiled(Unknown Source)
	at java.base/jdk.internal.reflect.DirectMethodHandleAccessor.invoke(DirectMethodHandleAccessor.java:104)
	at java.base/java.lang.reflect.Method.invoke(Method.java:578)
	at com.udacity.webcrawler.profiler.ProfilingMethodInterceptor.invoke(ProfilingMethodInterceptor.java:33)
	at com.udacity.webcrawler.profiler.$Proxy9.profiled(Unknown Source)
	at java.base/jdk.internal.reflect.DirectMethodHandleAccessor.invoke(DirectMethodHandleAccessor.java:104)
	at java.base/java.lang.reflect.Method.invoke(Method.java:578)
	at com.udacity.webcrawler.profiler.ProfilingMethodInterceptor.invoke(ProfilingMethodInterceptor.java:33)
	at com.udacity.webcrawler.profiler.$Proxy9.profiled(Unknown Source)
	at java.base/jdk.internal.reflect.DirectMethodHandleAccessor.invoke(DirectMethodHandleAccessor.java:104)
	at java.base/java.lang.reflect.Method.invoke(Method.java:578)
	at com.udacity.webcrawler.profiler.ProfilingMethodInterceptor.invoke(ProfilingMethodInterceptor.java:33)
	at com.udacity.webcrawler.profiler.$Proxy9.profiled(Unknown Source)
	at java.base/jdk.internal.reflect.DirectMethodHandleAccessor.invoke(DirectMethodHandleAccessor.java:104)
	at java.base/java.lang.reflect.Method.invoke(Method.java:578)
	at com.udacity.webcrawler.profiler.ProfilingMethodInterceptor.invoke(ProfilingMethodInterceptor.java:33)
	at com.udacity.webcrawler.profiler.$Proxy9.profiled(Unknown Source)
	at java.base/jdk.internal.reflect.DirectMethodHandleAccessor.invoke(DirectMethodHandleAccessor.java:104)
	at java.base/java.lang.reflect.Method.invoke(Method.java:578)
	at com.udacity.webcrawler.profiler.ProfilingMethodInterceptor.invoke(ProfilingMethodInterceptor.java:33)
	at com.udacity.webcrawler.profiler.$Proxy9.profiled(Unknown Source)
	at java.base/jdk.internal.reflect.DirectMethodHandleAccessor.invoke(DirectMethodHandleAccessor.java:104)
	at java.base/java.lang.reflect.Method.invoke(Method.java:578)
	at com.udacity.webcrawler.profiler.ProfilingMethodInterceptor.invoke(ProfilingMethodInterceptor.java:33)
	at com.udacity.webcrawler.profiler.$Proxy9.profiled(Unknown Source)
	at java.base/jdk.internal.reflect.DirectMethodHandleAccessor.invoke(DirectMethodHandleAccessor.java:104)
	at java.base/java.lang.reflect.Method.invoke(Method.java:578)
	at com.udacity.webcrawler.profiler.ProfilingMethodInterceptor.invoke(ProfilingMethodInterceptor.java:33)
	at com.udacity.webcrawler.profiler.$Proxy9.profiled(Unknown Source)
	at java.base/jdk.internal.reflect.DirectMethodHandleAccessor.invoke(DirectMethodHandleAccessor.java:104)
	at java.base/java.lang.reflect.Method.invoke(Method.java:578)
	at com.udacity.webcrawler.profiler.ProfilingMethodInterceptor.invoke(ProfilingMethodInterceptor.java:33)
	at com.udacity.webcrawler.profiler.$Proxy9.profiled(Unknown Source)
	at java.base/jdk.internal.reflect.DirectMethodHandleAccessor.invoke(DirectMethodHandleAccessor.java:104)
	at java.base/java.lang.reflect.Method.invoke(Method.java:578)
	at com.udacity.webcrawler.profiler.ProfilingMethodInterceptor.invoke(ProfilingMethodInterceptor.java:33)
	at com.udacity.webcrawler.profiler.$Proxy9.profiled(Unknown Source)
	at java.base/jdk.internal.reflect.DirectMethodHandleAccessor.invoke(DirectMethodHandleAccessor.java:104)
	at java.base/java.lang.reflect.Method.invoke(Method.java:578)
	at com.udacity.webcrawler.profiler.ProfilingMethodInterceptor.invoke(ProfilingMethodInterceptor.java:33)
	at com.udacity.webcrawler.profiler.$Proxy9.profiled(Unknown Source)
	at java.base/jdk.internal.reflect.DirectMethodHandleAccessor.invoke(DirectMethodHandleAccessor.java:104)
	at java.base/java.lang.reflect.Method.invoke(Method.java:578)
	at com.udacity.webcrawler.profiler.ProfilingMethodInterceptor.invoke(ProfilingMethodInterceptor.java:33)
	at com.udacity.webcrawler.profiler.$Proxy9.profiled(Unknown Source)
	at java.base/jdk.internal.reflect.DirectMethodHandleAccessor.invoke(DirectMethodHandleAccessor.java:104)
	at java.base/java.lang.reflect.Method.invoke(Method.java:578)
	at com.udacity.webcrawler.profiler.ProfilingMethodInterceptor.invoke(ProfilingMethodInterceptor.java:33)
	at com.udacity.webcrawler.profiler.$Proxy9.profiled(Unknown Source)
	at java.base/jdk.internal.reflect.DirectMethodHandleAccessor.invoke(DirectMethodHandleAccessor.java:104)
	at java.base/java.lang.reflect.Method.invoke(Method.java:578)
	at com.udacity.webcrawler.profiler.ProfilingMethodInterceptor.invoke(ProfilingMethodInterceptor.java:33)
	at com.udacity.webcrawler.profiler.$Proxy9.profiled(Unknown Source)
	at java.base/jdk.internal.reflect.DirectMethodHandleAccessor.invoke(DirectMethodHandleAccessor.java:104)
	at java.base/java.lang.reflect.Method.invoke(Method.java:578)
	at com.udacity.webcrawler.profiler.ProfilingMethodInterceptor.invoke(ProfilingMethodInterceptor.java:33)
	at com.udacity.webcrawler.profiler.$Proxy9.profiled(Unknown Source)
	at java.base/jdk.internal.reflect.DirectMethodHandleAccessor.invoke(DirectMethodHandleAccessor.java:104)
	at java.base/java.lang.reflect.Method.invoke(Method.java:578)
	at com.udacity.webcrawler.profiler.ProfilingMethodInterceptor.invoke(ProfilingMethodInterceptor.java:33)
	at com.udacity.webcrawler.profiler.$Proxy9.profiled(Unknown Source)
	at java.base/jdk.internal.reflect.DirectMethodHandleAccessor.invoke(DirectMethodHandleAccessor.java:104)
	at java.base/java.lang.reflect.Method.invoke(Method.java:578)
	at com.udacity.webcrawler.profiler.ProfilingMethodInterceptor.invoke(ProfilingMethodInterceptor.java:33)
	at com.udacity.webcrawler.profiler.$Proxy9.profiled(Unknown Source)
	at java.base/jdk.internal.reflect.DirectMethodHandleAccessor.invoke(DirectMethodHandleAccessor.java:104)
	at java.base/java.lang.reflect.Method.invoke(Method.java:578)
	at com.udacity.webcrawler.profiler.ProfilingMethodInterceptor.invoke(ProfilingMethodInterceptor.java:33)
	at com.udacity.webcrawler.profiler.$Proxy9.profiled(Unknown Source)
	at java.base/jdk.internal.reflect.DirectMethodHandleAccessor.invoke(DirectMethodHandleAccessor.java:104)
	at java.base/java.lang.reflect.Method.invoke(Method.java:578)
	at com.udacity.webcrawler.profiler.ProfilingMethodInterceptor.invoke(ProfilingMethodInterceptor.java:33)
	at com.udacity.webcrawler.profiler.$Proxy9.profiled(Unknown Source)
	at java.base/jdk.internal.reflect.DirectMethodHandleAccessor.invoke(DirectMethodHandleAccessor.java:104)
	at java.base/java.lang.reflect.Method.invoke(Method.java:578)
	at com.udacity.webcrawler.profiler.ProfilingMethodInterceptor.invoke(ProfilingMethodInterceptor.java:33)
	at com.udacity.webcrawler.profiler.$Proxy9.profiled(Unknown Source)
	at java.base/jdk.internal.reflect.DirectMethodHandleAccessor.invoke(DirectMethodHandleAccessor.java:104)
	at java.base/java.lang.reflect.Method.invoke(Method.java:578)
	at com.udacity.webcrawler.profiler.ProfilingMethodInterceptor.invoke(ProfilingMethodInterceptor.java:33)
	at com.udacity.webcrawler.profiler.$Proxy9.profiled(Unknown Source)
	at java.base/jdk.internal.reflect.DirectMethodHandleAccessor.invoke(DirectMethodHandleAccessor.java:104)
	at java.base/java.lang.reflect.Method.invoke(Method.java:578)
	at com.udacity.webcrawler.profiler.ProfilingMethodInterceptor.invoke(ProfilingMethodInterceptor.java:33)
	at com.udacity.webcrawler.profiler.$Proxy9.profiled(Unknown Source)
	at java.base/jdk.internal.reflect.DirectMethodHandleAccessor.invoke(DirectMethodHandleAccessor.java:104)
	at java.base/java.lang.reflect.Method.invoke(Method.java:578)
	at com.udacity.webcrawler.profiler.ProfilingMethodInterceptor.invoke(ProfilingMethodInterceptor.java:33)
	at com.udacity.webcrawler.profiler.$Proxy9.profiled(Unknown Source)
	at java.base/jdk.internal.reflect.DirectMethodHandleAccessor.invoke(DirectMethodHandleAccessor.java:104)
	at java.base/java.lang.reflect.Method.invoke(Method.java:578)
	at com.udacity.webcrawler.profiler.ProfilingMethodInterceptor.invoke(ProfilingMethodInterceptor.java:33)
	at com.udacity.webcrawler.profiler.$Proxy9.profiled(Unknown Source)
	at java.base/jdk.internal.reflect.DirectMethodHandleAccessor.invoke(DirectMethodHandleAccessor.java:104)
	at java.base/java.lang.reflect.Method.invoke(Method.java:578)
	at com.udacity.webcrawler.profiler.ProfilingMethodInterceptor.invoke(ProfilingMethodInterceptor.java:33)
	at com.udacity.webcrawler.profiler.$Proxy9.profiled(Unknown Source)
	at java.base/jdk.internal.reflect.DirectMethodHandleAccessor.invoke(DirectMethodHandleAccessor.java:104)
	at java.base/java.lang.reflect.Method.invoke(Method.java:578)
	at com.udacity.webcrawler.profiler.ProfilingMethodInterceptor.invoke(ProfilingMethodInterceptor.java:33)
	at com.udacity.webcrawler.profiler.$Proxy9.profiled(Unknown Source)
	at java.base/jdk.internal.reflect.DirectMethodHandleAccessor.invoke(DirectMethodHandleAccessor.java:104)
	at java.base/java.lang.reflect.Method.invoke(Method.java:578)
	at com.udacity.webcrawler.profiler.ProfilingMethodInterceptor.invoke(ProfilingMethodInterceptor.java:33)
	at com.udacity.webcrawler.profiler.$Proxy9.profiled(Unknown Source)
	at java.base/jdk.internal.reflect.DirectMethodHandleAccessor.invoke(DirectMethodHandleAccessor.java:104)
	at java.base/java.lang.reflect.Method.invoke(Method.java:578)
	at com.udacity.webcrawler.profiler.ProfilingMethodInterceptor.invoke(ProfilingMethodInterceptor.java:33)
	at com.udacity.webcrawler.profiler.$Proxy9.profiled(Unknown Source)
	at java.base/jdk.internal.reflect.DirectMethodHandleAccessor.invoke(DirectMethodHandleAccessor.java:104)
	at java.base/java.lang.reflect.Method.invoke(Method.java:578)
	at com.udacity.webcrawler.profiler.ProfilingMethodInterceptor.invoke(ProfilingMethodInterceptor.java:33)
	at com.udacity.webcrawler.profiler.$Proxy9.profiled(Unknown Source)
	at java.base/jdk.internal.reflect.DirectMethodHandleAccessor.invoke(DirectMethodHandleAccessor.java:104)
	at java.base/java.lang.reflect.Method.invoke(Method.java:578)
	at com.udacity.webcrawler.profiler.ProfilingMethodInterceptor.invoke(ProfilingMethodInterceptor.java:33)
	at com.udacity.webcrawler.profiler.$Proxy9.profiled(Unknown Source)
	at java.base/jdk.internal.reflect.DirectMethodHandleAccessor.invoke(DirectMethodHandleAccessor.java:104)
	at java.base/java.lang.reflect.Method.invoke(Method.java:578)
	at com.udacity.webcrawler.profiler.ProfilingMethodInterceptor.invoke(ProfilingMethodInterceptor.java:33)
	at com.udacity.webcrawler.profiler.$Proxy9.profiled(Unknown Source)
	at java.base/jdk.internal.reflect.DirectMethodHandleAccessor.invoke(DirectMethodHandleAccessor.java:104)
	at java.base/java.lang.reflect.Method.invoke(Method.java:578)
	at com.udacity.webcrawler.profiler.ProfilingMethodInterceptor.invoke(ProfilingMethodInterceptor.java:33)
	at com.udacity.webcrawler.profiler.$Proxy9.profiled(Unknown Source)
	at java.base/jdk.internal.reflect.DirectMethodHandleAccessor.invoke(DirectMethodHandleAccessor.java:104)
	at java.base/java.lang.reflect.Method.invoke(Method.java:578)
	at com.udacity.webcrawler.profiler.ProfilingMethodInterceptor.invoke(ProfilingMethodInterceptor.java:33)
	at com.udacity.webcrawler.profiler.$Proxy9.profiled(Unknown Source)
	at java.base/jdk.internal.reflect.DirectMethodHandleAccessor.invoke(DirectMethodHandleAccessor.java:104)
	at java.base/java.lang.reflect.Method.invoke(Method.java:578)
	at com.udacity.webcrawler.profiler.ProfilingMethodInterceptor.invoke(ProfilingMethodInterceptor.java:33)
	at com.udacity.webcrawler.profiler.$Proxy9.profiled(Unknown Source)
	at java.base/jdk.internal.reflect.DirectMethodHandleAccessor.invoke(DirectMethodHandleAccessor.java:104)
	at java.base/java.lang.reflect.Method.invoke(Method.java:578)
	at com.udacity.webcrawler.profiler.ProfilingMethodInterceptor.invoke(ProfilingMethodInterceptor.java:33)
	at com.udacity.webcrawler.profiler.$Proxy9.profiled(Unknown Source)
	at java.base/jdk.internal.reflect.DirectMethodHandleAccessor.invoke(DirectMethodHandleAccessor.java:104)
	at java.base/java.lang.reflect.Method.invoke(Method.java:578)
	at com.udacity.webcrawler.profiler.ProfilingMethodInterceptor.invoke(ProfilingMethodInterceptor.java:33)
	at com.udacity.webcrawler.profiler.$Proxy9.profiled(Unknown Source)
	at java.base/jdk.internal.reflect.DirectMethodHandleAccessor.invoke(DirectMethodHandleAccessor.java:104)
	at java.base/java.lang.reflect.Method.invoke(Method.java:578)
	at com.udacity.webcrawler.profiler.ProfilingMethodInterceptor.invoke(ProfilingMethodInterceptor.java:33)
	at com.udacity.webcrawler.profiler.$Proxy9.profiled(Unknown Source)
	at java.base/jdk.internal.reflect.DirectMethodHandleAccessor.invoke(DirectMethodHandleAccessor.java:104)
	at java.base/java.lang.reflect.Method.invoke(Method.java:578)
	at com.udacity.webcrawler.profiler.ProfilingMethodInterceptor.invoke(ProfilingMethodInterceptor.java:33)
	at com.udacity.webcrawler.profiler.$Proxy9.profiled(Unknown Source)
	at java.base/jdk.internal.reflect.DirectMethodHandleAccessor.invoke(DirectMethodHandleAccessor.java:104)
	at java.base/java.lang.reflect.Method.invoke(Method.java:578)
	at com.udacity.webcrawler.profiler.ProfilingMethodInterceptor.invoke(ProfilingMethodInterceptor.java:33)
	at com.udacity.webcrawler.profiler.$Proxy9.profiled(Unknown Source)
	at java.base/jdk.internal.reflect.DirectMethodHandleAccessor.invoke(DirectMethodHandleAccessor.java:104)
	at java.base/java.lang.reflect.Method.invoke(Method.java:578)
	at com.udacity.webcrawler.profiler.ProfilingMethodInterceptor.invoke(ProfilingMethodInterceptor.java:33)
	at com.udacity.webcrawler.profiler.$Proxy9.profiled(Unknown Source)
	at java.base/jdk.internal.reflect.DirectMethodHandleAccessor.invoke(DirectMethodHandleAccessor.java:104)
	at java.base/java.lang.reflect.Method.invoke(Method.java:578)
	at com.udacity.webcrawler.profiler.ProfilingMethodInterceptor.invoke(ProfilingMethodInterceptor.java:33)
	at com.udacity.webcrawler.profiler.$Proxy9.profiled(Unknown Source)
	at java.base/jdk.internal.reflect.DirectMethodHandleAccessor.invoke(DirectMethodHandleAccessor.java:104)
	at java.base/java.lang.reflect.Method.invoke(Method.java:578)
	at com.udacity.webcrawler.profiler.ProfilingMethodInterceptor.invoke(ProfilingMethodInterceptor.java:33)
	at com.udacity.webcrawler.profiler.$Proxy9.profiled(Unknown Source)
	at java.base/jdk.internal.reflect.DirectMethodHandleAccessor.invoke(DirectMethodHandleAccessor.java:104)
	at java.base/java.lang.reflect.Method.invoke(Method.java:578)
	at com.udacity.webcrawler.profiler.ProfilingMethodInterceptor.invoke(ProfilingMethodInterceptor.java:33)
	at com.udacity.webcrawler.profiler.$Proxy9.profiled(Unknown Source)
	at java.base/jdk.internal.reflect.DirectMethodHandleAccessor.invoke(DirectMethodHandleAccessor.java:104)
	at java.base/java.lang.reflect.Method.invoke(Method.java:578)
	at com.udacity.webcrawler.profiler.ProfilingMethodInterceptor.invoke(ProfilingMethodInterceptor.java:33)
	at com.udacity.webcrawler.profiler.$Proxy9.profiled(Unknown Source)
	at java.base/jdk.internal.reflect.DirectMethodHandleAccessor.invoke(DirectMethodHandleAccessor.java:104)
	at java.base/java.lang.reflect.Method.invoke(Method.java:578)
	at com.udacity.webcrawler.profiler.ProfilingMethodInterceptor.invoke(ProfilingMethodInterceptor.java:33)
	at com.udacity.webcrawler.profiler.$Proxy9.profiled(Unknown Source)
	at java.base/jdk.internal.reflect.DirectMethodHandleAccessor.invoke(DirectMethodHandleAccessor.java:104)
	at java.base/java.lang.reflect.Method.invoke(Method.java:578)
	at com.udacity.webcrawler.profiler.ProfilingMethodInterceptor.invoke(ProfilingMethodInterceptor.java:33)
	at com.udacity.webcrawler.profiler.$Proxy9.profiled(Unknown Source)
	at java.base/jdk.internal.reflect.DirectMethodHandleAccessor.invoke(DirectMethodHandleAccessor.java:104)
	at java.base/java.lang.reflect.Method.invoke(Method.java:578)
	at com.udacity.webcrawler.profiler.ProfilingMethodInterceptor.invoke(ProfilingMethodInterceptor.java:33)
	at com.udacity.webcrawler.profiler.$Proxy9.profiled(Unknown Source)
	at java.base/jdk.internal.reflect.DirectMethodHandleAccessor.invoke(DirectMethodHandleAccessor.java:104)
	at java.base/java.lang.reflect.Method.invoke(Method.java:578)
	at com.udacity.webcrawler.profiler.ProfilingMethodInterceptor.invoke(ProfilingMethodInterceptor.java:33)
	at com.udacity.webcrawler.profiler.$Proxy9.profiled(Unknown Source)
	at java.base/jdk.internal.reflect.DirectMethodHandleAccessor.invoke(DirectMethodHandleAccessor.java:104)
	at java.base/java.lang.reflect.Method.invoke(Method.java:578)
	at com.udacity.webcrawler.profiler.ProfilingMethodInterceptor.invoke(ProfilingMethodInterceptor.java:33)
	at com.udacity.webcrawler.profiler.$Proxy9.profiled(Unknown Source)
	at java.base/jdk.internal.reflect.DirectMethodHandleAccessor.invoke(DirectMethodHandleAccessor.java:104)
	at java.base/java.lang.reflect.Method.invoke(Method.java:578)
	at com.udacity.webcrawler.profiler.ProfilingMethodInterceptor.invoke(ProfilingMethodInterceptor.java:33)
	at com.udacity.webcrawler.profiler.$Proxy9.profiled(Unknown Source)
	at java.base/jdk.internal.reflect.DirectMethodHandleAccessor.invoke(DirectMethodHandleAccessor.java:104)
	at java.base/java.lang.reflect.Method.invoke(Method.java:578)
	at com.udacity.webcrawler.profiler.ProfilingMethodInterceptor.invoke(ProfilingMethodInterceptor.java:33)
	at com.udacity.webcrawler.profiler.$Proxy9.profiled(Unknown Source)
	at java.base/jdk.internal.reflect.DirectMethodHandleAccessor.invoke(DirectMethodHandleAccessor.java:104)
	at java.base/java.lang.reflect.Method.invoke(Method.java:578)
	at com.udacity.webcrawler.profiler.ProfilingMethodInterceptor.invoke(ProfilingMethodInterceptor.java:33)
	at com.udacity.webcrawler.profiler.$Proxy9.profiled(Unknown Source)
	at java.base/jdk.internal.reflect.DirectMethodHandleAccessor.invoke(DirectMethodHandleAccessor.java:104)
	at java.base/java.lang.reflect.Method.invoke(Method.java:578)
	at com.udacity.webcrawler.profiler.ProfilingMethodInterceptor.invoke(ProfilingMethodInterceptor.java:33)
	at com.udacity.webcrawler.profiler.$Proxy9.profiled(Unknown Source)
	at java.base/jdk.internal.reflect.DirectMethodHandleAccessor.invoke(DirectMethodHandleAccessor.java:104)
	at java.base/java.lang.reflect.Method.invoke(Method.java:578)
	at com.udacity.webcrawler.profiler.ProfilingMethodInterceptor.invoke(ProfilingMethodInterceptor.java:33)
	at com.udacity.webcrawler.profiler.$Proxy9.profiled(Unknown Source)
	at java.base/jdk.internal.reflect.DirectMethodHandleAccessor.invoke(DirectMethodHandleAccessor.java:104)
	at java.base/java.lang.reflect.Method.invoke(Method.java:578)
	at com.udacity.webcrawler.profiler.ProfilingMethodInterceptor.invoke(ProfilingMethodInterceptor.java:33)
	at com.udacity.webcrawler.profiler.$Proxy9.profiled(Unknown Source)
	at java.base/jdk.internal.reflect.DirectMethodHandleAccessor.invoke(DirectMethodHandleAccessor.java:104)
	at java.base/java.lang.reflect.Method.invoke(Method.java:578)
	at com.udacity.webcrawler.profiler.ProfilingMethodInterceptor.invoke(ProfilingMethodInterceptor.java:33)
	at com.udacity.webcrawler.profiler.$Proxy9.profiled(Unknown Source)
	at java.base/jdk.internal.reflect.DirectMethodHandleAccessor.invoke(DirectMethodHandleAccessor.java:104)
	at java.base/java.lang.reflect.Method.invoke(Method.java:578)
	at com.udacity.webcrawler.profiler.ProfilingMethodInterceptor.invoke(ProfilingMethodInterceptor.java:33)
	at com.udacity.webcrawler.profiler.$Proxy9.profiled(Unknown Source)
	at java.base/jdk.internal.reflect.DirectMethodHandleAccessor.invoke(DirectMethodHandleAccessor.java:104)
	at java.base/java.lang.reflect.Method.invoke(Method.java:578)
	at com.udacity.webcrawler.profiler.ProfilingMethodInterceptor.invoke(ProfilingMethodInterceptor.java:33)
	at com.udacity.webcrawler.profiler.$Proxy9.profiled(Unknown Source)
	at java.base/jdk.internal.reflect.DirectMethodHandleAccessor.invoke(DirectMethodHandleAccessor.java:104)
	at java.base/java.lang.reflect.Method.invoke(Method.java:578)
	at com.udacity.webcrawler.profiler.ProfilingMethodInterceptor.invoke(ProfilingMethodInterceptor.java:33)
	at com.udacity.webcrawler.profiler.$Proxy9.profiled(Unknown Source)
	at java.base/jdk.internal.reflect.DirectMethodHandleAccessor.invoke(DirectMethodHandleAccessor.java:104)
	at java.base/java.lang.reflect.Method.invoke(Method.java:578)
	at com.udacity.webcrawler.profiler.ProfilingMethodInterceptor.invoke(ProfilingMethodInterceptor.java:33)
	at com.udacity.webcrawler.profiler.$Proxy9.profiled(Unknown Source)
	at java.base/jdk.internal.reflect.DirectMethodHandleAccessor.invoke(DirectMethodHandleAccessor.java:104)
	at java.base/java.lang.reflect.Method.invoke(Method.java:578)
	at com.udacity.webcrawler.profiler.ProfilingMethodInterceptor.invoke(ProfilingMethodInterceptor.java:33)
	at com.udacity.webcrawler.profiler.$Proxy9.profiled(Unknown Source)
	at java.base/jdk.internal.reflect.DirectMethodHandleAccessor.invoke(DirectMethodHandleAccessor.java:104)
	at java.base/java.lang.reflect.Method.invoke(Method.java:578)
	at com.udacity.webcrawler.profiler.ProfilingMethodInterceptor.invoke(ProfilingMethodInterceptor.java:33)
	at com.udacity.webcrawler.profiler.$Proxy9.profiled(Unknown Source)
	at java.base/jdk.internal.reflect.DirectMethodHandleAccessor.invoke(DirectMethodHandleAccessor.java:104)
	at java.base/java.lang.reflect.Method.invoke(Method.java:578)
	at com.udacity.webcrawler.profiler.ProfilingMethodInterceptor.invoke(ProfilingMethodInterceptor.java:33)
	at com.udacity.webcrawler.profiler.$Proxy9.profiled(Unknown Source)
	at java.base/jdk.internal.reflect.DirectMethodHandleAccessor.invoke(DirectMethodHandleAccessor.java:104)
	at java.base/java.lang.reflect.Method.invoke(Method.java:578)
	at com.udacity.webcrawler.profiler.ProfilingMethodInterceptor.invoke(ProfilingMethodInterceptor.java:33)
	at com.udacity.webcrawler.profiler.$Proxy9.profiled(Unknown Source)
	at java.base/jdk.internal.reflect.DirectMethodHandleAccessor.invoke(DirectMethodHandleAccessor.java:104)
	at java.base/java.lang.reflect.Method.invoke(Method.java:578)
	at com.udacity.webcrawler.profiler.ProfilingMethodInterceptor.invoke(ProfilingMethodInterceptor.java:33)
	at com.udacity.webcrawler.profiler.$Proxy9.profiled(Unknown Source)
	at java.base/jdk.internal.reflect.DirectMethodHandleAccessor.invoke(DirectMethodHandleAccessor.java:104)
	at java.base/java.lang.reflect.Method.invoke(Method.java:578)
	at com.udacity.webcrawler.profiler.ProfilingMethodInterceptor.invoke(ProfilingMethodInterceptor.java:33)
	at com.udacity.webcrawler.profiler.$Proxy9.profiled(Unknown Source)
	at java.base/jdk.internal.reflect.DirectMethodHandleAccessor.invoke(DirectMethodHandleAccessor.java:104)
	at java.base/java.lang.reflect.Method.invoke(Method.java:578)
	at com.udacity.webcrawler.profiler.ProfilingMethodInterceptor.invoke(ProfilingMethodInterceptor.java:33)
	at com.udacity.webcrawler.profiler.$Proxy9.profiled(Unknown Source)
	at java.base/jdk.internal.reflect.DirectMethodHandleAccessor.invoke(DirectMethodHandleAccessor.java:104)
	at java.base/java.lang.reflect.Method.invoke(Method.java:578)
	at com.udacity.webcrawler.profiler.ProfilingMethodInterceptor.invoke(ProfilingMethodInterceptor.java:33)
	at com.udacity.webcrawler.profiler.$Proxy9.profiled(Unknown Source)
	at java.base/jdk.internal.reflect.DirectMethodHandleAccessor.invoke(DirectMethodHandleAccessor.java:104)
	at java.base/java.lang.reflect.Method.invoke(Method.java:578)
	at com.udacity.webcrawler.profiler.ProfilingMethodInterceptor.invoke(ProfilingMethodInterceptor.java:33)
	at com.udacity.webcrawler.profiler.$Proxy9.profiled(Unknown Source)
	at java.base/jdk.internal.reflect.DirectMethodHandleAccessor.invoke(DirectMethodHandleAccessor.java:104)
	at java.base/java.lang.reflect.Method.invoke(Method.java:578)
	at com.udacity.webcrawler.profiler.ProfilingMethodInterceptor.invoke(ProfilingMethodInterceptor.java:33)
	at com.udacity.webcrawler.profiler.$Proxy9.profiled(Unknown Source)
	at java.base/jdk.internal.reflect.DirectMethodHandleAccessor.invoke(DirectMethodHandleAccessor.java:104)
	at java.base/java.lang.reflect.Method.invoke(Method.java:578)
	at com.udacity.webcrawler.profiler.ProfilingMethodInterceptor.invoke(ProfilingMethodInterceptor.java:33)
	at com.udacity.webcrawler.profiler.$Proxy9.profiled(Unknown Source)
	at java.base/jdk.internal.reflect.DirectMethodHandleAccessor.invoke(DirectMethodHandleAccessor.java:104)
	at java.base/java.lang.reflect.Method.invoke(Method.java:578)
	at com.udacity.webcrawler.profiler.ProfilingMethodInterceptor.invoke(ProfilingMethodInterceptor.java:33)
	at com.udacity.webcrawler.profiler.$Proxy9.profiled(Unknown Source)
	at java.base/jdk.internal.reflect.DirectMethodHandleAccessor.invoke(DirectMethodHandleAccessor.java:104)
	at java.base/java.lang.reflect.Method.invoke(Method.java:578)
	at com.udacity.webcrawler.profiler.ProfilingMethodInterceptor.invoke(ProfilingMethodInterceptor.java:33)
	at com.udacity.webcrawler.profiler.$Proxy9.profiled(Unknown Source)
	at java.base/jdk.internal.reflect.DirectMethodHandleAccessor.invoke(DirectMethodHandleAccessor.java:104)
	at java.base/java.lang.reflect.Method.invoke(Method.java:578)
	at com.udacity.webcrawler.profiler.ProfilingMethodInterceptor.invoke(ProfilingMethodInterceptor.java:33)
	at com.udacity.webcrawler.profiler.$Proxy9.profiled(Unknown Source)
	at java.base/jdk.internal.reflect.DirectMethodHandleAccessor.invoke(DirectMethodHandleAccessor.java:104)
	at java.base/java.lang.reflect.Method.invoke(Method.java:578)
	at com.udacity.webcrawler.profiler.ProfilingMethodInterceptor.invoke(ProfilingMethodInterceptor.java:33)
	at com.udacity.webcrawler.profiler.$Proxy9.profiled(Unknown Source)
	at java.base/jdk.internal.reflect.DirectMethodHandleAccessor.invoke(DirectMethodHandleAccessor.java:104)
	at java.base/java.lang.reflect.Method.invoke(Method.java:578)
	at com.udacity.webcrawler.profiler.ProfilingMethodInterceptor.invoke(ProfilingMethodInterceptor.java:33)
	at com.udacity.webcrawler.profiler.$Proxy9.profiled(Unknown Source)
	at java.base/jdk.internal.reflect.DirectMethodHandleAccessor.invoke(DirectMethodHandleAccessor.java:104)
	at java.base/java.lang.reflect.Method.invoke(Method.java:578)
	at com.udacity.webcrawler.profiler.ProfilingMethodInterceptor.invoke(ProfilingMethodInterceptor.java:33)
	at com.udacity.webcrawler.profiler.$Proxy9.profiled(Unknown Source)
	at java.base/jdk.internal.reflect.DirectMethodHandleAccessor.invoke(DirectMethodHandleAccessor.java:104)
	at java.base/java.lang.reflect.Method.invoke(Method.java:578)
	at com.udacity.webcrawler.profiler.ProfilingMethodInterceptor.invoke(ProfilingMethodInterceptor.java:33)
	at com.udacity.webcrawler.profiler.$Proxy9.profiled(Unknown Source)
	at java.base/jdk.internal.reflect.DirectMethodHandleAccessor.invoke(DirectMethodHandleAccessor.java:104)
	at java.base/java.lang.reflect.Method.invoke(Method.java:578)
	at com.udacity.webcrawler.profiler.ProfilingMethodInterceptor.invoke(ProfilingMethodInterceptor.java:33)
	at com.udacity.webcrawler.profiler.$Proxy9.profiled(Unknown Source)
	at java.base/jdk.internal.reflect.DirectMethodHandleAccessor.invoke(DirectMethodHandleAccessor.java:104)
	at java.base/java.lang.reflect.Method.invoke(Method.java:578)
	at com.udacity.webcrawler.profiler.ProfilingMethodInterceptor.invoke(ProfilingMethodInterceptor.java:33)
	at com.udacity.webcrawler.profiler.$Proxy9.profiled(Unknown Source)
	at java.base/jdk.internal.reflect.DirectMethodHandleAccessor.invoke(DirectMethodHandleAccessor.java:104)
	at java.base/java.lang.reflect.Method.invoke(Method.java:578)
	at com.udacity.webcrawler.profiler.ProfilingMethodInterceptor.invoke(ProfilingMethodInterceptor.java:33)
	at com.udacity.webcrawler.profiler.$Proxy9.profiled(Unknown Source)
	at java.base/jdk.internal.reflect.DirectMethodHandleAccessor.invoke(DirectMethodHandleAccessor.java:104)
	at java.base/java.lang.reflect.Method.invoke(Method.java:578)
	at com.udacity.webcrawler.profiler.ProfilingMethodInterceptor.invoke(ProfilingMethodInterceptor.java:33)
	at com.udacity.webcrawler.profiler.$Proxy9.profiled(Unknown Source)
	at java.base/jdk.internal.reflect.DirectMethodHandleAccessor.invoke(DirectMethodHandleAccessor.java:104)
	at java.base/java.lang.reflect.Method.invoke(Method.java:578)
	at com.udacity.webcrawler.profiler.ProfilingMethodInterceptor.invoke(ProfilingMethodInterceptor.java:33)
	at com.udacity.webcrawler.profiler.$Proxy9.profiled(Unknown Source)
	at java.base/jdk.internal.reflect.DirectMethodHandleAccessor.invoke(DirectMethodHandleAccessor.java:104)
	at java.base/java.lang.reflect.Method.invoke(Method.java:578)
	at com.udacity.webcrawler.profiler.ProfilingMethodInterceptor.invoke(ProfilingMethodInterceptor.java:33)
	at com.udacity.webcrawler.profiler.$Proxy9.profiled(Unknown Source)
	at java.base/jdk.internal.reflect.DirectMethodHandleAccessor.invoke(DirectMethodHandleAccessor.java:104)
	at java.base/java.lang.reflect.Method.invoke(Method.java:578)
	at com.udacity.webcrawler.profiler.ProfilingMethodInterceptor.invoke(ProfilingMethodInterceptor.java:33)
	at com.udacity.webcrawler.profiler.$Proxy9.profiled(Unknown Source)
	at java.base/jdk.internal.reflect.DirectMethodHandleAccessor.invoke(DirectMethodHandleAccessor.java:104)
	at java.base/java.lang.reflect.Method.invoke(Method.java:578)
	at com.udacity.webcrawler.profiler.ProfilingMethodInterceptor.invoke(ProfilingMethodInterceptor.java:33)
	at com.udacity.webcrawler.profiler.$Proxy9.profiled(Unknown Source)
	at java.base/jdk.internal.reflect.DirectMethodHandleAccessor.invoke(DirectMethodHandleAccessor.java:104)
	at java.base/java.lang.reflect.Method.invoke(Method.java:578)
	at com.udacity.webcrawler.profiler.ProfilingMethodInterceptor.invoke(ProfilingMethodInterceptor.java:33)
	at com.udacity.webcrawler.profiler.$Proxy9.profiled(Unknown Source)
	at java.base/jdk.internal.reflect.DirectMethodHandleAccessor.invoke(DirectMethodHandleAccessor.java:104)
	at java.base/java.lang.reflect.Method.invoke(Method.java:578)
	at com.udacity.webcrawler.profiler.ProfilingMethodInterceptor.invoke(ProfilingMethodInterceptor.java:33)
	at com.udacity.webcrawler.profiler.$Proxy9.profiled(Unknown Source)
	at java.base/jdk.internal.reflect.DirectMethodHandleAccessor.invoke(DirectMethodHandleAccessor.java:104)
	at java.base/java.lang.reflect.Method.invoke(Method.java:578)
	at com.udacity.webcrawler.profiler.ProfilingMethodInterceptor.invoke(ProfilingMethodInterceptor.java:33)
	at com.udacity.webcrawler.profiler.$Proxy9.profiled(Unknown Source)
	at java.base/jdk.internal.reflect.DirectMethodHandleAccessor.invoke(DirectMethodHandleAccessor.java:104)
	at java.base/java.lang.reflect.Method.invoke(Method.java:578)
	at com.udacity.webcrawler.profiler.ProfilingMethodInterceptor.invoke(ProfilingMethodInterceptor.java:33)
	at com.udacity.webcrawler.profiler.$Proxy9.profiled(Unknown Source)
	at java.base/jdk.internal.reflect.DirectMethodHandleAccessor.invoke(DirectMethodHandleAccessor.java:104)
	at java.base/java.lang.reflect.Method.invoke(Method.java:578)
	at com.udacity.webcrawler.profiler.ProfilingMethodInterceptor.invoke(ProfilingMethodInterceptor.java:33)
	at com.udacity.webcrawler.profiler.$Proxy9.profiled(Unknown Source)
	at java.base/jdk.internal.reflect.DirectMethodHandleAccessor.invoke(DirectMethodHandleAccessor.java:104)
	at java.base/java.lang.reflect.Method.invoke(Method.java:578)
	at com.udacity.webcrawler.profiler.ProfilingMethodInterceptor.invoke(ProfilingMethodInterceptor.java:33)
	at com.udacity.webcrawler.profiler.$Proxy9.profiled(Unknown Source)
	at java.base/jdk.internal.reflect.DirectMethodHandleAccessor.invoke(DirectMethodHandleAccessor.java:104)
	at java.base/java.lang.reflect.Method.invoke(Method.java:578)
	at com.udacity.webcrawler.profiler.ProfilingMethodInterceptor.invoke(ProfilingMethodInterceptor.java:33)
	at com.udacity.webcrawler.profiler.$Proxy9.profiled(Unknown Source)
	at java.base/jdk.internal.reflect.DirectMethodHandleAccessor.invoke(DirectMethodHandleAccessor.java:104)
	at java.base/java.lang.reflect.Method.invoke(Method.java:578)
	at com.udacity.webcrawler.profiler.ProfilingMethodInterceptor.invoke(ProfilingMethodInterceptor.java:33)
	at com.udacity.webcrawler.profiler.$Proxy9.profiled(Unknown Source)
	at java.base/jdk.internal.reflect.DirectMethodHandleAccessor.invoke(DirectMethodHandleAccessor.java:104)
	at java.base/java.lang.reflect.Method.invoke(Method.java:578)
	at com.udacity.webcrawler.profiler.ProfilingMethodInterceptor.invoke(ProfilingMethodInterceptor.java:33)
	at com.udacity.webcrawler.profiler.$Proxy9.profiled(Unknown Source)
	at java.base/jdk.internal.reflect.DirectMethodHandleAccessor.invoke(DirectMethodHandleAccessor.java:104)
	at java.base/java.lang.reflect.Method.invoke(Method.java:578)
	at com.udacity.webcrawler.profiler.ProfilingMethodInterceptor.invoke(ProfilingMethodInterceptor.java:33)
	at com.udacity.webcrawler.profiler.$Proxy9.profiled(Unknown Source)
	at java.base/jdk.internal.reflect.DirectMethodHandleAccessor.invoke(DirectMethodHandleAccessor.java:104)
	at java.base/java.lang.reflect.Method.invoke(Method.java:578)
	at com.udacity.webcrawler.profiler.ProfilingMethodInterceptor.invoke(ProfilingMethodInterceptor.java:33)
	at com.udacity.webcrawler.profiler.$Proxy9.profiled(Unknown Source)
	at java.base/jdk.internal.reflect.DirectMethodHandleAccessor.invoke(DirectMethodHandleAccessor.java:104)
	at java.base/java.lang.reflect.Method.invoke(Method.java:578)
	at com.udacity.webcrawler.profiler.ProfilingMethodInterceptor.invoke(ProfilingMethodInterceptor.java:33)
	at com.udacity.webcrawler.profiler.$Proxy9.profiled(Unknown Source)
	at java.base/jdk.internal.reflect.DirectMethodHandleAccessor.invoke(DirectMethodHandleAccessor.java:104)
	at java.base/java.lang.reflect.Method.invoke(Method.java:578)
	at com.udacity.webcrawler.profiler.ProfilingMethodInterceptor.invoke(ProfilingMethodInterceptor.java:33)
	at com.udacity.webcrawler.profiler.$Proxy9.profiled(Unknown Source)
	at java.base/jdk.internal.reflect.DirectMethodHandleAccessor.invoke(DirectMethodHandleAccessor.java:104)
	at java.base/java.lang.reflect.Method.invoke(Method.java:578)
	at com.udacity.webcrawler.profiler.ProfilingMethodInterceptor.invoke(ProfilingMethodInterceptor.java:33)
	at com.udacity.webcrawler.profiler.$Proxy9.profiled(Unknown Source)
	at java.base/jdk.internal.reflect.DirectMethodHandleAccessor.invoke(DirectMethodHandleAccessor.java:104)
	at java.base/java.lang.reflect.Method.invoke(Method.java:578)
	at com.udacity.webcrawler.profiler.ProfilingMethodInterceptor.invoke(ProfilingMethodInterceptor.java:33)
	at com.udacity.webcrawler.profiler.$Proxy9.profiled(Unknown Source)
	at java.base/jdk.internal.reflect.DirectMethodHandleAccessor.invoke(DirectMethodHandleAccessor.java:104)
	at java.base/java.lang.reflect.Method.invoke(Method.java:578)
	at com.udacity.webcrawler.profiler.ProfilingMethodInterceptor.invoke(ProfilingMethodInterceptor.java:33)
	at com.udacity.webcrawler.profiler.$Proxy9.profiled(Unknown Source)
	at java.base/jdk.internal.reflect.DirectMethodHandleAccessor.invoke(DirectMethodHandleAccessor.java:104)
	at java.base/java.lang.reflect.Method.invoke(Method.java:578)
	at com.udacity.webcrawler.profiler.ProfilingMethodInterceptor.invoke(ProfilingMethodInterceptor.java:33)
	at com.udacity.webcrawler.profiler.$Proxy9.profiled(Unknown Source)
	at java.base/jdk.internal.reflect.DirectMethodHandleAccessor.invoke(DirectMethodHandleAccessor.java:104)
	at java.base/java.lang.reflect.Method.invoke(Method.java:578)
	at com.udacity.webcrawler.profiler.ProfilingMethodInterceptor.invoke(ProfilingMethodInterceptor.java:33)
	at com.udacity.webcrawler.profiler.$Proxy9.profiled(Unknown Source)
	at java.base/jdk.internal.reflect.DirectMethodHandleAccessor.invoke(DirectMethodHandleAccessor.java:104)
	at java.base/java.lang.reflect.Method.invoke(Method.java:578)
	at com.udacity.webcrawler.profiler.ProfilingMethodInterceptor.invoke(ProfilingMethodInterceptor.java:33)
	at com.udacity.webcrawler.profiler.$Proxy9.profiled(Unknown Source)
	at java.base/jdk.internal.reflect.DirectMethodHandleAccessor.invoke(DirectMethodHandleAccessor.java:104)
	at java.base/java.lang.reflect.Method.invoke(Method.java:578)
	at com.udacity.webcrawler.profiler.ProfilingMethodInterceptor.invoke(ProfilingMethodInterceptor.java:33)
	at com.udacity.webcrawler.profiler.$Proxy9.profiled(Unknown Source)
	at java.base/jdk.internal.reflect.DirectMethodHandleAccessor.invoke(DirectMethodHandleAccessor.java:104)
	at java.base/java.lang.reflect.Method.invoke(Method.java:578)
	at com.udacity.webcrawler.profiler.ProfilingMethodInterceptor.invoke(ProfilingMethodInterceptor.java:33)
	at com.udacity.webcrawler.profiler.$Proxy9.profiled(Unknown Source)
	at java.base/jdk.internal.reflect.DirectMethodHandleAccessor.invoke(DirectMethodHandleAccessor.java:104)
	at java.base/java.lang.reflect.Method.invoke(Method.java:578)
	at com.udacity.webcrawler.profiler.ProfilingMethodInterceptor.invoke(ProfilingMethodInterceptor.java:33)
	at com.udacity.webcrawler.profiler.$Proxy9.profiled(Unknown Source)
	at java.base/jdk.internal.reflect.DirectMethodHandleAccessor.invoke(DirectMethodHandleAccessor.java:104)
	at java.base/java.lang.reflect.Method.invoke(Method.java:578)
	at com.udacity.webcrawler.profiler.ProfilingMethodInterceptor.invoke(ProfilingMethodInterceptor.java:33)
	at com.udacity.webcrawler.profiler.$Proxy9.profiled(Unknown Source)
	at java.base/jdk.internal.reflect.DirectMethodHandleAccessor.invoke(DirectMethodHandleAccessor.java:104)
	at java.base/java.lang.reflect.Method.invoke(Method.java:578)
	at com.udacity.webcrawler.profiler.ProfilingMethodInterceptor.invoke(ProfilingMethodInterceptor.java:33)
	at com.udacity.webcrawler.profiler.$Proxy9.profiled(Unknown Source)
	at java.base/jdk.internal.reflect.DirectMethodHandleAccessor.invoke(DirectMethodHandleAccessor.java:104)
	at java.base/java.lang.reflect.Method.invoke(Method.java:578)
	at com.udacity.webcrawler.profiler.ProfilingMethodInterceptor.invoke(ProfilingMethodInterceptor.java:33)
	at com.udacity.webcrawler.profiler.$Proxy9.profiled(Unknown Source)
	at java.base/jdk.internal.reflect.DirectMethodHandleAccessor.invoke(DirectMethodHandleAccessor.java:104)
	at java.base/java.lang.reflect.Method.invoke(Method.java:578)
	at com.udacity.webcrawler.profiler.ProfilingMethodInterceptor.invoke(ProfilingMethodInterceptor.java:33)
	at com.udacity.webcrawler.profiler.$Proxy9.profiled(Unknown Source)
	at java.base/jdk.internal.reflect.DirectMethodHandleAccessor.invoke(DirectMethodHandleAccessor.java:104)
	at java.base/java.lang.reflect.Method.invoke(Method.java:578)
	at com.udacity.webcrawler.profiler.ProfilingMethodInterceptor.invoke(ProfilingMethodInterceptor.java:33)
	at com.udacity.webcrawler.profiler.$Proxy9.profiled(Unknown Source)
	at java.base/jdk.internal.reflect.DirectMethodHandleAccessor.invoke(DirectMethodHandleAccessor.java:104)
	at java.base/java.lang.reflect.Method.invoke(Method.java:578)
	at com.udacity.webcrawler.profiler.ProfilingMethodInterceptor.invoke(ProfilingMethodInterceptor.java:33)
	at com.udacity.webcrawler.profiler.$Proxy9.profiled(Unknown Source)
	at java.base/jdk.internal.reflect.DirectMethodHandleAccessor.invoke(DirectMethodHandleAccessor.java:104)
	at java.base/java.lang.reflect.Method.invoke(Method.java:578)
	at com.udacity.webcrawler.profiler.ProfilingMethodInterceptor.invoke(ProfilingMethodInterceptor.java:33)
	at com.udacity.webcrawler.profiler.$Proxy9.profiled(Unknown Source)
	at java.base/jdk.internal.reflect.DirectMethodHandleAccessor.invoke(DirectMethodHandleAccessor.java:104)
	at java.base/java.lang.reflect.Method.invoke(Method.java:578)
	at com.udacity.webcrawler.profiler.ProfilingMethodInterceptor.invoke(ProfilingMethodInterceptor.java:33)
	at com.udacity.webcrawler.profiler.$Proxy9.profiled(Unknown Source)
	at java.base/jdk.internal.reflect.DirectMethodHandleAccessor.invoke(DirectMethodHandleAccessor.java:104)
	at java.base/java.lang.reflect.Method.invoke(Method.java:578)
	at com.udacity.webcrawler.profiler.ProfilingMethodInterceptor.invoke(ProfilingMethodInterceptor.java:33)
	at com.udacity.webcrawler.profiler.$Proxy9.profiled(Unknown Source)
	at java.base/jdk.internal.reflect.DirectMethodHandleAccessor.invoke(DirectMethodHandleAccessor.java:104)
	at java.base/java.lang.reflect.Method.invoke(Method.java:578)
	at com.udacity.webcrawler.profiler.ProfilingMethodInterceptor.invoke(ProfilingMethodInterceptor.java:33)
	at com.udacity.webcrawler.profiler.$Proxy9.profiled(Unknown Source)
	at java.base/jdk.internal.reflect.DirectMethodHandleAccessor.invoke(DirectMethodHandleAccessor.java:104)
	at java.base/java.lang.reflect.Method.invoke(Method.java:578)
	at com.udacity.webcrawler.profiler.ProfilingMethodInterceptor.invoke(ProfilingMethodInterceptor.java:33)
	at com.udacity.webcrawler.profiler.$Proxy9.profiled(Unknown Source)
	at java.base/jdk.internal.reflect.DirectMethodHandleAccessor.invoke(DirectMethodHandleAccessor.java:104)
	at java.base/java.lang.reflect.Method.invoke(Method.java:578)
	at com.udacity.webcrawler.profiler.ProfilingMethodInterceptor.invoke(ProfilingMethodInterceptor.java:33)
	at com.udacity.webcrawler.profiler.$Proxy9.profiled(Unknown Source)
	at java.base/jdk.internal.reflect.DirectMethodHandleAccessor.invoke(DirectMethodHandleAccessor.java:104)
	at java.base/java.lang.reflect.Method.invoke(Method.java:578)
	at com.udacity.webcrawler.profiler.ProfilingMethodInterceptor.invoke(ProfilingMethodInterceptor.java:33)
	at com.udacity.webcrawler.profiler.$Proxy9.profiled(Unknown Source)
	at java.base/jdk.internal.reflect.DirectMethodHandleAccessor.invoke(DirectMethodHandleAccessor.java:104)
	at java.base/java.lang.reflect.Method.invoke(Method.java:578)
	at com.udacity.webcrawler.profiler.ProfilingMethodInterceptor.invoke(ProfilingMethodInterceptor.java:33)
	at com.udacity.webcrawler.profiler.$Proxy9.profiled(Unknown Source)
	at java.base/jdk.internal.reflect.DirectMethodHandleAccessor.invoke(DirectMethodHandleAccessor.java:104)
	at java.base/java.lang.reflect.Method.invoke(Method.java:578)
	at com.udacity.webcrawler.profiler.ProfilingMethodInterceptor.invoke(ProfilingMethodInterceptor.java:33)
	at com.udacity.webcrawler.profiler.$Proxy9.profiled(Unknown Source)
	at java.base/jdk.internal.reflect.DirectMethodHandleAccessor.invoke(DirectMethodHandleAccessor.java:104)
	at java.base/java.lang.reflect.Method.invoke(Method.java:578)
	at com.udacity.webcrawler.profiler.ProfilingMethodInterceptor.invoke(ProfilingMethodInterceptor.java:33)
	at com.udacity.webcrawler.profiler.$Proxy9.profiled(Unknown Source)
	at java.base/jdk.internal.reflect.DirectMethodHandleAccessor.invoke(DirectMethodHandleAccessor.java:104)
	at java.base/java.lang.reflect.Method.invoke(Method.java:578)
	at com.udacity.webcrawler.profiler.ProfilingMethodInterceptor.invoke(ProfilingMethodInterceptor.java:33)
	at com.udacity.webcrawler.profiler.$Proxy9.profiled(Unknown Source)
	at java.base/jdk.internal.reflect.DirectMethodHandleAccessor.invoke(DirectMethodHandleAccessor.java:104)
	at java.base/java.lang.reflect.Method.invoke(Method.java:578)
	at com.udacity.webcrawler.profiler.ProfilingMethodInterceptor.invoke(ProfilingMethodInterceptor.java:33)
	at com.udacity.webcrawler.profiler.$Proxy9.profiled(Unknown Source)
	at java.base/jdk.internal.reflect.DirectMethodHandleAccessor.invoke(DirectMethodHandleAccessor.java:104)
	at java.base/java.lang.reflect.Method.invoke(Method.java:578)
	at com.udacity.webcrawler.profiler.ProfilingMethodInterceptor.invoke(ProfilingMethodInterceptor.java:33)
	at com.udacity.webcrawler.profiler.$Proxy9.profiled(Unknown Source)
	at java.base/jdk.internal.reflect.DirectMethodHandleAccessor.invoke(DirectMethodHandleAccessor.java:104)
	at java.base/java.lang.reflect.Method.invoke(Method.java:578)
	at com.udacity.webcrawler.profiler.ProfilingMethodInterceptor.invoke(ProfilingMethodInterceptor.java:33)
	at com.udacity.webcrawler.profiler.$Proxy9.profiled(Unknown Source)
	at java.base/jdk.internal.reflect.DirectMethodHandleAccessor.invoke(DirectMethodHandleAccessor.java:104)
	at java.base/java.lang.reflect.Method.invoke(Method.java:578)
	at com.udacity.webcrawler.profiler.ProfilingMethodInterceptor.invoke(ProfilingMethodInterceptor.java:33)
	at com.udacity.webcrawler.profiler.$Proxy9.profiled(Unknown Source)
	at java.base/jdk.internal.reflect.DirectMethodHandleAccessor.invoke(DirectMethodHandleAccessor.java:104)
	at java.base/java.lang.reflect.Method.invoke(Method.java:578)
	at com.udacity.webcrawler.profiler.ProfilingMethodInterceptor.invoke(ProfilingMethodInterceptor.java:33)
	at com.udacity.webcrawler.profiler.$Proxy9.profiled(Unknown Source)
	at java.base/jdk.internal.reflect.DirectMethodHandleAccessor.invoke(DirectMethodHandleAccessor.java:104)
	at java.base/java.lang.reflect.Method.invoke(Method.java:578)
	at com.udacity.webcrawler.profiler.ProfilingMethodInterceptor.invoke(ProfilingMethodInterceptor.java:33)
	at com.udacity.webcrawler.profiler.$Proxy9.profiled(Unknown Source)
	at java.base/jdk.internal.reflect.DirectMethodHandleAccessor.invoke(DirectMethodHandleAccessor.java:104)
	at java.base/java.lang.reflect.Method.invoke(Method.java:578)
	at com.udacity.webcrawler.profiler.ProfilingMethodInterceptor.invoke(ProfilingMethodInterceptor.java:33)
	at com.udacity.webcrawler.profiler.$Proxy9.profiled(Unknown Source)
	at java.base/jdk.internal.reflect.DirectMethodHandleAccessor.invoke(DirectMethodHandleAccessor.java:104)
	at java.base/java.lang.reflect.Method.invoke(Method.java:578)
	at com.udacity.webcrawler.profiler.ProfilingMethodInterceptor.invoke(ProfilingMethodInterceptor.java:33)
	at com.udacity.webcrawler.profiler.$Proxy9.profiled(Unknown Source)
	at java.base/jdk.internal.reflect.DirectMethodHandleAccessor.invoke(DirectMethodHandleAccessor.java:104)
	at java.base/java.lang.reflect.Method.invoke(Method.java:578)
	at com.udacity.webcrawler.profiler.ProfilingMethodInterceptor.invoke(ProfilingMethodInterceptor.java:33)
	at com.udacity.webcrawler.profiler.$Proxy9.profiled(Unknown Source)
	at java.base/jdk.internal.reflect.DirectMethodHandleAccessor.invoke(DirectMethodHandleAccessor.java:104)
	at java.base/java.lang.reflect.Method.invoke(Method.java:578)
	at com.udacity.webcrawler.profiler.ProfilingMethodInterceptor.invoke(ProfilingMethodInterceptor.java:33)
	at com.udacity.webcrawler.profiler.$Proxy9.profiled(Unknown Source)
	at java.base/jdk.internal.reflect.DirectMethodHandleAccessor.invoke(DirectMethodHandleAccessor.java:104)
	at java.base/java.lang.reflect.Method.invoke(Method.java:578)
	at com.udacity.webcrawler.profiler.ProfilingMethodInterceptor.invoke(ProfilingMethodInterceptor.java:33)
	at com.udacity.webcrawler.profiler.$Proxy9.profiled(Unknown Source)
	at java.base/jdk.internal.reflect.DirectMethodHandleAccessor.invoke(DirectMethodHandleAccessor.java:104)
	at java.base/java.lang.reflect.Method.invoke(Method.java:578)
	at com.udacity.webcrawler.profiler.ProfilingMethodInterceptor.invoke(ProfilingMethodInterceptor.java:33)
	at com.udacity.webcrawler.profiler.$Proxy9.profiled(Unknown Source)
	at java.base/jdk.internal.reflect.DirectMethodHandleAccessor.invoke(DirectMethodHandleAccessor.java:104)
	at java.base/java.lang.reflect.Method.invoke(Method.java:578)
	at com.udacity.webcrawler.profiler.ProfilingMethodInterceptor.invoke(ProfilingMethodInterceptor.java:33)
	at com.udacity.webcrawler.profiler.$Proxy9.profiled(Unknown Source)
	at java.base/jdk.internal.reflect.DirectMethodHandleAccessor.invoke(DirectMethodHandleAccessor.java:104)
	at java.base/java.lang.reflect.Method.invoke(Method.java:578)
	at com.udacity.webcrawler.profiler.ProfilingMethodInterceptor.invoke(ProfilingMethodInterceptor.java:33)
	at com.udacity.webcrawler.profiler.$Proxy9.profiled(Unknown Source)
	at java.base/jdk.internal.reflect.DirectMethodHandleAccessor.invoke(DirectMethodHandleAccessor.java:104)
	at java.base/java.lang.reflect.Method.invoke(Method.java:578)
	at com.udacity.webcrawler.profiler.ProfilingMethodInterceptor.invoke(ProfilingMethodInterceptor.java:33)
	at com.udacity.webcrawler.profiler.$Proxy9.profiled(Unknown Source)
	at java.base/jdk.internal.reflect.DirectMethodHandleAccessor.invoke(DirectMethodHandleAccessor.java:104)
	at java.base/java.lang.reflect.Method.invoke(Method.java:578)
	at com.udacity.webcrawler.profiler.ProfilingMethodInterceptor.invoke(ProfilingMethodInterceptor.java:33)
	at com.udacity.webcrawler.profiler.$Proxy9.profiled(Unknown Source)
	at java.base/jdk.internal.reflect.DirectMethodHandleAccessor.invoke(DirectMethodHandleAccessor.java:104)
	at java.base/java.lang.reflect.Method.invoke(Method.java:578)
	at com.udacity.webcrawler.profiler.ProfilingMethodInterceptor.invoke(ProfilingMethodInterceptor.java:33)
	at com.udacity.webcrawler.profiler.$Proxy9.profiled(Unknown Source)
	at java.base/jdk.internal.reflect.DirectMethodHandleAccessor.invoke(DirectMethodHandleAccessor.java:104)
	at java.base/java.lang.reflect.Method.invoke(Method.java:578)
	at com.udacity.webcrawler.profiler.ProfilingMethodInterceptor.invoke(ProfilingMethodInterceptor.java:33)
	at com.udacity.webcrawler.profiler.$Proxy9.profiled(Unknown Source)
	at java.base/jdk.internal.reflect.DirectMethodHandleAccessor.invoke(DirectMethodHandleAccessor.java:104)
	at java.base/java.lang.reflect.Method.invoke(Method.java:578)
	at com.udacity.webcrawler.profiler.ProfilingMethodInterceptor.invoke(ProfilingMethodInterceptor.java:33)
	at com.udacity.webcrawler.profiler.$Proxy9.profiled(Unknown Source)
	at java.base/jdk.internal.reflect.DirectMethodHandleAccessor.invoke(DirectMethodHandleAccessor.java:104)
	at java.base/java.lang.reflect.Method.invoke(Method.java:578)
	at com.udacity.webcrawler.profiler.ProfilingMethodInterceptor.invoke(ProfilingMethodInterceptor.java:33)
	at com.udacity.webcrawler.profiler.$Proxy9.profiled(Unknown Source)
	at java.base/jdk.internal.reflect.DirectMethodHandleAccessor.invoke(DirectMethodHandleAccessor.java:104)
	at java.base/java.lang.reflect.Method.invoke(Method.java:578)
	at com.udacity.webcrawler.profiler.ProfilingMethodInterceptor.invoke(ProfilingMethodInterceptor.java:33)
	at com.udacity.webcrawler.profiler.$Proxy9.profiled(Unknown Source)
	at java.base/jdk.internal.reflect.DirectMethodHandleAccessor.invoke(DirectMethodHandleAccessor.java:104)
	at java.base/java.lang.reflect.Method.invoke(Method.java:578)
	at com.udacity.webcrawler.profiler.ProfilingMethodInterceptor.invoke(ProfilingMethodInterceptor.java:33)
	at com.udacity.webcrawler.profiler.$Proxy9.profiled(Unknown Source)
	at java.base/jdk.internal.reflect.DirectMethodHandleAccessor.invoke(DirectMethodHandleAccessor.java:104)
	at java.base/java.lang.reflect.Method.invoke(Method.java:578)
	at com.udacity.webcrawler.profiler.ProfilingMethodInterceptor.invoke(ProfilingMethodInterceptor.java:33)
	at com.udacity.webcrawler.profiler.$Proxy9.profiled(Unknown Source)
	at java.base/jdk.internal.reflect.DirectMethodHandleAccessor.invoke(DirectMethodHandleAccessor.java:104)
	at java.base/java.lang.reflect.Method.invoke(Method.java:578)
	at com.udacity.webcrawler.profiler.ProfilingMethodInterceptor.invoke(ProfilingMethodInterceptor.java:33)
	at com.udacity.webcrawler.profiler.$Proxy9.profiled(Unknown Source)
	at java.base/jdk.internal.reflect.DirectMethodHandleAccessor.invoke(DirectMethodHandleAccessor.java:104)
	at java.base/java.lang.reflect.Method.invoke(Method.java:578)
	at com.udacity.webcrawler.profiler.ProfilingMethodInterceptor.invoke(ProfilingMethodInterceptor.java:33)
	at com.udacity.webcrawler.profiler.$Proxy9.profiled(Unknown Source)
	at java.base/jdk.internal.reflect.DirectMethodHandleAccessor.invoke(DirectMethodHandleAccessor.java:104)
	at java.base/java.lang.reflect.Method.invoke(Method.java:578)
	at com.udacity.webcrawler.profiler.ProfilingMethodInterceptor.invoke(ProfilingMethodInterceptor.java:33)
	at com.udacity.webcrawler.profiler.$Proxy9.profiled(Unknown Source)
	at java.base/jdk.internal.reflect.DirectMethodHandleAccessor.invoke(DirectMethodHandleAccessor.java:104)
	at java.base/java.lang.reflect.Method.invoke(Method.java:578)
	at com.udacity.webcrawler.profiler.ProfilingMethodInterceptor.invoke(ProfilingMethodInterceptor.java:33)
	at com.udacity.webcrawler.profiler.$Proxy9.profiled(Unknown Source)
	at java.base/jdk.internal.reflect.DirectMethodHandleAccessor.invoke(DirectMethodHandleAccessor.java:104)
	at java.base/java.lang.reflect.Method.invoke(Method.java:578)
	at com.udacity.webcrawler.profiler.ProfilingMethodInterceptor.invoke(ProfilingMethodInterceptor.java:33)
	at com.udacity.webcrawler.profiler.$Proxy9.profiled(Unknown Source)
	at java.base/jdk.internal.reflect.DirectMethodHandleAccessor.invoke(DirectMethodHandleAccessor.java:104)
	at java.base/java.lang.reflect.Method.invoke(Method.java:578)
	at com.udacity.webcrawler.profiler.ProfilingMethodInterceptor.invoke(ProfilingMethodInterceptor.java:33)
	at com.udacity.webcrawler.profiler.$Proxy9.profiled(Unknown Source)
	at java.base/jdk.internal.reflect.DirectMethodHandleAccessor.invoke(DirectMethodHandleAccessor.java:104)
	at java.base/java.lang.reflect.Method.invoke(Method.java:578)
	at com.udacity.webcrawler.profiler.ProfilingMethodInterceptor.invoke(ProfilingMethodInterceptor.java:33)
	at com.udacity.webcrawler.profiler.$Proxy9.profiled(Unknown Source)
	at java.base/jdk.internal.reflect.DirectMethodHandleAccessor.invoke(DirectMethodHandleAccessor.java:104)
	at java.base/java.lang.reflect.Method.invoke(Method.java:578)
	at com.udacity.webcrawler.profiler.ProfilingMethodInterceptor.invoke(ProfilingMethodInterceptor.java:33)
	at com.udacity.webcrawler.profiler.$Proxy9.profiled(Unknown Source)
	at java.base/jdk.internal.reflect.DirectMethodHandleAccessor.invoke(DirectMethodHandleAccessor.java:104)
	at java.base/java.lang.reflect.Method.invoke(Method.java:578)
	at com.udacity.webcrawler.profiler.ProfilingMethodInterceptor.invoke(ProfilingMethodInterceptor.java:33)
	at com.udacity.webcrawler.profiler.$Proxy9.profiled(Unknown Source)
	at java.base/jdk.internal.reflect.DirectMethodHandleAccessor.invoke(DirectMethodHandleAccessor.java:104)
	at java.base/java.lang.reflect.Method.invoke(Method.java:578)
	at com.udacity.webcrawler.profiler.ProfilingMethodInterceptor.invoke(ProfilingMethodInterceptor.java:33)
	at com.udacity.webcrawler.profiler.$Proxy9.profiled(Unknown Source)
	at java.base/jdk.internal.reflect.DirectMethodHandleAccessor.invoke(DirectMethodHandleAccessor.java:104)
	at java.base/java.lang.reflect.Method.invoke(Method.java:578)
	at com.udacity.webcrawler.profiler.ProfilingMethodInterceptor.invoke(ProfilingMethodInterceptor.java:33)
	at com.udacity.webcrawler.profiler.$Proxy9.profiled(Unknown Source)
	at java.base/jdk.internal.reflect.DirectMethodHandleAccessor.invoke(DirectMethodHandleAccessor.java:104)
	at java.base/java.lang.reflect.Method.invoke(Method.java:578)
	at com.udacity.webcrawler.profiler.ProfilingMethodInterceptor.invoke(ProfilingMethodInterceptor.java:33)
	at com.udacity.webcrawler.profiler.$Proxy9.profiled(Unknown Source)
	at java.base/jdk.internal.reflect.DirectMethodHandleAccessor.invoke(DirectMethodHandleAccessor.java:104)
	at java.base/java.lang.reflect.Method.invoke(Method.java:578)
	at com.udacity.webcrawler.profiler.ProfilingMethodInterceptor.invoke(ProfilingMethodInterceptor.java:33)
	at com.udacity.webcrawler.profiler.$Proxy9.profiled(Unknown Source)
	at java.base/jdk.internal.reflect.DirectMethodHandleAccessor.invoke(DirectMethodHandleAccessor.java:104)
	at java.base/java.lang.reflect.Method.invoke(Method.java:578)
	at com.udacity.webcrawler.profiler.ProfilingMethodInterceptor.invoke(ProfilingMethodInterceptor.java:33)
	at com.udacity.webcrawler.profiler.$Proxy9.profiled(Unknown Source)
	at java.base/jdk.internal.reflect.DirectMethodHandleAccessor.invoke(DirectMethodHandleAccessor.java:104)
	at java.base/java.lang.reflect.Method.invoke(Method.java:578)
	at com.udacity.webcrawler.profiler.ProfilingMethodInterceptor.invoke(ProfilingMethodInterceptor.java:33)
	at com.udacity.webcrawler.profiler.$Proxy9.profiled(Unknown Source)
	at java.base/jdk.internal.reflect.DirectMethodHandleAccessor.invoke(DirectMethodHandleAccessor.java:104)
	at java.base/java.lang.reflect.Method.invoke(Method.java:578)
	at com.udacity.webcrawler.profiler.ProfilingMethodInterceptor.invoke(ProfilingMethodInterceptor.java:33)
	at com.udacity.webcrawler.profiler.$Proxy9.profiled(Unknown Source)
[...]
java.lang.StackOverflowError
java.lang.StackOverflowError
java.lang.StackOverflowError
java.lang.StackOverflowError
java.lang.StackOverflowError
java.lang.StackOverflowError
java.lang.StackOverflowError
java.lang.StackOverflowError
java.lang.StackOverflowError
java.lang.StackOverflowError
java.lang.StackOverflowError
java.lang.StackOverflowError
java.lang.StackOverflowError
java.lang.StackOverflowError
java.lang.StackOverflowError
java.lang.StackOverflowError
java.lang.StackOverflowError
java.lang.StackOverflowError
java.lang.StackOverflowError
java.lang.StackOverflowError
java.lang.StackOverflowError
java.lang.StackOverflowError
java.lang.StackOverflowError
java.lang.StackOverflowError
java.lang.StackOverflowError
java.lang.StackOverflowError
java.lang.StackOverflowError
java.lang.StackOverflowError
java.lang.StackOverflowError
java.lang.StackOverflowError
java.lang.StackOverflowError
java.lang.StackOverflowError
java.lang.StackOverflowError
java.lang.StackOverflowError
java.lang.StackOverflowError
java.lang.StackOverflowError
java.lang.StackOverflowError
java.lang.StackOverflowError
java.lang.StackOverflowError
java.lang.StackOverflowError
java.lang.StackOverflowError
java.lang.StackOverflowError
java.lang.StackOverflowError
java.lang.StackOverflowError
java.lang.StackOverflowError
java.lang.StackOverflowError
java.lang.StackOverflowError
java.lang.StackOverflowError
java.lang.StackOverflowError
java.lang.StackOverflowError
java.lang.StackOverflowError
java.lang.StackOverflowError
java.lang.StackOverflowError
java.lang.StackOverflowError
java.lang.StackOverflowError
java.lang.StackOverflowError
java.lang.StackOverflowError
java.lang.StackOverflowError
java.lang.StackOverflowError
java.lang.StackOverflowError
java.lang.StackOverflowError
java.lang.StackOverflowError
java.lang.StackOverflowError
java.lang.StackOverflowError
java.lang.StackOverflowError
java.lang.StackOverflowError
java.lang.StackOverflowError
java.lang.StackOverflowError
java.lang.StackOverflowError
java.lang.StackOverflowError
java.lang.StackOverflowError
java.lang.StackOverflowError
java.lang.StackOverflowError
java.lang.StackOverflowError
java.lang.StackOverflowError
java.lang.StackOverflowError
java.lang.StackOverflowError
java.lang.StackOverflowError
java.lang.StackOverflowError
java.lang.StackOverflowError
java.lang.StackOverflowError
java.lang.StackOverflowError
java.lang.StackOverflowError
java.lang.StackOverflowError
java.lang.StackOverflowError
java.lang.StackOverflowError
java.lang.StackOverflowError
java.lang.StackOverflowError
java.lang.StackOverflowError
java.lang.StackOverflowError
java.lang.StackOverflowError
java.lang.StackOverflowError
java.lang.StackOverflowError
java.lang.StackOverflowError
java.lang.StackOverflowError
java.lang.StackOverflowError
java.lang.StackOverflowError
java.lang.StackOverflowError
java.lang.StackOverflowError
java.lang.StackOverflowError
java.lang.StackOverflowError
java.lang.StackOverflowError
java.lang.StackOverflowError
java.lang.StackOverflowError
java.lang.StackOverflowError
java.lang.StackOverflowError
java.lang.StackOverflowError
java.lang.StackOverflowError
java.lang.StackOverflowError
java.lang.StackOverflowError
java.lang.StackOverflowError
java.lang.StackOverflowError
java.lang.StackOverflowError
java.lang.StackOverflowError
java.lang.StackOverflowError
java.lang.StackOverflowError
java.lang.StackOverflowError
java.lang.StackOverflowError
java.lang.StackOverflowError
java.lang.StackOverflowError
java.lang.StackOverflowError
java.lang.StackOverflowError
java.lang.StackOverflowError
java.lang.StackOverflowError
java.lang.StackOverflowError
java.lang.StackOverflowError
java.lang.StackOverflowError
java.lang.StackOverflowError
java.lang.StackOverflowError
java.lang.StackOverflowError
java.lang.StackOverflowError
java.lang.StackOverflowError
java.lang.StackOverflowError
java.lang.StackOverflowError
java.lang.StackOverflowError
java.lang.StackOverflowError
java.lang.StackOverflowError
java.lang.StackOverflowError
java.lang.StackOverflowError
java.lang.StackOverflowError
java.lang.StackOverflowError
java.lang.StackOverflowError
java.lang.StackOverflowError
java.lang.StackOverflowError
java.lang.StackOverflowError
java.lang.StackOverflowError
java.lang.StackOverflowError
java.lang.StackOverflowError
java.lang.StackOverflowError
java.lang.StackOverflowError
java.lang.StackOverflowError
java.lang.StackOverflowError
java.lang.StackOverflowError
java.lang.StackOverflowError
java.lang.StackOverflowError
java.lang.StackOverflowError
java.lang.StackOverflowError
java.lang.StackOverflowError
java.lang.StackOverflowError
java.lang.StackOverflowError
java.lang.StackOverflowError
java.lang.StackOverflowError
java.lang.StackOverflowError
java.lang.StackOverflowError
java.lang.StackOverflowError
java.lang.StackOverflowError
java.lang.StackOverflowError
java.lang.StackOverflowError
java.lang.StackOverflowError
java.lang.StackOverflowError
java.lang.StackOverflowError
java.lang.StackOverflowError
java.lang.StackOverflowError
java.lang.StackOverflowError
java.lang.StackOverflowError
java.lang.StackOverflowError
java.lang.StackOverflowError
java.lang.StackOverflowError
java.lang.StackOverflowError
java.lang.StackOverflowError
java.lang.StackOverflowError
java.lang.StackOverflowError
java.lang.StackOverflowError
java.lang.StackOverflowError
]]></system-out>
  </testcase>
  <testcase name="testHashCode" classname="com.udacity.webcrawler.profiler.ProfilerImplTest" time="0.002">
    <error type="java.lang.IllegalArgumentException"><![CDATA[java.lang.IllegalArgumentException: Method is not annotated with @Profiled
	at com.udacity.webcrawler.profiler.ProfilingMethodInterceptor.invoke(ProfilingMethodInterceptor.java:43)
	at com.udacity.webcrawler.profiler.$Proxy9.hashCode(Unknown Source)
	at com.udacity.webcrawler.profiler.ProfilerImplTest.testHashCode(ProfilerImplTest.java:42)
	at java.base/jdk.internal.reflect.DirectMethodHandleAccessor.invoke(DirectMethodHandleAccessor.java:104)
	at java.base/java.lang.reflect.Method.invoke(Method.java:578)
	at org.junit.platform.commons.util.ReflectionUtils.invokeMethod(ReflectionUtils.java:725)
	at org.junit.jupiter.engine.execution.MethodInvocation.proceed(MethodInvocation.java:60)
	at org.junit.jupiter.engine.execution.InvocationInterceptorChain$ValidatingInvocation.proceed(InvocationInterceptorChain.java:131)
	at org.junit.jupiter.engine.extension.TimeoutExtension.intercept(TimeoutExtension.java:149)
	at org.junit.jupiter.engine.extension.TimeoutExtension.interceptTestableMethod(TimeoutExtension.java:140)
	at org.junit.jupiter.engine.extension.TimeoutExtension.interceptTestMethod(TimeoutExtension.java:84)
	at org.junit.jupiter.engine.execution.ExecutableInvoker$ReflectiveInterceptorCall.lambda$ofVoidMethod$0(ExecutableInvoker.java:115)
	at org.junit.jupiter.engine.execution.ExecutableInvoker.lambda$invoke$0(ExecutableInvoker.java:105)
	at org.junit.jupiter.engine.execution.InvocationInterceptorChain$InterceptedInvocation.proceed(InvocationInterceptorChain.java:106)
	at org.junit.jupiter.engine.execution.InvocationInterceptorChain.proceed(InvocationInterceptorChain.java:64)
	at org.junit.jupiter.engine.execution.InvocationInterceptorChain.chainAndInvoke(InvocationInterceptorChain.java:45)
	at org.junit.jupiter.engine.execution.InvocationInterceptorChain.invoke(InvocationInterceptorChain.java:37)
	at org.junit.jupiter.engine.execution.ExecutableInvoker.invoke(ExecutableInvoker.java:104)
	at org.junit.jupiter.engine.execution.ExecutableInvoker.invoke(ExecutableInvoker.java:98)
	at org.junit.jupiter.engine.descriptor.TestMethodTestDescriptor.lambda$invokeTestMethod$7(TestMethodTestDescriptor.java:214)
	at org.junit.platform.engine.support.hierarchical.ThrowableCollector.execute(ThrowableCollector.java:73)
	at org.junit.jupiter.engine.descriptor.TestMethodTestDescriptor.invokeTestMethod(TestMethodTestDescriptor.java:210)
	at org.junit.jupiter.engine.descriptor.TestMethodTestDescriptor.execute(TestMethodTestDescriptor.java:135)
	at org.junit.jupiter.engine.descriptor.TestMethodTestDescriptor.execute(TestMethodTestDescriptor.java:66)
	at org.junit.platform.engine.support.hierarchical.NodeTestTask.lambda$executeRecursively$6(NodeTestTask.java:151)
	at org.junit.platform.engine.support.hierarchical.ThrowableCollector.execute(ThrowableCollector.java:73)
	at org.junit.platform.engine.support.hierarchical.NodeTestTask.lambda$executeRecursively$8(NodeTestTask.java:141)
	at org.junit.platform.engine.support.hierarchical.Node.around(Node.java:137)
	at org.junit.platform.engine.support.hierarchical.NodeTestTask.lambda$executeRecursively$9(NodeTestTask.java:139)
	at org.junit.platform.engine.support.hierarchical.ThrowableCollector.execute(ThrowableCollector.java:73)
	at org.junit.platform.engine.support.hierarchical.NodeTestTask.executeRecursively(NodeTestTask.java:138)
	at org.junit.platform.engine.support.hierarchical.NodeTestTask.execute(NodeTestTask.java:95)
	at java.base/java.util.ArrayList.forEach(ArrayList.java:1511)
	at org.junit.platform.engine.support.hierarchical.SameThreadHierarchicalTestExecutorService.invokeAll(SameThreadHierarchicalTestExecutorService.java:41)
	at org.junit.platform.engine.support.hierarchical.NodeTestTask.lambda$executeRecursively$6(NodeTestTask.java:155)
	at org.junit.platform.engine.support.hierarchical.ThrowableCollector.execute(ThrowableCollector.java:73)
	at org.junit.platform.engine.support.hierarchical.NodeTestTask.lambda$executeRecursively$8(NodeTestTask.java:141)
	at org.junit.platform.engine.support.hierarchical.Node.around(Node.java:137)
	at org.junit.platform.engine.support.hierarchical.NodeTestTask.lambda$executeRecursively$9(NodeTestTask.java:139)
	at org.junit.platform.engine.support.hierarchical.ThrowableCollector.execute(ThrowableCollector.java:73)
	at org.junit.platform.engine.support.hierarchical.NodeTestTask.executeRecursively(NodeTestTask.java:138)
	at org.junit.platform.engine.support.hierarchical.NodeTestTask.execute(NodeTestTask.java:95)
	at java.base/java.util.ArrayList.forEach(ArrayList.java:1511)
	at org.junit.platform.engine.support.hierarchical.SameThreadHierarchicalTestExecutorService.invokeAll(SameThreadHierarchicalTestExecutorService.java:41)
	at org.junit.platform.engine.support.hierarchical.NodeTestTask.lambda$executeRecursively$6(NodeTestTask.java:155)
	at org.junit.platform.engine.support.hierarchical.ThrowableCollector.execute(ThrowableCollector.java:73)
	at org.junit.platform.engine.support.hierarchical.NodeTestTask.lambda$executeRecursively$8(NodeTestTask.java:141)
	at org.junit.platform.engine.support.hierarchical.Node.around(Node.java:137)
	at org.junit.platform.engine.support.hierarchical.NodeTestTask.lambda$executeRecursively$9(NodeTestTask.java:139)
	at org.junit.platform.engine.support.hierarchical.ThrowableCollector.execute(ThrowableCollector.java:73)
	at org.junit.platform.engine.support.hierarchical.NodeTestTask.executeRecursively(NodeTestTask.java:138)
	at org.junit.platform.engine.support.hierarchical.NodeTestTask.execute(NodeTestTask.java:95)
	at org.junit.platform.engine.support.hierarchical.SameThreadHierarchicalTestExecutorService.submit(SameThreadHierarchicalTestExecutorService.java:35)
	at org.junit.platform.engine.support.hierarchical.HierarchicalTestExecutor.execute(HierarchicalTestExecutor.java:57)
	at org.junit.platform.engine.support.hierarchical.HierarchicalTestEngine.execute(HierarchicalTestEngine.java:54)
	at org.junit.platform.launcher.core.DefaultLauncher.execute(DefaultLauncher.java:220)
	at org.junit.platform.launcher.core.DefaultLauncher.lambda$execute$6(DefaultLauncher.java:188)
	at org.junit.platform.launcher.core.DefaultLauncher.withInterceptedStreams(DefaultLauncher.java:202)
	at org.junit.platform.launcher.core.DefaultLauncher.execute(DefaultLauncher.java:181)
	at org.junit.platform.launcher.core.DefaultLauncher.execute(DefaultLauncher.java:128)
	at org.apache.maven.surefire.junitplatform.JUnitPlatformProvider.execute(JUnitPlatformProvider.java:188)
	at org.apache.maven.surefire.junitplatform.JUnitPlatformProvider.invokeAllTests(JUnitPlatformProvider.java:154)
	at org.apache.maven.surefire.junitplatform.JUnitPlatformProvider.invoke(JUnitPlatformProvider.java:128)
	at org.apache.maven.surefire.booter.ForkedBooter.runSuitesInProcess(ForkedBooter.java:428)
	at org.apache.maven.surefire.booter.ForkedBooter.execute(ForkedBooter.java:162)
	at org.apache.maven.surefire.booter.ForkedBooter.run(ForkedBooter.java:562)
	at org.apache.maven.surefire.booter.ForkedBooter.main(ForkedBooter.java:548)
]]></error>
  </testcase>
  <testcase name="testEquals" classname="com.udacity.webcrawler.profiler.ProfilerImplTest" time="0.001">
    <error type="java.lang.IllegalArgumentException"><![CDATA[java.lang.IllegalArgumentException: Method is not annotated with @Profiled
	at com.udacity.webcrawler.profiler.ProfilingMethodInterceptor.invoke(ProfilingMethodInterceptor.java:43)
	at com.udacity.webcrawler.profiler.$Proxy9.equals(Unknown Source)
	at com.google.common.truth.Subject.compareForEquality(Subject.java:243)
	at com.google.common.truth.Subject.standardIsEqualTo(Subject.java:173)
	at com.google.common.truth.Subject.isEqualTo(Subject.java:169)
	at com.udacity.webcrawler.profiler.ProfilerImplTest.testEquals(ProfilerImplTest.java:52)
	at java.base/jdk.internal.reflect.DirectMethodHandleAccessor.invoke(DirectMethodHandleAccessor.java:104)
	at java.base/java.lang.reflect.Method.invoke(Method.java:578)
	at org.junit.platform.commons.util.ReflectionUtils.invokeMethod(ReflectionUtils.java:725)
	at org.junit.jupiter.engine.execution.MethodInvocation.proceed(MethodInvocation.java:60)
	at org.junit.jupiter.engine.execution.InvocationInterceptorChain$ValidatingInvocation.proceed(InvocationInterceptorChain.java:131)
	at org.junit.jupiter.engine.extension.TimeoutExtension.intercept(TimeoutExtension.java:149)
	at org.junit.jupiter.engine.extension.TimeoutExtension.interceptTestableMethod(TimeoutExtension.java:140)
	at org.junit.jupiter.engine.extension.TimeoutExtension.interceptTestMethod(TimeoutExtension.java:84)
	at org.junit.jupiter.engine.execution.ExecutableInvoker$ReflectiveInterceptorCall.lambda$ofVoidMethod$0(ExecutableInvoker.java:115)
	at org.junit.jupiter.engine.execution.ExecutableInvoker.lambda$invoke$0(ExecutableInvoker.java:105)
	at org.junit.jupiter.engine.execution.InvocationInterceptorChain$InterceptedInvocation.proceed(InvocationInterceptorChain.java:106)
	at org.junit.jupiter.engine.execution.InvocationInterceptorChain.proceed(InvocationInterceptorChain.java:64)
	at org.junit.jupiter.engine.execution.InvocationInterceptorChain.chainAndInvoke(InvocationInterceptorChain.java:45)
	at org.junit.jupiter.engine.execution.InvocationInterceptorChain.invoke(InvocationInterceptorChain.java:37)
	at org.junit.jupiter.engine.execution.ExecutableInvoker.invoke(ExecutableInvoker.java:104)
	at org.junit.jupiter.engine.execution.ExecutableInvoker.invoke(ExecutableInvoker.java:98)
	at org.junit.jupiter.engine.descriptor.TestMethodTestDescriptor.lambda$invokeTestMethod$7(TestMethodTestDescriptor.java:214)
	at org.junit.platform.engine.support.hierarchical.ThrowableCollector.execute(ThrowableCollector.java:73)
	at org.junit.jupiter.engine.descriptor.TestMethodTestDescriptor.invokeTestMethod(TestMethodTestDescriptor.java:210)
	at org.junit.jupiter.engine.descriptor.TestMethodTestDescriptor.execute(TestMethodTestDescriptor.java:135)
	at org.junit.jupiter.engine.descriptor.TestMethodTestDescriptor.execute(TestMethodTestDescriptor.java:66)
	at org.junit.platform.engine.support.hierarchical.NodeTestTask.lambda$executeRecursively$6(NodeTestTask.java:151)
	at org.junit.platform.engine.support.hierarchical.ThrowableCollector.execute(ThrowableCollector.java:73)
	at org.junit.platform.engine.support.hierarchical.NodeTestTask.lambda$executeRecursively$8(NodeTestTask.java:141)
	at org.junit.platform.engine.support.hierarchical.Node.around(Node.java:137)
	at org.junit.platform.engine.support.hierarchical.NodeTestTask.lambda$executeRecursively$9(NodeTestTask.java:139)
	at org.junit.platform.engine.support.hierarchical.ThrowableCollector.execute(ThrowableCollector.java:73)
	at org.junit.platform.engine.support.hierarchical.NodeTestTask.executeRecursively(NodeTestTask.java:138)
	at org.junit.platform.engine.support.hierarchical.NodeTestTask.execute(NodeTestTask.java:95)
	at java.base/java.util.ArrayList.forEach(ArrayList.java:1511)
	at org.junit.platform.engine.support.hierarchical.SameThreadHierarchicalTestExecutorService.invokeAll(SameThreadHierarchicalTestExecutorService.java:41)
	at org.junit.platform.engine.support.hierarchical.NodeTestTask.lambda$executeRecursively$6(NodeTestTask.java:155)
	at org.junit.platform.engine.support.hierarchical.ThrowableCollector.execute(ThrowableCollector.java:73)
	at org.junit.platform.engine.support.hierarchical.NodeTestTask.lambda$executeRecursively$8(NodeTestTask.java:141)
	at org.junit.platform.engine.support.hierarchical.Node.around(Node.java:137)
	at org.junit.platform.engine.support.hierarchical.NodeTestTask.lambda$executeRecursively$9(NodeTestTask.java:139)
	at org.junit.platform.engine.support.hierarchical.ThrowableCollector.execute(ThrowableCollector.java:73)
	at org.junit.platform.engine.support.hierarchical.NodeTestTask.executeRecursively(NodeTestTask.java:138)
	at org.junit.platform.engine.support.hierarchical.NodeTestTask.execute(NodeTestTask.java:95)
	at java.base/java.util.ArrayList.forEach(ArrayList.java:1511)
	at org.junit.platform.engine.support.hierarchical.SameThreadHierarchicalTestExecutorService.invokeAll(SameThreadHierarchicalTestExecutorService.java:41)
	at org.junit.platform.engine.support.hierarchical.NodeTestTask.lambda$executeRecursively$6(NodeTestTask.java:155)
	at org.junit.platform.engine.support.hierarchical.ThrowableCollector.execute(ThrowableCollector.java:73)
	at org.junit.platform.engine.support.hierarchical.NodeTestTask.lambda$executeRecursively$8(NodeTestTask.java:141)
	at org.junit.platform.engine.support.hierarchical.Node.around(Node.java:137)
	at org.junit.platform.engine.support.hierarchical.NodeTestTask.lambda$executeRecursively$9(NodeTestTask.java:139)
	at org.junit.platform.engine.support.hierarchical.ThrowableCollector.execute(ThrowableCollector.java:73)
	at org.junit.platform.engine.support.hierarchical.NodeTestTask.executeRecursively(NodeTestTask.java:138)
	at org.junit.platform.engine.support.hierarchical.NodeTestTask.execute(NodeTestTask.java:95)
	at org.junit.platform.engine.support.hierarchical.SameThreadHierarchicalTestExecutorService.submit(SameThreadHierarchicalTestExecutorService.java:35)
	at org.junit.platform.engine.support.hierarchical.HierarchicalTestExecutor.execute(HierarchicalTestExecutor.java:57)
	at org.junit.platform.engine.support.hierarchical.HierarchicalTestEngine.execute(HierarchicalTestEngine.java:54)
	at org.junit.platform.launcher.core.DefaultLauncher.execute(DefaultLauncher.java:220)
	at org.junit.platform.launcher.core.DefaultLauncher.lambda$execute$6(DefaultLauncher.java:188)
	at org.junit.platform.launcher.core.DefaultLauncher.withInterceptedStreams(DefaultLauncher.java:202)
	at org.junit.platform.launcher.core.DefaultLauncher.execute(DefaultLauncher.java:181)
	at org.junit.platform.launcher.core.DefaultLauncher.execute(DefaultLauncher.java:128)
	at org.apache.maven.surefire.junitplatform.JUnitPlatformProvider.execute(JUnitPlatformProvider.java:188)
	at org.apache.maven.surefire.junitplatform.JUnitPlatformProvider.invokeAllTests(JUnitPlatformProvider.java:154)
	at org.apache.maven.surefire.junitplatform.JUnitPlatformProvider.invoke(JUnitPlatformProvider.java:128)
	at org.apache.maven.surefire.booter.ForkedBooter.runSuitesInProcess(ForkedBooter.java:428)
	at org.apache.maven.surefire.booter.ForkedBooter.execute(ForkedBooter.java:162)
	at org.apache.maven.surefire.booter.ForkedBooter.run(ForkedBooter.java:562)
	at org.apache.maven.surefire.booter.ForkedBooter.main(ForkedBooter.java:548)
]]></error>
  </testcase>
</testsuite>