<?xml version="1.0" encoding="UTF-8"?>
<testsuite xmlns:xsi="http://www.w3.org/2001/XMLSchema-instance" xsi:noNamespaceSchemaLocation="https://maven.apache.org/surefire/maven-surefire-plugin/xsd/surefire-test-report-3.0.xsd" version="3.0" name="com.udacity.webcrawler.WebCrawlerTest" time="0.288" tests="22" errors="0" skipped="0" failures="0">
  <properties>
[...]
</properties>
  <testcase name="testParallelParallelism" classname="com.udacity.webcrawler.WebCrawlerTest" time="0.013"/>
  <testcase name="testBasicCrawl(Class)[1]" classname="com.udacity.webcrawler.WebCrawlerTest" time="0.04">
    <system-out><![CDATA[10 maxDepth
[] visitedUrls
9 maxDepth
[file:///C:/Users/Monica%20Kumaran/Documents/Projects/parallel-web-crawler/src/test/data/test-page.html] visitedUrls
8 maxDepth
[file:///C:/Users/Monica%20Kumaran/Documents/Projects/parallel-web-crawler/src/test/data/test-page.html, file:///C:/Users/Monica%20Kumaran/Documents/Projects/parallel-web-crawler/src/test/data/link-1.html] visitedUrls
]]></system-out>
  </testcase>
  <testcase name="testBasicCrawl(Class)[2]" classname="com.udacity.webcrawler.WebCrawlerTest" time="0.014">
    <system-out><![CDATA[10 Max depth
9 Max depth
8 Max depth
]]></system-out>
  </testcase>
  <testcase name="zeroMaxDepth(Class)[1]" classname="com.udacity.webcrawler.WebCrawlerTest" time="0.008"/>
  <testcase name="zeroMaxDepth(Class)[2]" classname="com.udacity.webcrawler.WebCrawlerTest" time="0.007"/>
  <testcase name="respectsMaxDepth(Class)[1]" classname="com.udacity.webcrawler.WebCrawlerTest" time="0.009">
    <system-out><![CDATA[1 maxDepth
[] visitedUrls
]]></system-out>
  </testcase>
  <testcase name="respectsMaxDepth(Class)[2]" classname="com.udacity.webcrawler.WebCrawlerTest" time="0.012">
    <system-out><![CDATA[1 Max depth
]]></system-out>
  </testcase>
  <testcase name="testOverrideToParallel" classname="com.udacity.webcrawler.WebCrawlerTest" time="0.006"/>
  <testcase name="testSequentialParallelism" classname="com.udacity.webcrawler.WebCrawlerTest" time="0.005"/>
  <testcase name="noStartPages(Class)[1]" classname="com.udacity.webcrawler.WebCrawlerTest" time="0.007"/>
  <testcase name="noStartPages(Class)[2]" classname="com.udacity.webcrawler.WebCrawlerTest" time="0.006"/>
  <testcase name="pageNotFoundStillCountsAsVisited(Class)[1]" classname="com.udacity.webcrawler.WebCrawlerTest" time="0.009">
    <system-out><![CDATA[10 maxDepth
[] visitedUrls
9 maxDepth
[file:///C:/Users/Monica%20Kumaran/Documents/Projects/parallel-web-crawler/src/test/data/link-1.html] visitedUrls
]]></system-out>
  </testcase>
  <testcase name="pageNotFoundStillCountsAsVisited(Class)[2]" classname="com.udacity.webcrawler.WebCrawlerTest" time="0.011">
    <system-out><![CDATA[10 Max depth
9 Max depth
]]></system-out>
  </testcase>
  <testcase name="respectsIgnoredUrls(Class)[1]" classname="com.udacity.webcrawler.WebCrawlerTest" time="0.009">
    <system-out><![CDATA[10 maxDepth
[] visitedUrls
9 maxDepth
[file:///C:/Users/Monica%20Kumaran/Documents/Projects/parallel-web-crawler/src/test/data/test-page.html] visitedUrls
8 maxDepth
[file:///C:/Users/Monica%20Kumaran/Documents/Projects/parallel-web-crawler/src/test/data/test-page.html, file:///C:/Users/Monica%20Kumaran/Documents/Projects/parallel-web-crawler/src/test/data/link-1.html] visitedUrls
10 maxDepth
[file:///C:/Users/Monica%20Kumaran/Documents/Projects/parallel-web-crawler/src/test/data/test-page.html, file:///C:/Users/Monica%20Kumaran/Documents/Projects/parallel-web-crawler/src/test/data/link-1.html] visitedUrls
]]></system-out>
  </testcase>
  <testcase name="respectsIgnoredUrls(Class)[2]" classname="com.udacity.webcrawler.WebCrawlerTest" time="0.009">
    <system-out><![CDATA[10 Max depth
9 Max depth
8 Max depth
10 Max depth
]]></system-out>
  </testcase>
  <testcase name="respectsIgnoredWords(Class)[1]" classname="com.udacity.webcrawler.WebCrawlerTest" time="0.009">
    <system-out><![CDATA[10 maxDepth
[] visitedUrls
9 maxDepth
[file:///C:/Users/Monica%20Kumaran/Documents/Projects/parallel-web-crawler/src/test/data/test-page.html] visitedUrls
8 maxDepth
[file:///C:/Users/Monica%20Kumaran/Documents/Projects/parallel-web-crawler/src/test/data/test-page.html, file:///C:/Users/Monica%20Kumaran/Documents/Projects/parallel-web-crawler/src/test/data/link-1.html] visitedUrls
]]></system-out>
  </testcase>
  <testcase name="respectsIgnoredWords(Class)[2]" classname="com.udacity.webcrawler.WebCrawlerTest" time="0.012">
    <system-out><![CDATA[10 Max depth
9 Max depth
8 Max depth
]]></system-out>
  </testcase>
  <testcase name="multipleStartingUrls(Class)[1]" classname="com.udacity.webcrawler.WebCrawlerTest" time="0.013">
    <system-out><![CDATA[10 maxDepth
[] visitedUrls
9 maxDepth
[file:///C:/Users/Monica%20Kumaran/Documents/Projects/parallel-web-crawler/src/test/data/test-page.html] visitedUrls
8 maxDepth
[file:///C:/Users/Monica%20Kumaran/Documents/Projects/parallel-web-crawler/src/test/data/test-page.html, file:///C:/Users/Monica%20Kumaran/Documents/Projects/parallel-web-crawler/src/test/data/link-1.html] visitedUrls
10 maxDepth
[file:///C:/Users/Monica%20Kumaran/Documents/Projects/parallel-web-crawler/src/test/data/test-page.html, file:///C:/Users/Monica%20Kumaran/Documents/Projects/parallel-web-crawler/src/test/data/dead-end.html, file:///C:/Users/Monica%20Kumaran/Documents/Projects/parallel-web-crawler/src/test/data/link-1.html] visitedUrls
10 maxDepth
[file:///C:/Users/Monica%20Kumaran/Documents/Projects/parallel-web-crawler/src/test/data/test-page.html, file:///C:/Users/Monica%20Kumaran/Documents/Projects/parallel-web-crawler/src/test/data/dead-end.html, file:///C:/Users/Monica%20Kumaran/Documents/Projects/parallel-web-crawler/src/test/data/link-1.html] visitedUrls
9 maxDepth
[file:///C:/Users/Monica%20Kumaran/Documents/Projects/parallel-web-crawler/src/test/data/test-page.html, file:///C:/Users/Monica%20Kumaran/Documents/Projects/parallel-web-crawler/src/test/data/dead-end.html, file:///C:/Users/Monica%20Kumaran/Documents/Projects/parallel-web-crawler/src/test/data/infinite-loop.html, file:///C:/Users/Monica%20Kumaran/Documents/Projects/parallel-web-crawler/src/test/data/link-1.html] visitedUrls
8 maxDepth
[file:///C:/Users/Monica%20Kumaran/Documents/Projects/parallel-web-crawler/src/test/data/test-page.html, file:///C:/Users/Monica%20Kumaran/Documents/Projects/parallel-web-crawler/src/test/data/dead-end.html, file:///C:/Users/Monica%20Kumaran/Documents/Projects/parallel-web-crawler/src/test/data/infinite-loop-2.html, file:///C:/Users/Monica%20Kumaran/Documents/Projects/parallel-web-crawler/src/test/data/infinite-loop.html, file:///C:/Users/Monica%20Kumaran/Documents/Projects/parallel-web-crawler/src/test/data/link-1.html] visitedUrls
]]></system-out>
  </testcase>
  <testcase name="multipleStartingUrls(Class)[2]" classname="com.udacity.webcrawler.WebCrawlerTest" time="0.016">
    <system-out><![CDATA[10 Max depth
9 Max depth
8 Max depth
10 Max depth
10 Max depth
9 Max depth
8 Max depth
]]></system-out>
  </testcase>
  <testcase name="infiniteLoop(Class)[1]" classname="com.udacity.webcrawler.WebCrawlerTest" time="0.009">
    <system-out><![CDATA[10 maxDepth
[] visitedUrls
9 maxDepth
[file:///C:/Users/Monica%20Kumaran/Documents/Projects/parallel-web-crawler/src/test/data/infinite-loop.html] visitedUrls
8 maxDepth
[file:///C:/Users/Monica%20Kumaran/Documents/Projects/parallel-web-crawler/src/test/data/infinite-loop-2.html, file:///C:/Users/Monica%20Kumaran/Documents/Projects/parallel-web-crawler/src/test/data/infinite-loop.html] visitedUrls
]]></system-out>
  </testcase>
  <testcase name="infiniteLoop(Class)[2]" classname="com.udacity.webcrawler.WebCrawlerTest" time="0.011">
    <system-out><![CDATA[10 Max depth
9 Max depth
8 Max depth
]]></system-out>
  </testcase>
  <testcase name="testOverrideToSequential" classname="com.udacity.webcrawler.WebCrawlerTest" time="0.008"/>
</testsuite>